[0.029s] Invoking command in '/workspaces/isaac_ros-dev/src/ros2_ws/build/tracking_robot_pkg': AMENT_PREFIX_PATH=/workspaces/isaac_ros-dev/src/ros2_ws/install/custom_interfaces:${AMENT_PREFIX_PATH} CMAKE_PREFIX_PATH=/workspaces/isaac_ros-dev/src/ros2_ws/install/custom_interfaces:/usr/local/libcudss-linux-0.3.0.9_cuda12-archive:/opt/ros/humble LD_LIBRARY_PATH=/workspaces/isaac_ros-dev/src/ros2_ws/install/custom_interfaces/lib:${LD_LIBRARY_PATH} PYTHONPATH=/workspaces/isaac_ros-dev/src/ros2_ws/install/custom_interfaces/local/lib/python3.10/dist-packages:${PYTHONPATH} /usr/bin/cmake --build /workspaces/isaac_ros-dev/src/ros2_ws/build/tracking_robot_pkg -- -j6 -l6
[0.146s] [35m[1mConsolidate compiler generated dependencies of target tracking_robot_client[0m
[0.151s] [35m[1mConsolidate compiler generated dependencies of target tracking_robot_server[0m
[0.247s] [ 75%] [32mBuilding CXX object CMakeFiles/tracking_robot_server.dir/src/tracking_robot_server.cpp.o[0m
[0.248s] [ 75%] Built target tracking_robot_client
[6.933s] [01m[K/workspaces/isaac_ros-dev/src/ros2_ws/src/tracking_robot_pkg/src/tracking_robot_server.cpp:23:1:[m[K [01;31m[Kerror: [m[Kâ€˜[01m[KREALSENSE_MIDPT_X[m[Kâ€™ does not name a type
[6.934s]    23 | [01;31m[KREALSENSE_MIDPT_X[m[K 320;
[6.934s]       | [01;31m[K^~~~~~~~~~~~~~~~~[m[K
[6.939s] [01m[K/workspaces/isaac_ros-dev/src/ros2_ws/src/tracking_robot_pkg/src/tracking_robot_server.cpp:24:1:[m[K [01;31m[Kerror: [m[Kâ€˜[01m[KREALSENSE_MIDPT_Y[m[Kâ€™ does not name a type
[6.939s]    24 | [01;31m[KREALSENSE_MIDPT_Y[m[K 240;
[6.940s]       | [01;31m[K^~~~~~~~~~~~~~~~~[m[K
[7.361s] [01m[K/workspaces/isaac_ros-dev/src/ros2_ws/src/tracking_robot_pkg/src/tracking_robot_server.cpp:[m[K In member function â€˜[01m[Kvoid TrackingRobotActionServer::execute(std::shared_ptr<rclcpp_action::ServerGoalHandle<custom_interfaces::action::TrackingRobot> >)[m[Kâ€™:
[7.361s] [01m[K/workspaces/isaac_ros-dev/src/ros2_ws/src/tracking_robot_pkg/src/tracking_robot_server.cpp:234:37:[m[K [01;31m[Kerror: [m[Kâ€˜[01m[KREALSENSE_MIDPT_X[m[Kâ€™ was not declared in this scope
[7.361s]   234 |                 if (bbox_center_x < [01;31m[KREALSENSE_MIDPT_X[m[K + 30  && bbox_center_x > REALSENSE_MIDPT_X - 30 &&
[7.362s]       |                                     [01;31m[K^~~~~~~~~~~~~~~~~[m[K
[7.385s] [01m[K/workspaces/isaac_ros-dev/src/ros2_ws/src/tracking_robot_pkg/src/tracking_robot_server.cpp:235:37:[m[K [01;31m[Kerror: [m[Kâ€˜[01m[KREALSENSE_MIDPT_Y[m[Kâ€™ was not declared in this scope
[7.385s]   235 |                     bbox_center_y < [01;31m[KREALSENSE_MIDPT_Y[m[K + 30 && bbox_center_y > REALSENSE_MIDPT_Y - 30){
[7.385s]       |                                     [01;31m[K^~~~~~~~~~~~~~~~~[m[K
[14.282s] gmake[2]: *** [CMakeFiles/tracking_robot_server.dir/build.make:76: CMakeFiles/tracking_robot_server.dir/src/tracking_robot_server.cpp.o] Error 1
[14.282s] gmake[1]: *** [CMakeFiles/Makefile2:165: CMakeFiles/tracking_robot_server.dir/all] Error 2
[14.283s] gmake: *** [Makefile:146: all] Error 2
[14.289s] Invoked command in '/workspaces/isaac_ros-dev/src/ros2_ws/build/tracking_robot_pkg' returned '2': AMENT_PREFIX_PATH=/workspaces/isaac_ros-dev/src/ros2_ws/install/custom_interfaces:${AMENT_PREFIX_PATH} CMAKE_PREFIX_PATH=/workspaces/isaac_ros-dev/src/ros2_ws/install/custom_interfaces:/usr/local/libcudss-linux-0.3.0.9_cuda12-archive:/opt/ros/humble LD_LIBRARY_PATH=/workspaces/isaac_ros-dev/src/ros2_ws/install/custom_interfaces/lib:${LD_LIBRARY_PATH} PYTHONPATH=/workspaces/isaac_ros-dev/src/ros2_ws/install/custom_interfaces/local/lib/python3.10/dist-packages:${PYTHONPATH} /usr/bin/cmake --build /workspaces/isaac_ros-dev/src/ros2_ws/build/tracking_robot_pkg -- -j6 -l6
