[0.000000] (-) TimerEvent: {}
[0.000261] (topic_publisher_pkg) JobQueued: {'identifier': 'topic_publisher_pkg', 'dependencies': OrderedDict()}
[0.000292] (topic_publisher_pkg) JobStarted: {'identifier': 'topic_publisher_pkg'}
[0.003595] (topic_publisher_pkg) JobProgress: {'identifier': 'topic_publisher_pkg', 'progress': 'cmake'}
[0.003876] (topic_publisher_pkg) JobProgress: {'identifier': 'topic_publisher_pkg', 'progress': 'build'}
[0.004247] (topic_publisher_pkg) Command: {'cmd': ['/usr/bin/cmake', '--build', '/home/sebastian/ros2_ws/build/topic_publisher_pkg', '--', '-j20', '-l20'], 'cwd': '/home/sebastian/ros2_ws/build/topic_publisher_pkg', 'env': OrderedDict([('LESSOPEN', '| /usr/bin/lesspipe %s'), ('USER', 'sebastian'), ('XDG_SESSION_TYPE', 'wayland'), ('SHLVL', '1'), ('LD_LIBRARY_PATH', '/opt/ros/humble/opt/rviz_ogre_vendor/lib:/opt/ros/humble/lib/x86_64-linux-gnu:/opt/ros/humble/lib'), ('HOME', '/home/sebastian'), ('OLDPWD', '/home/sebastian/ros2_ws/src/topic_publisher_pkg/src'), ('DESKTOP_SESSION', 'ubuntu'), ('ROS_PYTHON_VERSION', '3'), ('GNOME_SHELL_SESSION_MODE', 'ubuntu'), ('GTK_MODULES', 'gail:atk-bridge'), ('SYSTEMD_EXEC_PID', '2057'), ('DBUS_SESSION_BUS_ADDRESS', 'unix:path=/run/user/1000/bus'), ('COLORTERM', 'truecolor'), ('IM_CONFIG_PHASE', '1'), ('WAYLAND_DISPLAY', 'wayland-0'), ('ROS_DISTRO', 'humble'), ('LOGNAME', 'sebastian'), ('_', '/usr/bin/colcon'), ('ROS_VERSION', '2'), ('XDG_SESSION_CLASS', 'user'), ('USERNAME', 'sebastian'), ('TERM', 'xterm-256color'), ('GNOME_DESKTOP_SESSION_ID', 'this-is-deprecated'), ('ROS_LOCALHOST_ONLY', '1'), ('PATH', '/opt/ros/humble/bin:/home/sebastian/.local/bin:/usr/local/sbin:/usr/local/bin:/usr/sbin:/usr/bin:/sbin:/bin:/usr/games:/usr/local/games:/snap/bin:/snap/bin'), ('SESSION_MANAGER', 'local/ubuntu:@/tmp/.ICE-unix/2026,unix/ubuntu:/tmp/.ICE-unix/2026'), ('XDG_MENU_PREFIX', 'gnome-'), ('GNOME_TERMINAL_SCREEN', '/org/gnome/Terminal/screen/fd4143d7_d3a9_46fa_ba4b_5c922b928faf'), ('GNOME_SETUP_DISPLAY', ':1'), ('XDG_RUNTIME_DIR', '/run/user/1000'), ('DISPLAY', ':0'), ('LANG', 'en_US.UTF-8'), ('XDG_CURRENT_DESKTOP', 'ubuntu:GNOME'), ('XMODIFIERS', '@im=ibus'), ('XDG_SESSION_DESKTOP', 'ubuntu'), ('XAUTHORITY', '/run/user/1000/.mutter-Xwaylandauth.1DT122'), ('LS_COLORS', 'rs=0:di=01;34:ln=01;36:mh=00:pi=40;33:so=01;35:do=01;35:bd=40;33;01:cd=40;33;01:or=40;31;01:mi=00:su=37;41:sg=30;43:ca=30;41:tw=30;42:ow=34;42:st=37;44:ex=01;32:*.tar=01;31:*.tgz=01;31:*.arc=01;31:*.arj=01;31:*.taz=01;31:*.lha=01;31:*.lz4=01;31:*.lzh=01;31:*.lzma=01;31:*.tlz=01;31:*.txz=01;31:*.tzo=01;31:*.t7z=01;31:*.zip=01;31:*.z=01;31:*.dz=01;31:*.gz=01;31:*.lrz=01;31:*.lz=01;31:*.lzo=01;31:*.xz=01;31:*.zst=01;31:*.tzst=01;31:*.bz2=01;31:*.bz=01;31:*.tbz=01;31:*.tbz2=01;31:*.tz=01;31:*.deb=01;31:*.rpm=01;31:*.jar=01;31:*.war=01;31:*.ear=01;31:*.sar=01;31:*.rar=01;31:*.alz=01;31:*.ace=01;31:*.zoo=01;31:*.cpio=01;31:*.7z=01;31:*.rz=01;31:*.cab=01;31:*.wim=01;31:*.swm=01;31:*.dwm=01;31:*.esd=01;31:*.jpg=01;35:*.jpeg=01;35:*.mjpg=01;35:*.mjpeg=01;35:*.gif=01;35:*.bmp=01;35:*.pbm=01;35:*.pgm=01;35:*.ppm=01;35:*.tga=01;35:*.xbm=01;35:*.xpm=01;35:*.tif=01;35:*.tiff=01;35:*.png=01;35:*.svg=01;35:*.svgz=01;35:*.mng=01;35:*.pcx=01;35:*.mov=01;35:*.mpg=01;35:*.mpeg=01;35:*.m2v=01;35:*.mkv=01;35:*.webm=01;35:*.webp=01;35:*.ogm=01;35:*.mp4=01;35:*.m4v=01;35:*.mp4v=01;35:*.vob=01;35:*.qt=01;35:*.nuv=01;35:*.wmv=01;35:*.asf=01;35:*.rm=01;35:*.rmvb=01;35:*.flc=01;35:*.avi=01;35:*.fli=01;35:*.flv=01;35:*.gl=01;35:*.dl=01;35:*.xcf=01;35:*.xwd=01;35:*.yuv=01;35:*.cgm=01;35:*.emf=01;35:*.ogv=01;35:*.ogx=01;35:*.aac=00;36:*.au=00;36:*.flac=00;36:*.m4a=00;36:*.mid=00;36:*.midi=00;36:*.mka=00;36:*.mp3=00;36:*.mpc=00;36:*.ogg=00;36:*.ra=00;36:*.wav=00;36:*.oga=00;36:*.opus=00;36:*.spx=00;36:*.xspf=00;36:'), ('GNOME_TERMINAL_SERVICE', ':1.100'), ('SSH_AGENT_LAUNCHER', 'gnome-keyring'), ('SSH_AUTH_SOCK', '/run/user/1000/keyring/ssh'), ('AMENT_PREFIX_PATH', '/opt/ros/humble'), ('SHELL', '/bin/bash'), ('QT_ACCESSIBILITY', '1'), ('GDMSESSION', 'ubuntu'), ('LESSCLOSE', '/usr/bin/lesspipe %s %s'), ('QT_IM_MODULE', 'ibus'), ('PWD', '/home/sebastian/ros2_ws/build/topic_publisher_pkg'), ('LC_ALL', 'en_US.UTF-8'), ('XDG_CONFIG_DIRS', '/etc/xdg/xdg-ubuntu:/etc/xdg'), ('XDG_DATA_DIRS', '/usr/share/ubuntu:/usr/local/share/:/usr/share/:/var/lib/snapd/desktop'), ('PYTHONPATH', '/opt/ros/humble/lib/python3.10/site-packages:/opt/ros/humble/local/lib/python3.10/dist-packages'), ('COLCON', '1'), ('VTE_VERSION', '6800'), ('CMAKE_PREFIX_PATH', '/opt/ros/humble')]), 'shell': False}
[0.033282] (topic_publisher_pkg) StdoutLine: {'line': b'\x1b[35m\x1b[1mConsolidate compiler generated dependencies of target simple_subscriber\x1b[0m\n'}
[0.033455] (topic_publisher_pkg) StdoutLine: {'line': b'\x1b[35m\x1b[1mConsolidate compiler generated dependencies of target simple_publisher\x1b[0m\n'}
[0.040949] (topic_publisher_pkg) StdoutLine: {'line': b'[ 12%] \x1b[32mBuilding CXX object CMakeFiles/simple_publisher.dir/src/simple_publisher.cpp.o\x1b[0m\n'}
[0.042256] (topic_publisher_pkg) StdoutLine: {'line': b'[ 25%] \x1b[32mBuilding CXX object CMakeFiles/simple_subscriber.dir/src/simple_subscriber.cpp.o\x1b[0m\n'}
[0.042838] (topic_publisher_pkg) StdoutLine: {'line': b'[ 50%] Built target simple_publisher_node\n'}
[0.044581] (topic_publisher_pkg) StdoutLine: {'line': b'[ 75%] Built target move_robot\n'}
[0.099737] (-) TimerEvent: {}
[0.200007] (-) TimerEvent: {}
[0.300299] (-) TimerEvent: {}
[0.400578] (-) TimerEvent: {}
[0.500861] (-) TimerEvent: {}
[0.601152] (-) TimerEvent: {}
[0.701449] (-) TimerEvent: {}
[0.801740] (-) TimerEvent: {}
[0.902035] (-) TimerEvent: {}
[1.002342] (-) TimerEvent: {}
[1.102643] (-) TimerEvent: {}
[1.120780] (topic_publisher_pkg) StderrLine: {'line': b'\x1b[01m\x1b[K/home/sebastian/ros2_ws/src/topic_publisher_pkg/src/simple_subscriber.cpp:9:3:\x1b[m\x1b[K \x1b[01;31m\x1b[Kerror: \x1b[m\x1b[KISO C++ forbids declaration of \xe2\x80\x98\x1b[01m\x1b[KSimpleSubscriber\x1b[m\x1b[K\xe2\x80\x99 with no type [\x1b[01;31m\x1b[K\x1b]8;;https://gcc.gnu.org/onlinedocs/gcc/Warning-Options.html#index-fpermissive\x07-fpermissive\x1b]8;;\x07\x1b[m\x1b[K]\n'}
[1.120910] (topic_publisher_pkg) StderrLine: {'line': b'    9 |   \x1b[01;31m\x1b[KSimpleSubscriber\x1b[m\x1b[K()\n'}
[1.120942] (topic_publisher_pkg) StderrLine: {'line': b'      |   \x1b[01;31m\x1b[K^~~~~~~~~~~~~~~~\x1b[m\x1b[K\n'}
[1.141606] (topic_publisher_pkg) StderrLine: {'line': b'\x1b[01m\x1b[K/home/sebastian/ros2_ws/src/topic_publisher_pkg/src/simple_subscriber.cpp:\x1b[m\x1b[K In member function \xe2\x80\x98\x1b[01m\x1b[Kint SimplePublisher::SimpleSubscriber()\x1b[m\x1b[K\xe2\x80\x99:\n'}
[1.141728] (topic_publisher_pkg) StderrLine: {'line': b'\x1b[01m\x1b[K/home/sebastian/ros2_ws/src/topic_publisher_pkg/src/simple_subscriber.cpp:10:5:\x1b[m\x1b[K \x1b[01;31m\x1b[Kerror: \x1b[m\x1b[Konly constructors take member initializers\n'}
[1.141760] (topic_publisher_pkg) StderrLine: {'line': b'   10 |   : \x1b[01;31m\x1b[KNode\x1b[m\x1b[K("simple_subscriber")\n'}
[1.141786] (topic_publisher_pkg) StderrLine: {'line': b'      |     \x1b[01;31m\x1b[K^~~~\x1b[m\x1b[K\n'}
[1.141810] (topic_publisher_pkg) StderrLine: {'line': b'\x1b[01m\x1b[K/home/sebastian/ros2_ws/src/topic_publisher_pkg/src/simple_subscriber.cpp:13:32:\x1b[m\x1b[K \x1b[01;31m\x1b[Kerror: \x1b[m\x1b[K\xe2\x80\x98\x1b[01m\x1b[KSimpleSubscriber\x1b[m\x1b[K\xe2\x80\x99 is not a class, namespace, or enumeration\n'}
[1.141834] (topic_publisher_pkg) StderrLine: {'line': b'   13 |      "counter", 10, std::bind(&\x1b[01;31m\x1b[KSimpleSubscriber\x1b[m\x1b[K::topic_callback, this, _1));\n'}
[1.141855] (topic_publisher_pkg) StderrLine: {'line': b'      |                                \x1b[01;31m\x1b[K^~~~~~~~~~~~~~~~\x1b[m\x1b[K\n'}
[1.141875] (topic_publisher_pkg) StderrLine: {'line': b'\x1b[01m\x1b[K/home/sebastian/ros2_ws/src/topic_publisher_pkg/src/simple_subscriber.cpp:14:3:\x1b[m\x1b[K \x1b[01;35m\x1b[Kwarning: \x1b[m\x1b[Kno return statement in function returning non-void [\x1b[01;35m\x1b[K\x1b]8;;https://gcc.gnu.org/onlinedocs/gcc/Warning-Options.html#index-Wreturn-type\x07-Wreturn-type\x1b]8;;\x07\x1b[m\x1b[K]\n'}
[1.141897] (topic_publisher_pkg) StderrLine: {'line': b'   14 |   \x1b[01;35m\x1b[K}\x1b[m\x1b[K\n'}
[1.141924] (topic_publisher_pkg) StderrLine: {'line': b'      |   \x1b[01;35m\x1b[K^\x1b[m\x1b[K\n'}
[1.145984] (topic_publisher_pkg) StderrLine: {'line': b'\x1b[01m\x1b[K/home/sebastian/ros2_ws/src/topic_publisher_pkg/src/simple_subscriber.cpp:\x1b[m\x1b[K In function \xe2\x80\x98\x1b[01m\x1b[Kint main(int, char**)\x1b[m\x1b[K\xe2\x80\x99:\n'}
[1.146052] (topic_publisher_pkg) StderrLine: {'line': b'\x1b[01m\x1b[K/home/sebastian/ros2_ws/src/topic_publisher_pkg/src/simple_subscriber.cpp:27:33:\x1b[m\x1b[K \x1b[01;31m\x1b[Kerror: \x1b[m\x1b[K\xe2\x80\x98\x1b[01m\x1b[KSimpleSubscriber\x1b[m\x1b[K\xe2\x80\x99 was not declared in this scope\n'}
[1.146080] (topic_publisher_pkg) StderrLine: {'line': b'   27 |   rclcpp::spin(std::make_shared<\x1b[01;31m\x1b[KSimpleSubscriber\x1b[m\x1b[K>());\n'}
[1.146112] (topic_publisher_pkg) StderrLine: {'line': b'      |                                 \x1b[01;31m\x1b[K^~~~~~~~~~~~~~~~\x1b[m\x1b[K\n'}
[1.146135] (topic_publisher_pkg) StderrLine: {'line': b'\x1b[01m\x1b[K/home/sebastian/ros2_ws/src/topic_publisher_pkg/src/simple_subscriber.cpp:27:50:\x1b[m\x1b[K \x1b[01;31m\x1b[Kerror: \x1b[m\x1b[Kno matching function for call to \xe2\x80\x98\x1b[01m\x1b[Kmake_shared<<expression error> >()\x1b[m\x1b[K\xe2\x80\x99\n'}
[1.146157] (topic_publisher_pkg) StderrLine: {'line': b'   27 |   rclcpp::spin(\x1b[01;31m\x1b[Kstd::make_shared<SimpleSubscriber>()\x1b[m\x1b[K);\n'}
[1.146179] (topic_publisher_pkg) StderrLine: {'line': b'      |                \x1b[01;31m\x1b[K~~~~~~~~~~~~~~~~~~~~~~~~~~~~~~~~~~^~\x1b[m\x1b[K\n'}
[1.146201] (topic_publisher_pkg) StderrLine: {'line': b'In file included from \x1b[01m\x1b[K/usr/include/c++/11/memory:77\x1b[m\x1b[K,\n'}
[1.146224] (topic_publisher_pkg) StderrLine: {'line': b'                 from \x1b[01m\x1b[K/opt/ros/humble/include/rclcpp/rclcpp/rclcpp.hpp:153\x1b[m\x1b[K,\n'}
[1.146245] (topic_publisher_pkg) StderrLine: {'line': b'                 from \x1b[01m\x1b[K/home/sebastian/ros2_ws/src/topic_publisher_pkg/src/simple_subscriber.cpp:1\x1b[m\x1b[K:\n'}
[1.146266] (topic_publisher_pkg) StderrLine: {'line': b'\x1b[01m\x1b[K/usr/include/c++/11/bits/shared_ptr.h:875:5:\x1b[m\x1b[K \x1b[01;36m\x1b[Knote: \x1b[m\x1b[Kcandidate: \xe2\x80\x98\x1b[01m\x1b[Ktemplate<class _Tp, class ... _Args> std::shared_ptr<_Tp> std::make_shared(_Args&& ...)\x1b[m\x1b[K\xe2\x80\x99\n'}
[1.146287] (topic_publisher_pkg) StderrLine: {'line': b'  875 |     \x1b[01;36m\x1b[Kmake_shared\x1b[m\x1b[K(_Args&&... __args)\n'}
[1.146307] (topic_publisher_pkg) StderrLine: {'line': b'      |     \x1b[01;36m\x1b[K^~~~~~~~~~~\x1b[m\x1b[K\n'}
[1.146326] (topic_publisher_pkg) StderrLine: {'line': b'\x1b[01m\x1b[K/usr/include/c++/11/bits/shared_ptr.h:875:5:\x1b[m\x1b[K \x1b[01;36m\x1b[Knote: \x1b[m\x1b[K  template argument deduction/substitution failed:\n'}
[1.146345] (topic_publisher_pkg) StderrLine: {'line': b'\x1b[01m\x1b[K/home/sebastian/ros2_ws/src/topic_publisher_pkg/src/simple_subscriber.cpp:27:50:\x1b[m\x1b[K \x1b[01;31m\x1b[Kerror: \x1b[m\x1b[Ktemplate argument 1 is invalid\n'}
[1.146371] (topic_publisher_pkg) StderrLine: {'line': b'   27 |   rclcpp::spin(\x1b[01;31m\x1b[Kstd::make_shared<SimpleSubscriber>()\x1b[m\x1b[K);\n'}
[1.146390] (topic_publisher_pkg) StderrLine: {'line': b'      |                \x1b[01;31m\x1b[K~~~~~~~~~~~~~~~~~~~~~~~~~~~~~~~~~~^~\x1b[m\x1b[K\n'}
[1.202809] (-) TimerEvent: {}
[1.303102] (-) TimerEvent: {}
[1.351738] (topic_publisher_pkg) StderrLine: {'line': b'gmake[2]: *** [CMakeFiles/simple_subscriber.dir/build.make:76: CMakeFiles/simple_subscriber.dir/src/simple_subscriber.cpp.o] Error 1\n'}
[1.351997] (topic_publisher_pkg) StderrLine: {'line': b'gmake[1]: *** [CMakeFiles/Makefile2:221: CMakeFiles/simple_subscriber.dir/all] Error 2\n'}
[1.352055] (topic_publisher_pkg) StderrLine: {'line': b'gmake[1]: *** Waiting for unfinished jobs....\n'}
[1.403296] (-) TimerEvent: {}
[1.503584] (-) TimerEvent: {}
[1.603864] (-) TimerEvent: {}
[1.704145] (-) TimerEvent: {}
[1.804425] (-) TimerEvent: {}
[1.904697] (-) TimerEvent: {}
[2.004974] (-) TimerEvent: {}
[2.105256] (-) TimerEvent: {}
[2.106499] (topic_publisher_pkg) StdoutLine: {'line': b'[ 87%] \x1b[32m\x1b[1mLinking CXX executable simple_publisher\x1b[0m\n'}
[2.205423] (-) TimerEvent: {}
[2.236909] (topic_publisher_pkg) StdoutLine: {'line': b'[ 87%] Built target simple_publisher\n'}
[2.237736] (topic_publisher_pkg) StderrLine: {'line': b'gmake: *** [Makefile:146: all] Error 2\n'}
[2.239561] (topic_publisher_pkg) CommandEnded: {'returncode': 2}
[2.249393] (topic_publisher_pkg) JobEnded: {'identifier': 'topic_publisher_pkg', 'rc': 2}
[2.260136] (-) EventReactorShutdown: {}
