[0.023s] Invoking command in '/workspaces/isaac_ros-dev/src/ros2_ws/build/tracking_robot_pkg': AMENT_PREFIX_PATH=/workspaces/isaac_ros-dev/src/ros2_ws/install/custom_interfaces:${AMENT_PREFIX_PATH} CMAKE_PREFIX_PATH=/workspaces/isaac_ros-dev/src/ros2_ws/install/custom_interfaces:/usr/local/libcudss-linux-0.3.0.9_cuda12-archive:/opt/ros/humble LD_LIBRARY_PATH=/workspaces/isaac_ros-dev/src/ros2_ws/install/custom_interfaces/lib:${LD_LIBRARY_PATH} PYTHONPATH=/workspaces/isaac_ros-dev/src/ros2_ws/install/custom_interfaces/local/lib/python3.10/dist-packages:${PYTHONPATH} /usr/bin/cmake --build /workspaces/isaac_ros-dev/src/ros2_ws/build/tracking_robot_pkg -- -j6 -l6
[0.126s] [35m[1mConsolidate compiler generated dependencies of target tracking_robot_server[0m
[0.174s] [ 50%] Built target tracking_robot_client
[0.186s] [ 75%] [32mBuilding CXX object CMakeFiles/tracking_robot_server.dir/src/tracking_robot_server.cpp.o[0m
[0.895s] [01m[K/workspaces/isaac_ros-dev/src/ros2_ws/src/tracking_robot_pkg/src/tracking_robot_server.cpp:23:2:[m[K [01;31m[Kerror: [m[Kinvalid preprocessing directive #REALSENSE_MIDPT_X
[0.895s]    23 | #[01;31m[KREALSENSE_MIDPT_X[m[K 320;
[0.895s]       |  [01;31m[K^~~~~~~~~~~~~~~~~[m[K
[0.896s] [01m[K/workspaces/isaac_ros-dev/src/ros2_ws/src/tracking_robot_pkg/src/tracking_robot_server.cpp:24:2:[m[K [01;31m[Kerror: [m[Kinvalid preprocessing directive #REALSENSE_MIDPT_Y
[0.896s]    24 | #[01;31m[KREALSENSE_MIDPT_Y[m[K 240;
[0.896s]       |  [01;31m[K^~~~~~~~~~~~~~~~~[m[K
[7.026s] [01m[K/workspaces/isaac_ros-dev/src/ros2_ws/src/tracking_robot_pkg/src/tracking_robot_server.cpp:[m[K In member function â€˜[01m[Kvoid TrackingRobotActionServer::execute(std::shared_ptr<rclcpp_action::ServerGoalHandle<custom_interfaces::action::TrackingRobot> >)[m[Kâ€™:
[7.026s] [01m[K/workspaces/isaac_ros-dev/src/ros2_ws/src/tracking_robot_pkg/src/tracking_robot_server.cpp:234:37:[m[K [01;31m[Kerror: [m[Kâ€˜[01m[KREALSENSE_MIDPT_X[m[Kâ€™ was not declared in this scope
[7.026s]   234 |                 if (bbox_center_x < [01;31m[KREALSENSE_MIDPT_X[m[K + 30  && bbox_center_x > REALSENSE_MIDPT_X - 30 &&
[7.026s]       |                                     [01;31m[K^~~~~~~~~~~~~~~~~[m[K
[7.049s] [01m[K/workspaces/isaac_ros-dev/src/ros2_ws/src/tracking_robot_pkg/src/tracking_robot_server.cpp:235:37:[m[K [01;31m[Kerror: [m[Kâ€˜[01m[KREALSENSE_MIDPT_Y[m[Kâ€™ was not declared in this scope
[7.050s]   235 |                     bbox_center_y < [01;31m[KREALSENSE_MIDPT_Y[m[K + 30 && bbox_center_y > REALSENSE_MIDPT_Y - 30){
[7.050s]       |                                     [01;31m[K^~~~~~~~~~~~~~~~~[m[K
[14.023s] gmake[2]: *** [CMakeFiles/tracking_robot_server.dir/build.make:76: CMakeFiles/tracking_robot_server.dir/src/tracking_robot_server.cpp.o] Error 1
[14.024s] gmake[1]: *** [CMakeFiles/Makefile2:165: CMakeFiles/tracking_robot_server.dir/all] Error 2
[14.025s] gmake: *** [Makefile:146: all] Error 2
[14.031s] Invoked command in '/workspaces/isaac_ros-dev/src/ros2_ws/build/tracking_robot_pkg' returned '2': AMENT_PREFIX_PATH=/workspaces/isaac_ros-dev/src/ros2_ws/install/custom_interfaces:${AMENT_PREFIX_PATH} CMAKE_PREFIX_PATH=/workspaces/isaac_ros-dev/src/ros2_ws/install/custom_interfaces:/usr/local/libcudss-linux-0.3.0.9_cuda12-archive:/opt/ros/humble LD_LIBRARY_PATH=/workspaces/isaac_ros-dev/src/ros2_ws/install/custom_interfaces/lib:${LD_LIBRARY_PATH} PYTHONPATH=/workspaces/isaac_ros-dev/src/ros2_ws/install/custom_interfaces/local/lib/python3.10/dist-packages:${PYTHONPATH} /usr/bin/cmake --build /workspaces/isaac_ros-dev/src/ros2_ws/build/tracking_robot_pkg -- -j6 -l6
