[0.005s] Invoking command in '/home/sebastian/ros2_ws/build/circle_wall_actions_pkg': CMAKE_PREFIX_PATH=/home/sebastian/ros2_ws/install/custom_interfaces:/home/sebastian/ros2_ws/install/circle_wall_actions_pkg:/home/sebastian/ros2_ws/install/topic_publisher_pkg:/opt/ros/humble /usr/bin/cmake --build /home/sebastian/ros2_ws/build/circle_wall_actions_pkg -- -j20 -l20
[0.042s] [35m[1mConsolidate compiler generated dependencies of target circle_wall_server[0m
[0.054s] [ 25%] [32mBuilding CXX object CMakeFiles/circle_wall_server.dir/src/circle_wall_server.cpp.o[0m
[0.054s] [ 75%] Built target circle_wall_client
[1.332s] [01m[K/home/sebastian/ros2_ws/src/circle_wall_actions_pkg/src/circle_wall_server.cpp:[m[K In member function â€˜[01m[Kvoid CircleWallActionServer::execute(std::shared_ptr<rclcpp_action::ServerGoalHandle<custom_interfaces::action::CircleWall> >)[m[Kâ€™:
[1.332s] [01m[K/home/sebastian/ros2_ws/src/circle_wall_actions_pkg/src/circle_wall_server.cpp:100:17:[m[K [01;31m[Kerror: [m[Kâ€˜[01m[Klturn_mutex[m[Kâ€™ was not declared in this scope; did you mean â€˜[01m[Kturn_mutex[m[Kâ€™?
[1.332s]   100 |                 [01;31m[Klturn_mutex[m[K.lock();
[1.332s]       |                 [01;31m[K^~~~~~~~~~~[m[K
[1.332s]       |                 [32m[Kturn_mutex[m[K
[2.670s] gmake[2]: *** [CMakeFiles/circle_wall_server.dir/build.make:76: CMakeFiles/circle_wall_server.dir/src/circle_wall_server.cpp.o] Error 1
[2.670s] gmake[1]: *** [CMakeFiles/Makefile2:139: CMakeFiles/circle_wall_server.dir/all] Error 2
[2.670s] gmake: *** [Makefile:146: all] Error 2
[2.672s] Invoked command in '/home/sebastian/ros2_ws/build/circle_wall_actions_pkg' returned '2': CMAKE_PREFIX_PATH=/home/sebastian/ros2_ws/install/custom_interfaces:/home/sebastian/ros2_ws/install/circle_wall_actions_pkg:/home/sebastian/ros2_ws/install/topic_publisher_pkg:/opt/ros/humble /usr/bin/cmake --build /home/sebastian/ros2_ws/build/circle_wall_actions_pkg -- -j20 -l20
