[0.033s] Invoking command in '/workspaces/isaac_ros-dev/src/ros2_ws/build/tracking_robot_pkg': CMAKE_PREFIX_PATH=/workspaces/isaac_ros-dev/src/ros2_ws/install/custom_interfaces:/workspaces/isaac_ros-dev/src/ros2_ws/install/tracking_robot_pkg:/usr/local/libcudss-linux-0.3.0.9_cuda12-archive:/opt/ros/humble /usr/bin/cmake --build /workspaces/isaac_ros-dev/src/ros2_ws/build/tracking_robot_pkg -- -j6 -l6
[0.092s] -- Found ament_cmake: 1.3.11 (/opt/ros/humble/share/ament_cmake/cmake)
[0.423s] -- Found rclcpp: 16.0.12 (/opt/ros/humble/share/rclcpp/cmake)
[0.503s] -- Found rosidl_generator_c: 3.1.6 (/opt/ros/humble/share/rosidl_generator_c/cmake)
[0.509s] -- Found rosidl_adapter: 3.1.6 (/opt/ros/humble/share/rosidl_adapter/cmake)
[0.522s] -- Found rosidl_generator_cpp: 3.1.6 (/opt/ros/humble/share/rosidl_generator_cpp/cmake)
[0.544s] -- Using all available rosidl_typesupport_c: rosidl_typesupport_fastrtps_c;rosidl_typesupport_introspection_c
[0.572s] -- Using all available rosidl_typesupport_cpp: rosidl_typesupport_fastrtps_cpp;rosidl_typesupport_introspection_cpp
[0.645s] -- Found rmw_implementation_cmake: 6.1.2 (/opt/ros/humble/share/rmw_implementation_cmake/cmake)
[0.648s] -- Found rmw_fastrtps_cpp: 6.2.7 (/opt/ros/humble/share/rmw_fastrtps_cpp/cmake)
[0.965s] -- Using RMW implementation 'rmw_fastrtps_cpp' as default
[1.077s] -- Found vision_msgs: 4.1.1 (/opt/ros/humble/share/vision_msgs/cmake)
[1.141s] -- Found rclcpp_action: 16.0.12 (/opt/ros/humble/share/rclcpp_action/cmake)
[1.206s] -- Found custom_interfaces: 0.0.0 (/workspaces/isaac_ros-dev/src/ros2_ws/install/custom_interfaces/share/custom_interfaces/cmake)
[1.235s] -- Found ament_lint_auto: 0.12.12 (/opt/ros/humble/share/ament_lint_auto/cmake)
[1.419s] -- Added test 'cppcheck' to perform static code analysis on C / C++ code
[1.420s] -- Configured cppcheck include dirs: 
[1.420s] -- Configured cppcheck exclude dirs and/or files: 
[1.420s] -- Added test 'flake8' to check Python code syntax and style conventions
[1.421s] -- Added test 'lint_cmake' to check CMake code style
[1.422s] -- Added test 'pep257' to check Python code against some of the docstring style conventions in PEP 257
[1.423s] -- Added test 'uncrustify' to check C / C++ code style
[1.424s] -- Configured uncrustify additional arguments: 
[1.424s] -- Added test 'xmllint' to check XML markup files
[1.426s] -- Configuring done
[1.464s] -- Generating done
[1.477s] -- Build files have been written to: /workspaces/isaac_ros-dev/src/ros2_ws/build/tracking_robot_pkg
[1.545s] [35m[1mConsolidate compiler generated dependencies of target tracking_robot_client[0m
[1.567s] [ 25%] [32mBuilding CXX object CMakeFiles/tracking_robot_server.dir/src/tracking_robot_server.cpp.o[0m
[1.589s] [ 75%] Built target tracking_robot_client
[7.803s] [01m[K/workspaces/isaac_ros-dev/src/ros2_ws/src/tracking_robot_pkg/src/tracking_robot_server.cpp:84:27:[m[K [01;31m[Kerror: [m[Kâ€˜[01m[KCircle[m[Kâ€™ was not declared in this scope; did you mean â€˜[01m[Kcircles[m[Kâ€™?
[7.803s]    84 |     rclcpp_action::Server<[01;31m[KCircle[m[K>::SharedPtr action_server_;
[7.804s]       |                           [01;31m[K^~~~~~[m[K
[7.804s]       |                           [32m[Kcircles[m[K
[7.804s] [01m[K/workspaces/isaac_ros-dev/src/ros2_ws/src/tracking_robot_pkg/src/tracking_robot_server.cpp:84:33:[m[K [01;31m[Kerror: [m[Ktemplate argument 1 is invalid
[7.805s]    84 |     rclcpp_action::Server<Circle[01;31m[K>[m[K::SharedPtr action_server_;
[7.805s]       |                                 [01;31m[K^[m[K
[7.805s] [01m[K/workspaces/isaac_ros-dev/src/ros2_ws/src/tracking_robot_pkg/src/tracking_robot_server.cpp:84:36:[m[K [01;31m[Kerror: [m[Kexpected â€˜[01m[K;[m[Kâ€™ at end of member declaration
[7.805s]    84 |     rclcpp_action::Server<Circle>::[01;31m[KSharedPtr[m[K action_server_;
[7.805s]       |                                    [01;31m[K^~~~~~~~~[m[K
[7.806s]       |                                             [32m[K;[m[K
[7.809s] [01m[K/workspaces/isaac_ros-dev/src/ros2_ws/src/tracking_robot_pkg/src/tracking_robot_server.cpp:84:46:[m[K [01;31m[Kerror: [m[Kâ€˜[01m[Kaction_server_[m[Kâ€™ does not name a type; did you mean â€˜[01m[Krcl_action_server_t[m[Kâ€™?
[7.809s]    84 |     rclcpp_action::Server<Circle>::SharedPtr [01;31m[Kaction_server_[m[K;
[7.809s]       |                                              [01;31m[K^~~~~~~~~~~~~~[m[K
[7.810s]       |                                              [32m[Krcl_action_server_t[m[K
[7.946s] [01m[K/workspaces/isaac_ros-dev/src/ros2_ws/src/tracking_robot_pkg/src/tracking_robot_server.cpp:104:31:[m[K [01;31m[Kerror: [m[Kâ€˜[01m[KGoalHandleCircleWall[m[Kâ€™ was not declared in this scope
[7.947s]   104 |         const std::shared_ptr<[01;31m[KGoalHandleCircleWall[m[K> goal_handle)
[7.947s]       |                               [01;31m[K^~~~~~~~~~~~~~~~~~~~[m[K
[7.947s] [01m[K/workspaces/isaac_ros-dev/src/ros2_ws/src/tracking_robot_pkg/src/tracking_robot_server.cpp:104:51:[m[K [01;31m[Kerror: [m[Ktemplate argument 1 is invalid
[7.947s]   104 |         const std::shared_ptr<GoalHandleCircleWall[01;31m[K>[m[K goal_handle)
[7.947s]       |                                                   [01;31m[K^[m[K
[7.972s] [01m[K/workspaces/isaac_ros-dev/src/ros2_ws/src/tracking_robot_pkg/src/tracking_robot_server.cpp:111:48:[m[K [01;31m[Kerror: [m[Kâ€˜[01m[KGoalHandleCircleWall[m[Kâ€™ was not declared in this scope
[7.972s]   111 |     void handle_accepted(const std::shared_ptr<[01;31m[KGoalHandleCircleWall[m[K> goal_handle)
[7.972s]       |                                                [01;31m[K^~~~~~~~~~~~~~~~~~~~[m[K
[7.972s] [01m[K/workspaces/isaac_ros-dev/src/ros2_ws/src/tracking_robot_pkg/src/tracking_robot_server.cpp:111:68:[m[K [01;31m[Kerror: [m[Ktemplate argument 1 is invalid
[7.972s]   111 |     void handle_accepted(const std::shared_ptr<GoalHandleCircleWall[01;31m[K>[m[K goal_handle)
[7.972s]       |                                                                    [01;31m[K^[m[K
[7.998s] [01m[K/workspaces/isaac_ros-dev/src/ros2_ws/src/tracking_robot_pkg/src/tracking_robot_server.cpp:118:40:[m[K [01;31m[Kerror: [m[Kâ€˜[01m[KGoalHandleCircleWall[m[Kâ€™ was not declared in this scope
[7.998s]   118 |     void execute(const std::shared_ptr<[01;31m[KGoalHandleCircleWall[m[K> goal_handle)
[7.998s]       |                                        [01;31m[K^~~~~~~~~~~~~~~~~~~~[m[K
[7.999s] [01m[K/workspaces/isaac_ros-dev/src/ros2_ws/src/tracking_robot_pkg/src/tracking_robot_server.cpp:118:60:[m[K [01;31m[Kerror: [m[Ktemplate argument 1 is invalid
[7.999s]   118 |     void execute(const std::shared_ptr<GoalHandleCircleWall[01;31m[K>[m[K goal_handle)
[7.999s]       |                                                            [01;31m[K^[m[K
[7.999s] [01m[K/workspaces/isaac_ros-dev/src/ros2_ws/src/tracking_robot_pkg/src/tracking_robot_server.cpp:160:45:[m[K [01;31m[Kerror: [m[Kâ€˜[01m[KBool[m[Kâ€™ in namespace â€˜[01m[Kstd_msgs::msg[m[Kâ€™ does not name a type
[7.999s]   160 |     void wall_callback(const std_msgs::msg::[01;31m[KBool[m[K::SharedPtr msg) {
[7.999s]       |                                             [01;31m[K^~~~[m[K
[7.999s] [01m[K/workspaces/isaac_ros-dev/src/ros2_ws/src/tracking_robot_pkg/src/tracking_robot_server.cpp:160:61:[m[K [01;31m[Kerror: [m[Kexpected unqualified-id before â€˜[01m[Kmsg[m[Kâ€™
[8.000s]   160 |     void wall_callback(const std_msgs::msg::Bool::SharedPtr [01;31m[Kmsg[m[K) {
[8.000s]       |                                                             [01;31m[K^~~[m[K
[8.000s] [01m[K/workspaces/isaac_ros-dev/src/ros2_ws/src/tracking_robot_pkg/src/tracking_robot_server.cpp:160:60:[m[K [01;31m[Kerror: [m[Kexpected â€˜[01m[K)[m[Kâ€™ before â€˜[01m[Kmsg[m[Kâ€™
[8.000s]   160 |     void wall_callback[34m[K([m[Kconst std_msgs::msg::Bool::SharedPtr[01;31m[K [m[K[32m[Kmsg[m[K) {
[8.000s]       |                       [34m[K~[m[K                                    [01;31m[K^[m[K[32m[K~~~[m[K
[8.000s]       |                                                            [32m[K)[m[K
[8.000s] [01m[K/workspaces/isaac_ros-dev/src/ros2_ws/src/tracking_robot_pkg/src/tracking_robot_server.cpp:160:51:[m[K [01;31m[Kerror: [m[Kexpected â€˜[01m[K;[m[Kâ€™ at end of member declaration
[8.001s]   160 |     void wall_callback(const std_msgs::msg::Bool::[01;31m[KSharedPtr[m[K msg) {
[8.001s]       |                                                   [01;31m[K^~~~~~~~~[m[K
[8.001s]       |                                                            [32m[K;[m[K
[8.001s] [01m[K/workspaces/isaac_ros-dev/src/ros2_ws/src/tracking_robot_pkg/src/tracking_robot_server.cpp:160:61:[m[K [01;31m[Kerror: [m[Kâ€˜[01m[Kmsg[m[Kâ€™ does not name a type
[8.001s]   160 |     void wall_callback(const std_msgs::msg::Bool::SharedPtr [01;31m[Kmsg[m[K) {
[8.001s]       |                                                             [01;31m[K^~~[m[K
[8.005s] [01m[K/workspaces/isaac_ros-dev/src/ros2_ws/src/tracking_robot_pkg/src/tracking_robot_server.cpp:168:31:[m[K [01;31m[Kerror: [m[Kâ€˜[01m[Ksensor_msgs[m[Kâ€™ does not name a type
[8.005s]   168 |     void lidar_callback(const [01;31m[Ksensor_msgs[m[K::msg::LaserScan::SharedPtr msg) {
[8.006s]       |                               [01;31m[K^~~~~~~~~~~[m[K
[8.006s] [01m[K/workspaces/isaac_ros-dev/src/ros2_ws/src/tracking_robot_pkg/src/tracking_robot_server.cpp:168:47:[m[K [01;31m[Kerror: [m[Kexpected unqualified-id before â€˜[01m[K::[m[Kâ€™ token
[8.006s]   168 |     void lidar_callback(const sensor_msgs::msg[01;31m[K::[m[KLaserScan::SharedPtr msg) {
[8.006s]       |                                               [01;31m[K^~[m[K
[8.006s] [01m[K/workspaces/isaac_ros-dev/src/ros2_ws/src/tracking_robot_pkg/src/tracking_robot_server.cpp:168:47:[m[K [01;31m[Kerror: [m[Kexpected â€˜[01m[K)[m[Kâ€™ before â€˜[01m[K::[m[Kâ€™ token
[8.006s]   168 |     void lidar_callback[34m[K([m[Kconst sensor_msgs::msg[01;31m[K:[m[K[32m[K:[m[KLaserScan::SharedPtr msg) {
[8.006s]       |                        [34m[K~[m[K                      [01;31m[K^[m[K[32m[K~[m[K
[8.006s]       |                                               [32m[K)[m[K
[8.007s] [01m[K/workspaces/isaac_ros-dev/src/ros2_ws/src/tracking_robot_pkg/src/tracking_robot_server.cpp:168:44:[m[K [01;31m[Kerror: [m[Kexpected â€˜[01m[K;[m[Kâ€™ at end of member declaration
[8.007s]   168 |     void lidar_callback(const sensor_msgs::[01;31m[Kmsg[m[K::LaserScan::SharedPtr msg) {
[8.007s]       |                                            [01;31m[K^~~[m[K
[8.007s]       |                                               [32m[K;[m[K
[8.012s] [01m[K/workspaces/isaac_ros-dev/src/ros2_ws/src/tracking_robot_pkg/src/tracking_robot_server.cpp:168:49:[m[K [01;31m[Kerror: [m[Kâ€˜[01m[KLaserScan[m[Kâ€™ in namespace â€˜[01m[K::[m[Kâ€™ does not name a type
[8.012s]   168 |     void lidar_callback(const sensor_msgs::msg::[01;31m[KLaserScan[m[K::SharedPtr msg) {
[8.012s]       |                                                 [01;31m[K^~~~~~~~~[m[K
[8.015s] [01m[K/workspaces/isaac_ros-dev/src/ros2_ws/src/tracking_robot_pkg/src/tracking_robot_server.cpp:[m[K In constructor â€˜[01m[KTrackingRobotActionServer::TrackingRobotActionServer(const rclcpp::NodeOptions&)[m[Kâ€™:
[8.015s] [01m[K/workspaces/isaac_ros-dev/src/ros2_ws/src/tracking_robot_pkg/src/tracking_robot_server.cpp:53:15:[m[K [01;31m[Kerror: [m[Kâ€˜[01m[Kclass TrackingRobotActionServer[m[Kâ€™ has no member named â€˜[01m[Kaction_server_[m[Kâ€™
[8.015s]    53 |         this->[01;31m[Kaction_server_[m[K = rclcpp_action::create_server<Circle>(
[8.015s]       |               [01;31m[K^~~~~~~~~~~~~~[m[K
[8.028s] [01m[K/workspaces/isaac_ros-dev/src/ros2_ws/src/tracking_robot_pkg/src/tracking_robot_server.cpp:53:61:[m[K [01;31m[Kerror: [m[Kâ€˜[01m[KCircle[m[Kâ€™ was not declared in this scope; did you mean â€˜[01m[Kcircles[m[Kâ€™?
[8.028s]    53 |         this->action_server_ = rclcpp_action::create_server<[01;31m[KCircle[m[K>(
[8.029s]       |                                                             [01;31m[K^~~~~~[m[K
[8.029s]       |                                                             [32m[Kcircles[m[K
[8.068s] [01m[K/workspaces/isaac_ros-dev/src/ros2_ws/src/tracking_robot_pkg/src/tracking_robot_server.cpp:53:68:[m[K [01;31m[Kerror: [m[Kno matching function for call to â€˜[01m[Kcreate_server<<expression error> >(TrackingRobotActionServer*, const char [11], std::_Bind_helper<false, rclcpp_action::GoalResponse (TrackingRobotActionServer::*)(const std::array<unsigned char, 16>&, std::shared_ptr<const custom_interfaces::action::TrackingRobot_Goal_<std::allocator<void> > >), TrackingRobotActionServer*, const std::_Placeholder<1>&, const std::_Placeholder<2>&>::type, std::_Bind_helper<false, rclcpp_action::CancelResponse (TrackingRobotActionServer::*)(int), TrackingRobotActionServer*, const std::_Placeholder<1>&>::type, std::_Bind_helper<false, void (TrackingRobotActionServer::*)(int), TrackingRobotActionServer*, const std::_Placeholder<1>&>::type)[m[Kâ€™
[8.068s]    53 |         this->action_server_ = [01;31m[Krclcpp_action::create_server<Circle>([m[K
[8.068s]       |                                [01;31m[K~~~~~~~~~~~~~~~~~~~~~~~~~~~~~~~~~~~~^[m[K
[8.069s]    54 | [01;31m[K        this,[m[K
[8.069s]       |         [01;31m[K~~~~~[m[K                                                       
[8.069s]    55 | [01;31m[K        "move_robot",[m[K
[8.069s]       |         [01;31m[K~~~~~~~~~~~~~[m[K                                               
[8.069s]    56 | [01;31m[K        std::bind(&TrackingRobotActionServer::handle_goal, this, _1, _2),[m[K
[8.069s]       |         [01;31m[K~~~~~~~~~~~~~~~~~~~~~~~~~~~~~~~~~~~~~~~~~~~~~~~~~~~~~~~~~~~~~~~~~[m[K
[8.069s]    57 | [01;31m[K        std::bind(&TrackingRobotActionServer::handle_cancel, this, _1),[m[K
[8.070s]       |         [01;31m[K~~~~~~~~~~~~~~~~~~~~~~~~~~~~~~~~~~~~~~~~~~~~~~~~~~~~~~~~~~~~~~~[m[K
[8.070s]    58 | [01;31m[K        std::bind(&TrackingRobotActionServer::handle_accepted, this, _1))[m[K;
[8.070s]       |         [01;31m[K~~~~~~~~~~~~~~~~~~~~~~~~~~~~~~~~~~~~~~~~~~~~~~~~~~~~~~~~~~~~~~~~~[m[K
[8.070s] In file included from [01m[K/opt/ros/humble/include/rclcpp_action/rclcpp_action/rclcpp_action.hpp:39[m[K,
[8.070s]                  from [01m[K/workspaces/isaac_ros-dev/src/ros2_ws/src/tracking_robot_pkg/src/tracking_robot_server.cpp:5[m[K:
[8.070s] [01m[K/opt/ros/humble/include/rclcpp_action/rclcpp_action/create_server.hpp:58:1:[m[K [01;36m[Knote: [m[Kcandidate: â€˜[01m[Ktemplate<class ActionT> typename rclcpp_action::Server<ActionT>::SharedPtr rclcpp_action::create_server(rclcpp::node_interfaces::NodeBaseInterface::SharedPtr, rclcpp::node_interfaces::NodeClockInterface::SharedPtr, rclcpp::node_interfaces::NodeLoggingInterface::SharedPtr, rclcpp::node_interfaces::NodeWaitablesInterface::SharedPtr, const string&, typename rclcpp_action::Server<ActionT>::GoalCallback, typename rclcpp_action::Server<ActionT>::CancelCallback, typename rclcpp_action::Server<ActionT>::AcceptedCallback, const rcl_action_server_options_t&, rclcpp::CallbackGroup::SharedPtr)[m[Kâ€™
[8.070s]    58 | [01;36m[Kcreate_server[m[K(
[8.070s]       | [01;36m[K^~~~~~~~~~~~~[m[K
[8.071s] [01m[K/opt/ros/humble/include/rclcpp_action/rclcpp_action/create_server.hpp:58:1:[m[K [01;36m[Knote: [m[K  template argument deduction/substitution failed:
[8.071s] [01m[K/workspaces/isaac_ros-dev/src/ros2_ws/src/tracking_robot_pkg/src/tracking_robot_server.cpp:53:68:[m[K [01;31m[Kerror: [m[Ktemplate argument 1 is invalid
[8.071s]    53 |         this->action_server_ = [01;31m[Krclcpp_action::create_server<Circle>([m[K
[8.071s]       |                                [01;31m[K~~~~~~~~~~~~~~~~~~~~~~~~~~~~~~~~~~~~^[m[K
[8.071s]    54 | [01;31m[K        this,[m[K
[8.071s]       |         [01;31m[K~~~~~[m[K                                                       
[8.072s]    55 | [01;31m[K        "move_robot",[m[K
[8.072s]       |         [01;31m[K~~~~~~~~~~~~~[m[K                                               
[8.072s]    56 | [01;31m[K        std::bind(&TrackingRobotActionServer::handle_goal, this, _1, _2),[m[K
[8.072s]       |         [01;31m[K~~~~~~~~~~~~~~~~~~~~~~~~~~~~~~~~~~~~~~~~~~~~~~~~~~~~~~~~~~~~~~~~~[m[K
[8.072s]    57 | [01;31m[K        std::bind(&TrackingRobotActionServer::handle_cancel, this, _1),[m[K
[8.072s]       |         [01;31m[K~~~~~~~~~~~~~~~~~~~~~~~~~~~~~~~~~~~~~~~~~~~~~~~~~~~~~~~~~~~~~~~[m[K
[8.072s]    58 | [01;31m[K        std::bind(&TrackingRobotActionServer::handle_accepted, this, _1))[m[K;
[8.072s]       |         [01;31m[K~~~~~~~~~~~~~~~~~~~~~~~~~~~~~~~~~~~~~~~~~~~~~~~~~~~~~~~~~~~~~~~~~[m[K
[8.073s] In file included from [01m[K/opt/ros/humble/include/rclcpp_action/rclcpp_action/rclcpp_action.hpp:39[m[K,
[8.073s]                  from [01m[K/workspaces/isaac_ros-dev/src/ros2_ws/src/tracking_robot_pkg/src/tracking_robot_server.cpp:5[m[K:
[8.073s] [01m[K/opt/ros/humble/include/rclcpp_action/rclcpp_action/create_server.hpp:132:1:[m[K [01;36m[Knote: [m[Kcandidate: â€˜[01m[Ktemplate<class ActionT, class NodeT> typename rclcpp_action::Server<ActionT>::SharedPtr rclcpp_action::create_server(NodeT, const string&, typename rclcpp_action::Server<ActionT>::GoalCallback, typename rclcpp_action::Server<ActionT>::CancelCallback, typename rclcpp_action::Server<ActionT>::AcceptedCallback, const rcl_action_server_options_t&, rclcpp::CallbackGroup::SharedPtr)[m[Kâ€™
[8.073s]   132 | [01;36m[Kcreate_server[m[K(
[8.073s]       | [01;36m[K^~~~~~~~~~~~~[m[K
[8.073s] [01m[K/opt/ros/humble/include/rclcpp_action/rclcpp_action/create_server.hpp:132:1:[m[K [01;36m[Knote: [m[K  template argument deduction/substitution failed:
[8.073s] [01m[K/workspaces/isaac_ros-dev/src/ros2_ws/src/tracking_robot_pkg/src/tracking_robot_server.cpp:53:68:[m[K [01;31m[Kerror: [m[Ktemplate argument 1 is invalid
[8.074s]    53 |         this->action_server_ = [01;31m[Krclcpp_action::create_server<Circle>([m[K
[8.074s]       |                                [01;31m[K~~~~~~~~~~~~~~~~~~~~~~~~~~~~~~~~~~~~^[m[K
[8.074s]    54 | [01;31m[K        this,[m[K
[8.074s]       |         [01;31m[K~~~~~[m[K                                                       
[8.075s]    55 | [01;31m[K        "move_robot",[m[K
[8.075s]       |         [01;31m[K~~~~~~~~~~~~~[m[K                                               
[8.075s]    56 | [01;31m[K        std::bind(&TrackingRobotActionServer::handle_goal, this, _1, _2),[m[K
[8.075s]       |         [01;31m[K~~~~~~~~~~~~~~~~~~~~~~~~~~~~~~~~~~~~~~~~~~~~~~~~~~~~~~~~~~~~~~~~~[m[K
[8.075s]    57 | [01;31m[K        std::bind(&TrackingRobotActionServer::handle_cancel, this, _1),[m[K
[8.075s]       |         [01;31m[K~~~~~~~~~~~~~~~~~~~~~~~~~~~~~~~~~~~~~~~~~~~~~~~~~~~~~~~~~~~~~~~[m[K
[8.075s]    58 | [01;31m[K        std::bind(&TrackingRobotActionServer::handle_accepted, this, _1))[m[K;
[8.075s]       |         [01;31m[K~~~~~~~~~~~~~~~~~~~~~~~~~~~~~~~~~~~~~~~~~~~~~~~~~~~~~~~~~~~~~~~~~[m[K
[8.076s] [01m[K/workspaces/isaac_ros-dev/src/ros2_ws/src/tracking_robot_pkg/src/tracking_robot_server.cpp:61:51:[m[K [01;31m[Kerror: [m[Kâ€˜[01m[KControl[m[Kâ€™ has not been declared
[8.076s]    61 |               "detections_output", 10, std::bind(&[01;31m[KControl[m[K::subscriber_callback, this, _1));
[8.076s]       |                                                   [01;31m[K^~~~~~~[m[K
[8.115s] [01m[K/workspaces/isaac_ros-dev/src/ros2_ws/src/tracking_robot_pkg/src/tracking_robot_server.cpp:[m[K In member function â€˜[01m[Kvoid TrackingRobotActionServer::handle_accepted(int)[m[Kâ€™:
[8.115s] [01m[K/workspaces/isaac_ros-dev/src/ros2_ws/src/tracking_robot_pkg/src/tracking_robot_server.cpp:115:32:[m[K [01;31m[Kerror: [m[Kâ€˜[01m[KCircleWallActionServer[m[Kâ€™ was not declared in this scope
[8.116s]   115 |         std::thread{std::bind(&[01;31m[KCircleWallActionServer[m[K::execute, this, _1), goal_handle}.detach();
[8.116s]       |                                [01;31m[K^~~~~~~~~~~~~~~~~~~~~~[m[K
[8.116s] [01m[K/workspaces/isaac_ros-dev/src/ros2_ws/src/tracking_robot_pkg/src/tracking_robot_server.cpp:115:87:[m[K [01;31m[Kerror: [m[Kno matching function for call to â€˜[01m[Kstd::thread::thread(<brace-enclosed initializer list>)[m[Kâ€™
[8.117s]   115 |         std::thread{std::bind(&CircleWallActionServer::execute, this, _1), goal_handle[01;31m[K}[m[K.detach();
[8.117s]       |                                                                                       [01;31m[K^[m[K
[8.117s] In file included from [01m[K/usr/include/c++/11/thread:43[m[K,
[8.117s]                  from [01m[K/workspaces/isaac_ros-dev/src/ros2_ws/src/tracking_robot_pkg/src/tracking_robot_server.cpp:3[m[K:
[8.118s] [01m[K/usr/include/c++/11/bits/std_thread.h:127:7:[m[K [01;36m[Knote: [m[Kcandidate: â€˜[01m[Ktemplate<class _Callable, class ... _Args, class> std::thread::thread(_Callable&&, _Args&& ...)[m[Kâ€™
[8.118s]   127 |       [01;36m[Kthread[m[K(_Callable&& __f, _Args&&... __args)
[8.118s]       |       [01;36m[K^~~~~~[m[K
[8.118s] [01m[K/usr/include/c++/11/bits/std_thread.h:127:7:[m[K [01;36m[Knote: [m[K  template argument deduction/substitution failed:
[8.118s] [01m[K/usr/include/c++/11/bits/std_thread.h:157:5:[m[K [01;36m[Knote: [m[Kcandidate: â€˜[01m[Kstd::thread::thread(std::thread&&)[m[Kâ€™
[8.119s]   157 |     [01;36m[Kthread[m[K(thread&& __t) noexcept
[8.119s]       |     [01;36m[K^~~~~~[m[K
[8.119s] [01m[K/usr/include/c++/11/bits/std_thread.h:157:5:[m[K [01;36m[Knote: [m[K  candidate expects 1 argument, 2 provided
[8.119s] [01m[K/usr/include/c++/11/bits/std_thread.h:121:5:[m[K [01;36m[Knote: [m[Kcandidate: â€˜[01m[Kstd::thread::thread()[m[Kâ€™
[8.119s]   121 |     [01;36m[Kthread[m[K() noexcept = default;
[8.120s]       |     [01;36m[K^~~~~~[m[K
[8.120s] [01m[K/usr/include/c++/11/bits/std_thread.h:121:5:[m[K [01;36m[Knote: [m[K  candidate expects 0 arguments, 2 provided
[8.120s] [01m[K/workspaces/isaac_ros-dev/src/ros2_ws/src/tracking_robot_pkg/src/tracking_robot_server.cpp:[m[K In member function â€˜[01m[Kvoid TrackingRobotActionServer::execute(int)[m[Kâ€™:
[8.120s] [01m[K/workspaces/isaac_ros-dev/src/ros2_ws/src/tracking_robot_pkg/src/tracking_robot_server.cpp:121:38:[m[K [01;31m[Kerror: [m[Kbase operand of â€˜[01m[K->[m[Kâ€™ is not a pointer
[8.120s]   121 |         const auto goal = goal_handle[01;31m[K->[m[Kget_goal();
[8.121s]       |                                      [01;31m[K^~[m[K
[8.132s] [01m[K/workspaces/isaac_ros-dev/src/ros2_ws/src/tracking_robot_pkg/src/tracking_robot_server.cpp:122:42:[m[K [01;31m[Kerror: [m[Kâ€˜[01m[KCircle[m[Kâ€™ was not declared in this scope; did you mean â€˜[01m[Kcircles[m[Kâ€™?
[8.132s]   122 |         auto feedback = std::make_shared<[01;31m[KCircle[m[K::Feedback>();
[8.132s]       |                                          [01;31m[K^~~~~~[m[K
[8.132s]       |                                          [32m[Kcircles[m[K
[8.133s] [01m[K/workspaces/isaac_ros-dev/src/ros2_ws/src/tracking_robot_pkg/src/tracking_robot_server.cpp:122:30:[m[K [01;31m[Kerror: [m[Kparse error in template argument list
[8.133s]   122 |         auto feedback = std::[01;31m[Kmake_shared<Circle::Feedback>[m[K();
[8.133s]       |                              [01;31m[K^~~~~~~~~~~~~~~~~~~~~~~~~~~~~[m[K
[8.134s] [01m[K/workspaces/isaac_ros-dev/src/ros2_ws/src/tracking_robot_pkg/src/tracking_robot_server.cpp:122:59:[m[K [01;31m[Kerror: [m[Kno matching function for call to â€˜[01m[Kmake_shared<<expression error> >()[m[Kâ€™
[8.134s]   122 |         auto feedback = [01;31m[Kstd::make_shared<Circle::Feedback>()[m[K;
[8.134s]       |                         [01;31m[K~~~~~~~~~~~~~~~~~~~~~~~~~~~~~~~~~~^~[m[K
[8.134s] In file included from [01m[K/usr/include/c++/11/memory:77[m[K,
[8.135s]                  from [01m[K/workspaces/isaac_ros-dev/src/ros2_ws/src/tracking_robot_pkg/src/tracking_robot_server.cpp:2[m[K:
[8.135s] [01m[K/usr/include/c++/11/bits/shared_ptr.h:875:5:[m[K [01;36m[Knote: [m[Kcandidate: â€˜[01m[Ktemplate<class _Tp, class ... _Args> std::shared_ptr<_Tp> std::make_shared(_Args&& ...)[m[Kâ€™
[8.135s]   875 |     [01;36m[Kmake_shared[m[K(_Args&&... __args)
[8.135s]       |     [01;36m[K^~~~~~~~~~~[m[K
[8.135s] [01m[K/usr/include/c++/11/bits/shared_ptr.h:875:5:[m[K [01;36m[Knote: [m[K  template argument deduction/substitution failed:
[8.136s] [01m[K/workspaces/isaac_ros-dev/src/ros2_ws/src/tracking_robot_pkg/src/tracking_robot_server.cpp:122:59:[m[K [01;31m[Kerror: [m[Ktemplate argument 1 is invalid
[8.136s]   122 |         auto feedback = [01;31m[Kstd::make_shared<Circle::Feedback>()[m[K;
[8.136s]       |                         [01;31m[K~~~~~~~~~~~~~~~~~~~~~~~~~~~~~~~~~~^~[m[K
[8.136s] [01m[K/workspaces/isaac_ros-dev/src/ros2_ws/src/tracking_robot_pkg/src/tracking_robot_server.cpp:125:28:[m[K [01;31m[Kerror: [m[Kparse error in template argument list
[8.137s]   125 |         auto result = std::[01;31m[Kmake_shared<Circle::Result>[m[K();
[8.137s]       |                            [01;31m[K^~~~~~~~~~~~~~~~~~~~~~~~~~~[m[K
[8.137s] [01m[K/workspaces/isaac_ros-dev/src/ros2_ws/src/tracking_robot_pkg/src/tracking_robot_server.cpp:125:55:[m[K [01;31m[Kerror: [m[Kno matching function for call to â€˜[01m[Kmake_shared<Circle>()[m[Kâ€™
[8.137s]   125 |         auto result = [01;31m[Kstd::make_shared<Circle::Result>()[m[K;
[8.137s]       |                       [01;31m[K~~~~~~~~~~~~~~~~~~~~~~~~~~~~~~~~^~[m[K
[8.138s] In file included from [01m[K/usr/include/c++/11/memory:77[m[K,
[8.138s]                  from [01m[K/workspaces/isaac_ros-dev/src/ros2_ws/src/tracking_robot_pkg/src/tracking_robot_server.cpp:2[m[K:
[8.138s] [01m[K/usr/include/c++/11/bits/shared_ptr.h:875:5:[m[K [01;36m[Knote: [m[Kcandidate: â€˜[01m[Ktemplate<class _Tp, class ... _Args> std::shared_ptr<_Tp> std::make_shared(_Args&& ...)[m[Kâ€™
[8.138s]   875 |     [01;36m[Kmake_shared[m[K(_Args&&... __args)
[8.138s]       |     [01;36m[K^~~~~~~~~~~[m[K
[8.139s] [01m[K/usr/include/c++/11/bits/shared_ptr.h:875:5:[m[K [01;36m[Knote: [m[K  template argument deduction/substitution failed:
[8.139s] [01m[K/workspaces/isaac_ros-dev/src/ros2_ws/src/tracking_robot_pkg/src/tracking_robot_server.cpp:130:28:[m[K [01;31m[Kerror: [m[Kbase operand of â€˜[01m[K->[m[Kâ€™ is not a pointer
[8.139s]   130 |             if (goal_handle[01;31m[K->[m[Kis_canceling()) {
[8.139s]       |                            [01;31m[K^~[m[K
[8.140s] [01m[K/workspaces/isaac_ros-dev/src/ros2_ws/src/tracking_robot_pkg/src/tracking_robot_server.cpp:131:28:[m[K [01;31m[Kerror: [m[Kbase operand of â€˜[01m[K->[m[Kâ€™ is not a pointer
[8.140s]   131 |                 goal_handle[01;31m[K->[m[Kcanceled(result);
[8.140s]       |                            [01;31m[K^~[m[K
[8.140s] [01m[K/workspaces/isaac_ros-dev/src/ros2_ws/src/tracking_robot_pkg/src/tracking_robot_server.cpp:148:24:[m[K [01;31m[Kerror: [m[Kbase operand of â€˜[01m[K->[m[Kâ€™ is not a pointer
[8.140s]   148 |             goal_handle[01;31m[K->[m[Kpublish_feedback(feedback);
[8.141s]       |                        [01;31m[K^~[m[K
[8.141s] [01m[K/workspaces/isaac_ros-dev/src/ros2_ws/src/tracking_robot_pkg/src/tracking_robot_server.cpp:155:24:[m[K [01;31m[Kerror: [m[Kbase operand of â€˜[01m[K->[m[Kâ€™ is not a pointer
[8.141s]   155 |             goal_handle[01;31m[K->[m[Ksucceed(result);
[8.141s]       |                        [01;31m[K^~[m[K
[8.149s] [01m[K/workspaces/isaac_ros-dev/src/ros2_ws/src/tracking_robot_pkg/src/tracking_robot_server.cpp:[m[K In function â€˜[01m[Kint main(int, char**)[m[Kâ€™:
[8.149s] [01m[K/workspaces/isaac_ros-dev/src/ros2_ws/src/tracking_robot_pkg/src/tracking_robot_server.cpp:232:53:[m[K [01;31m[Kerror: [m[Kâ€˜[01m[KCircleWallActionServer[m[Kâ€™ was not declared in this scope; did you mean â€˜[01m[Kcircle_wall_action_server[m[Kâ€™?
[8.150s]   232 |   auto circle_wall_action_server = std::make_shared<[01;31m[KCircleWallActionServer[m[K>();
[8.150s]       |                                                     [01;31m[K^~~~~~~~~~~~~~~~~~~~~~[m[K
[8.150s]       |                                                     [32m[Kcircle_wall_action_server[m[K
[8.150s] [01m[K/workspaces/isaac_ros-dev/src/ros2_ws/src/tracking_robot_pkg/src/tracking_robot_server.cpp:232:76:[m[K [01;31m[Kerror: [m[Kno matching function for call to â€˜[01m[Kmake_shared<<expression error> >()[m[Kâ€™
[8.151s]   232 |   auto circle_wall_action_server = [01;31m[Kstd::make_shared<CircleWallActionServer>()[m[K;
[8.151s]       |                                    [01;31m[K~~~~~~~~~~~~~~~~~~~~~~~~~~~~~~~~~~~~~~~~^~[m[K
[8.151s] In file included from [01m[K/usr/include/c++/11/memory:77[m[K,
[8.151s]                  from [01m[K/workspaces/isaac_ros-dev/src/ros2_ws/src/tracking_robot_pkg/src/tracking_robot_server.cpp:2[m[K:
[8.151s] [01m[K/usr/include/c++/11/bits/shared_ptr.h:875:5:[m[K [01;36m[Knote: [m[Kcandidate: â€˜[01m[Ktemplate<class _Tp, class ... _Args> std::shared_ptr<_Tp> std::make_shared(_Args&& ...)[m[Kâ€™
[8.152s]   875 |     [01;36m[Kmake_shared[m[K(_Args&&... __args)
[8.152s]       |     [01;36m[K^~~~~~~~~~~[m[K
[8.152s] [01m[K/usr/include/c++/11/bits/shared_ptr.h:875:5:[m[K [01;36m[Knote: [m[K  template argument deduction/substitution failed:
[8.152s] [01m[K/workspaces/isaac_ros-dev/src/ros2_ws/src/tracking_robot_pkg/src/tracking_robot_server.cpp:232:76:[m[K [01;31m[Kerror: [m[Ktemplate argument 1 is invalid
[8.152s]   232 |   auto circle_wall_action_server = [01;31m[Kstd::make_shared<CircleWallActionServer>()[m[K;
[8.153s]       |                                    [01;31m[K~~~~~~~~~~~~~~~~~~~~~~~~~~~~~~~~~~~~~~~~^~[m[K
[10.258s] gmake[2]: *** [CMakeFiles/tracking_robot_server.dir/build.make:76: CMakeFiles/tracking_robot_server.dir/src/tracking_robot_server.cpp.o] Error 1
[10.258s] gmake[1]: *** [CMakeFiles/Makefile2:165: CMakeFiles/tracking_robot_server.dir/all] Error 2
[10.259s] gmake: *** [Makefile:146: all] Error 2
[10.265s] Invoked command in '/workspaces/isaac_ros-dev/src/ros2_ws/build/tracking_robot_pkg' returned '2': CMAKE_PREFIX_PATH=/workspaces/isaac_ros-dev/src/ros2_ws/install/custom_interfaces:/workspaces/isaac_ros-dev/src/ros2_ws/install/tracking_robot_pkg:/usr/local/libcudss-linux-0.3.0.9_cuda12-archive:/opt/ros/humble /usr/bin/cmake --build /workspaces/isaac_ros-dev/src/ros2_ws/build/tracking_robot_pkg -- -j6 -l6
