[35m[1mConsolidate compiler generated dependencies of target tracking_robot_server[0m
[ 50%] Built target tracking_robot_client
[ 75%] [32mBuilding CXX object CMakeFiles/tracking_robot_server.dir/src/tracking_robot_server.cpp.o[0m
[01m[K/workspaces/isaac_ros-dev/src/ros2_ws/src/tracking_robot_pkg/src/tracking_robot_server.cpp:[m[K In member function â€˜[01m[Kvoid TrackingRobotActionServer::depthCallback(sensor_msgs::msg::Image_<std::allocator<void> >::SharedPtr)[m[Kâ€™:
[01m[K/workspaces/isaac_ros-dev/src/ros2_ws/src/tracking_robot_pkg/src/tracking_robot_server.cpp:318:26:[m[K [01;31m[Kerror: [m[Kinvalid cast from type â€˜[01m[K__gnu_cxx::__alloc_traits<std::allocator<unsigned char>, unsigned char>::value_type[m[Kâ€™ {aka â€˜[01m[Kunsigned char[m[Kâ€™} to type â€˜[01m[Kfloat[m[Kâ€™
  318 |             bbox_depth = [01;31m[Kreinterpret_cast<const float>(msg->data[int(bbox_center_y) * msg->width + int(bbox_center_x)])[m[K;
      |                          [01;31m[K^~~~~~~~~~~~~~~~~~~~~~~~~~~~~~~~~~~~~~~~~~~~~~~~~~~~~~~~~~~~~~~~~~~~~~~~~~~~~~~~~~~~~~~~~~~~~~[m[K
gmake[2]: *** [CMakeFiles/tracking_robot_server.dir/build.make:76: CMakeFiles/tracking_robot_server.dir/src/tracking_robot_server.cpp.o] Error 1
gmake[1]: *** [CMakeFiles/Makefile2:165: CMakeFiles/tracking_robot_server.dir/all] Error 2
gmake: *** [Makefile:146: all] Error 2
