[0.029s] Invoking command in '/workspaces/isaac_ros-dev/src/ros2_ws/build/tracking_robot_pkg': CMAKE_PREFIX_PATH=/workspaces/isaac_ros-dev/src/ros2_ws/install/custom_interfaces:/workspaces/isaac_ros-dev/src/ros2_ws/install/tracking_robot_pkg:/usr/local/libcudss-linux-0.3.0.9_cuda12-archive:/opt/ros/humble /usr/bin/cmake --build /workspaces/isaac_ros-dev/src/ros2_ws/build/tracking_robot_pkg -- -j6 -l6
[0.145s] [35m[1mConsolidate compiler generated dependencies of target tracking_robot_server[0m
[0.184s] [ 50%] Built target tracking_robot_client
[0.190s] [ 75%] [32mBuilding CXX object CMakeFiles/tracking_robot_server.dir/src/tracking_robot_server.cpp.o[0m
[7.010s] [01m[K/workspaces/isaac_ros-dev/src/ros2_ws/src/tracking_robot_pkg/src/tracking_robot_server.cpp:161:9:[m[K [01;31m[Kerror: [m[Kexpected unqualified-id before â€˜[01m[Kif[m[Kâ€™
[7.010s]   161 |         [01;31m[Kif[m[K (rclcpp::ok()) {
[7.011s]       |         [01;31m[K^~[m[K
[7.012s] [01m[K/workspaces/isaac_ros-dev/src/ros2_ws/src/tracking_robot_pkg/src/tracking_robot_server.cpp:165:6:[m[K [01;31m[Kerror: [m[Kexpected â€˜[01m[K;[m[Kâ€™ after class definition
[7.012s]   165 |     }
[7.012s]       |      [01;31m[K^[m[K
[7.013s]       |      [32m[K;[m[K
[7.081s] [01m[K/workspaces/isaac_ros-dev/src/ros2_ws/src/tracking_robot_pkg/src/tracking_robot_server.cpp:[m[K In constructor â€˜[01m[KTrackingRobotActionServer::TrackingRobotActionServer(const rclcpp::NodeOptions&)[m[Kâ€™:
[7.081s] [01m[K/workspaces/isaac_ros-dev/src/ros2_ws/src/tracking_robot_pkg/src/tracking_robot_server.cpp:62:78:[m[K [01;31m[Kerror: [m[Kâ€˜[01m[Krealsense_callback[m[Kâ€™ is not a member of â€˜[01m[KTrackingRobotActionServer[m[Kâ€™
[7.082s]    62 |               "detections_output", 10, std::bind(&TrackingRobotActionServer::[01;31m[Krealsense_callback[m[K, this, _1));
[7.082s]       |                                                                              [01;31m[K^~~~~~~~~~~~~~~~~~[m[K
[7.107s] [01m[K/workspaces/isaac_ros-dev/src/ros2_ws/src/tracking_robot_pkg/src/tracking_robot_server.cpp:[m[K In member function â€˜[01m[Kvoid TrackingRobotActionServer::execute(std::shared_ptr<rclcpp_action::ServerGoalHandle<custom_interfaces::action::TrackingRobot> >)[m[Kâ€™:
[7.107s] [01m[K/workspaces/isaac_ros-dev/src/ros2_ws/src/tracking_robot_pkg/src/tracking_robot_server.cpp:148:13:[m[K [01;31m[Kerror: [m[Kâ€˜[01m[Kelse[m[Kâ€™ without a previous â€˜[01m[Kif[m[Kâ€™
[7.107s]   148 |             [01;31m[Kelse[m[K if (!object_detected && !object_detected_prev) {
[7.108s]       |             [01;31m[K^~~~[m[K
[7.130s] [01m[K/workspaces/isaac_ros-dev/src/ros2_ws/src/tracking_robot_pkg/src/tracking_robot_server.cpp:[m[K In function â€˜[01m[Kvoid realsense_callback(vision_msgs::msg::Detection2DArray_<std::allocator<void> >::SharedPtr)[m[Kâ€™:
[7.131s] [01m[K/workspaces/isaac_ros-dev/src/ros2_ws/src/tracking_robot_pkg/src/tracking_robot_server.cpp:172:23:[m[K [01;31m[Kerror: [m[Kâ€˜[01m[Kobject_name[m[Kâ€™ was not declared in this scope
[7.131s]   172 |             if (id == [01;31m[Kobject_name[m[K) {
[7.131s]       |                       [01;31m[K^~~~~~~~~~~[m[K
[7.145s] [01m[K/workspaces/isaac_ros-dev/src/ros2_ws/src/tracking_robot_pkg/src/tracking_robot_server.cpp:174:17:[m[K [01;31m[Kerror: [m[Kâ€˜[01m[Kobject_detected[m[Kâ€™ was not declared in this scope
[7.146s]   174 |                 [01;31m[Kobject_detected[m[K = true;
[7.146s]       |                 [01;31m[K^~~~~~~~~~~~~~~[m[K
[7.159s] [01m[K/workspaces/isaac_ros-dev/src/ros2_ws/src/tracking_robot_pkg/src/tracking_robot_server.cpp:175:17:[m[K [01;31m[Kerror: [m[Kâ€˜[01m[Kbbox_center_x[m[Kâ€™ was not declared in this scope
[7.160s]   175 |                 [01;31m[Kbbox_center_x[m[K = detection_p->detections[i].bbox.center.position.x;
[7.160s]       |                 [01;31m[K^~~~~~~~~~~~~[m[K
[7.173s] [01m[K/workspaces/isaac_ros-dev/src/ros2_ws/src/tracking_robot_pkg/src/tracking_robot_server.cpp:176:17:[m[K [01;31m[Kerror: [m[Kâ€˜[01m[Kbbox_center_y[m[Kâ€™ was not declared in this scope
[7.173s]   176 |                 [01;31m[Kbbox_center_y[m[K = detection_p->detections[i].bbox.center.position.y;
[7.173s]       |                 [01;31m[K^~~~~~~~~~~~~[m[K
[7.187s] [01m[K/workspaces/isaac_ros-dev/src/ros2_ws/src/tracking_robot_pkg/src/tracking_robot_server.cpp:180:17:[m[K [01;31m[Kerror: [m[Kâ€˜[01m[Kobject_detected[m[Kâ€™ was not declared in this scope
[7.187s]   180 |                 [01;31m[Kobject_detected[m[K = false;
[7.187s]       |                 [01;31m[K^~~~~~~~~~~~~~~[m[K
[7.188s] [01m[K/workspaces/isaac_ros-dev/src/ros2_ws/src/tracking_robot_pkg/src/tracking_robot_server.cpp:[m[K At global scope:
[7.188s] [01m[K/workspaces/isaac_ros-dev/src/ros2_ws/src/tracking_robot_pkg/src/tracking_robot_server.cpp:184:1:[m[K [01;31m[Kerror: [m[Kexpected declaration before â€˜[01m[K}[m[Kâ€™ token
[7.188s]   184 | [01;31m[K}[m[K;
[7.188s]       | [01;31m[K^[m[K
[9.171s] gmake[2]: *** [CMakeFiles/tracking_robot_server.dir/build.make:76: CMakeFiles/tracking_robot_server.dir/src/tracking_robot_server.cpp.o] Error 1
[9.172s] gmake[1]: *** [CMakeFiles/Makefile2:165: CMakeFiles/tracking_robot_server.dir/all] Error 2
[9.172s] gmake: *** [Makefile:146: all] Error 2
[9.178s] Invoked command in '/workspaces/isaac_ros-dev/src/ros2_ws/build/tracking_robot_pkg' returned '2': CMAKE_PREFIX_PATH=/workspaces/isaac_ros-dev/src/ros2_ws/install/custom_interfaces:/workspaces/isaac_ros-dev/src/ros2_ws/install/tracking_robot_pkg:/usr/local/libcudss-linux-0.3.0.9_cuda12-archive:/opt/ros/humble /usr/bin/cmake --build /workspaces/isaac_ros-dev/src/ros2_ws/build/tracking_robot_pkg -- -j6 -l6
