[0.005s] Invoking command in '/home/sebastian/ros2_ws/build/circle_wall_actions_pkg': CMAKE_PREFIX_PATH=/home/sebastian/ros2_ws/install/custom_interfaces:/home/sebastian/ros2_ws/install/circle_wall_actions_pkg:/home/sebastian/ros2_ws/install/topic_publisher_pkg:/opt/ros/humble /usr/bin/cmake --build /home/sebastian/ros2_ws/build/circle_wall_actions_pkg -- -j20 -l20
[0.042s] [35m[1mConsolidate compiler generated dependencies of target circle_wall_server[0m
[0.059s] [ 25%] [32mBuilding CXX object CMakeFiles/circle_wall_server.dir/src/circle_wall_server.cpp.o[0m
[0.061s] [ 75%] Built target circle_wall_client
[1.216s] [01m[K/home/sebastian/ros2_ws/src/circle_wall_actions_pkg/src/circle_wall_server.cpp:[m[K In member function â€˜[01m[Kvoid CircleWallActionServer::execute(std::shared_ptr<rclcpp_action::ServerGoalHandle<custom_interfaces::action::CircleWall> >)[m[Kâ€™:
[1.216s] [01m[K/home/sebastian/ros2_ws/src/circle_wall_actions_pkg/src/circle_wall_server.cpp:100:21:[m[K [01;31m[Kerror: [m[Kno matching function for call to â€˜[01m[Klock(std::mutex&)[m[Kâ€™
[1.216s]   100 |                 [01;31m[Klock(turn_mutex)[m[K;
[1.216s]       |                 [01;31m[K~~~~^~~~~~~~~~~~[m[K
[1.216s] In file included from [01m[K/usr/include/c++/11/future:38[m[K,
[1.216s]                  from [01m[K/opt/ros/humble/include/rclcpp/rclcpp/executors.hpp:18[m[K,
[1.216s]                  from [01m[K/opt/ros/humble/include/rclcpp/rclcpp/rclcpp.hpp:155[m[K,
[1.216s]                  from [01m[K/home/sebastian/ros2_ws/src/circle_wall_actions_pkg/src/circle_wall_server.cpp:5[m[K:
[1.216s] [01m[K/usr/include/c++/11/mutex:591:5:[m[K [01;36m[Knote: [m[Kcandidate: â€˜[01m[Ktemplate<class _L1, class _L2, class ... _L3> void std::lock(_L1&, _L2&, _L3& ...)[m[Kâ€™
[1.216s]   591 |     [01;36m[Klock[m[K(_L1& __l1, _L2& __l2, _L3&... __l3)
[1.216s]       |     [01;36m[K^~~~[m[K
[1.216s] [01m[K/usr/include/c++/11/mutex:591:5:[m[K [01;36m[Knote: [m[K  template argument deduction/substitution failed:
[1.216s] [01m[K/home/sebastian/ros2_ws/src/circle_wall_actions_pkg/src/circle_wall_server.cpp:100:21:[m[K [01;36m[Knote: [m[K  candidate expects at least 2 arguments, 1 provided
[1.216s]   100 |                 [01;36m[Klock(turn_mutex)[m[K;
[1.216s]       |                 [01;36m[K~~~~^~~~~~~~~~~~[m[K
[1.219s] [01m[K/home/sebastian/ros2_ws/src/circle_wall_actions_pkg/src/circle_wall_server.cpp:104:17:[m[K [01;31m[Kerror: [m[Kâ€˜[01m[Kunlock[m[Kâ€™ was not declared in this scope; did you mean â€˜[01m[Kunlockpt[m[Kâ€™?
[1.219s]   104 |                 [01;31m[Kunlock[m[K(turn_mutex);
[1.219s]       |                 [01;31m[K^~~~~~[m[K
[1.219s]       |                 [32m[Kunlockpt[m[K
[1.219s] [01m[K/home/sebastian/ros2_ws/src/circle_wall_actions_pkg/src/circle_wall_server.cpp:107:21:[m[K [01;31m[Kerror: [m[Kno matching function for call to â€˜[01m[Klock(std::mutex&)[m[Kâ€™
[1.219s]   107 |                 [01;31m[Klock(touched_mutex)[m[K
[1.219s]       |                 [01;31m[K~~~~^~~~~~~~~~~~~~~[m[K
[1.219s] In file included from [01m[K/usr/include/c++/11/future:38[m[K,
[1.220s]                  from [01m[K/opt/ros/humble/include/rclcpp/rclcpp/executors.hpp:18[m[K,
[1.220s]                  from [01m[K/opt/ros/humble/include/rclcpp/rclcpp/rclcpp.hpp:155[m[K,
[1.220s]                  from [01m[K/home/sebastian/ros2_ws/src/circle_wall_actions_pkg/src/circle_wall_server.cpp:5[m[K:
[1.220s] [01m[K/usr/include/c++/11/mutex:591:5:[m[K [01;36m[Knote: [m[Kcandidate: â€˜[01m[Ktemplate<class _L1, class _L2, class ... _L3> void std::lock(_L1&, _L2&, _L3& ...)[m[Kâ€™
[1.220s]   591 |     [01;36m[Klock[m[K(_L1& __l1, _L2& __l2, _L3&... __l3)
[1.220s]       |     [01;36m[K^~~~[m[K
[1.220s] [01m[K/usr/include/c++/11/mutex:591:5:[m[K [01;36m[Knote: [m[K  template argument deduction/substitution failed:
[1.220s] [01m[K/home/sebastian/ros2_ws/src/circle_wall_actions_pkg/src/circle_wall_server.cpp:107:21:[m[K [01;36m[Knote: [m[K  candidate expects at least 2 arguments, 1 provided
[1.220s]   107 |                 [01;36m[Klock(touched_mutex)[m[K
[1.220s]       |                 [01;36m[K~~~~^~~~~~~~~~~~~~~[m[K
[1.222s] [01m[K/home/sebastian/ros2_ws/src/circle_wall_actions_pkg/src/circle_wall_server.cpp:112:17:[m[K [01;31m[Kerror: [m[Kâ€˜[01m[Kunlock[m[Kâ€™ was not declared in this scope; did you mean â€˜[01m[Kunlockpt[m[Kâ€™?
[1.222s]   112 |                 [01;31m[Kunlock[m[K(touched_mutex);
[1.222s]       |                 [01;31m[K^~~~~~[m[K
[1.222s]       |                 [32m[Kunlockpt[m[K
[1.224s] [01m[K/home/sebastian/ros2_ws/src/circle_wall_actions_pkg/src/circle_wall_server.cpp:[m[K In member function â€˜[01m[Kvoid CircleWallActionServer::topic_callback(sensor_msgs::msg::LaserScan_<std::allocator<void> >::SharedPtr)[m[Kâ€™:
[1.224s] [01m[K/home/sebastian/ros2_ws/src/circle_wall_actions_pkg/src/circle_wall_server.cpp:175:29:[m[K [01;31m[Kerror: [m[Kno matching function for call to â€˜[01m[Klock(std::mutex&)[m[Kâ€™
[1.224s]   175 |                         [01;31m[Klock(turn_mutex)[m[K;
[1.224s]       |                         [01;31m[K~~~~^~~~~~~~~~~~[m[K
[1.224s] In file included from [01m[K/usr/include/c++/11/future:38[m[K,
[1.225s]                  from [01m[K/opt/ros/humble/include/rclcpp/rclcpp/executors.hpp:18[m[K,
[1.225s]                  from [01m[K/opt/ros/humble/include/rclcpp/rclcpp/rclcpp.hpp:155[m[K,
[1.225s]                  from [01m[K/home/sebastian/ros2_ws/src/circle_wall_actions_pkg/src/circle_wall_server.cpp:5[m[K:
[1.225s] [01m[K/usr/include/c++/11/mutex:591:5:[m[K [01;36m[Knote: [m[Kcandidate: â€˜[01m[Ktemplate<class _L1, class _L2, class ... _L3> void std::lock(_L1&, _L2&, _L3& ...)[m[Kâ€™
[1.225s]   591 |     [01;36m[Klock[m[K(_L1& __l1, _L2& __l2, _L3&... __l3)
[1.225s]       |     [01;36m[K^~~~[m[K
[1.225s] [01m[K/usr/include/c++/11/mutex:591:5:[m[K [01;36m[Knote: [m[K  template argument deduction/substitution failed:
[1.225s] [01m[K/home/sebastian/ros2_ws/src/circle_wall_actions_pkg/src/circle_wall_server.cpp:175:29:[m[K [01;36m[Knote: [m[K  candidate expects at least 2 arguments, 1 provided
[1.225s]   175 |                         [01;36m[Klock(turn_mutex)[m[K;
[1.225s]       |                         [01;36m[K~~~~^~~~~~~~~~~~[m[K
[1.227s] [01m[K/home/sebastian/ros2_ws/src/circle_wall_actions_pkg/src/circle_wall_server.cpp:177:25:[m[K [01;31m[Kerror: [m[Kâ€˜[01m[Kunlock[m[Kâ€™ was not declared in this scope; did you mean â€˜[01m[Kunlockpt[m[Kâ€™?
[1.227s]   177 |                         [01;31m[Kunlock[m[K(turn_mutex);
[1.227s]       |                         [01;31m[K^~~~~~[m[K
[1.227s]       |                         [32m[Kunlockpt[m[K
[1.227s] [01m[K/home/sebastian/ros2_ws/src/circle_wall_actions_pkg/src/circle_wall_server.cpp:185:25:[m[K [01;31m[Kerror: [m[Kno matching function for call to â€˜[01m[Klock(std::mutex&)[m[Kâ€™
[1.227s]   185 |                     [01;31m[Klock(touched_mutex)[m[K;
[1.227s]       |                     [01;31m[K~~~~^~~~~~~~~~~~~~~[m[K
[1.227s] In file included from [01m[K/usr/include/c++/11/future:38[m[K,
[1.227s]                  from [01m[K/opt/ros/humble/include/rclcpp/rclcpp/executors.hpp:18[m[K,
[1.227s]                  from [01m[K/opt/ros/humble/include/rclcpp/rclcpp/rclcpp.hpp:155[m[K,
[1.227s]                  from [01m[K/home/sebastian/ros2_ws/src/circle_wall_actions_pkg/src/circle_wall_server.cpp:5[m[K:
[1.227s] [01m[K/usr/include/c++/11/mutex:591:5:[m[K [01;36m[Knote: [m[Kcandidate: â€˜[01m[Ktemplate<class _L1, class _L2, class ... _L3> void std::lock(_L1&, _L2&, _L3& ...)[m[Kâ€™
[1.227s]   591 |     [01;36m[Klock[m[K(_L1& __l1, _L2& __l2, _L3&... __l3)
[1.227s]       |     [01;36m[K^~~~[m[K
[1.227s] [01m[K/usr/include/c++/11/mutex:591:5:[m[K [01;36m[Knote: [m[K  template argument deduction/substitution failed:
[1.227s] [01m[K/home/sebastian/ros2_ws/src/circle_wall_actions_pkg/src/circle_wall_server.cpp:185:25:[m[K [01;36m[Knote: [m[K  candidate expects at least 2 arguments, 1 provided
[1.227s]   185 |                     [01;36m[Klock(touched_mutex)[m[K;
[1.227s]       |                     [01;36m[K~~~~^~~~~~~~~~~~~~~[m[K
[1.229s] [01m[K/home/sebastian/ros2_ws/src/circle_wall_actions_pkg/src/circle_wall_server.cpp:187:21:[m[K [01;31m[Kerror: [m[Kâ€˜[01m[Kunlock[m[Kâ€™ was not declared in this scope; did you mean â€˜[01m[Kunlockpt[m[Kâ€™?
[1.229s]   187 |                     [01;31m[Kunlock[m[K(touched_mutex);
[1.229s]       |                     [01;31m[K^~~~~~[m[K
[1.229s]       |                     [32m[Kunlockpt[m[K
[2.515s] gmake[2]: *** [CMakeFiles/circle_wall_server.dir/build.make:76: CMakeFiles/circle_wall_server.dir/src/circle_wall_server.cpp.o] Error 1
[2.515s] gmake[1]: *** [CMakeFiles/Makefile2:139: CMakeFiles/circle_wall_server.dir/all] Error 2
[2.515s] gmake: *** [Makefile:146: all] Error 2
[2.517s] Invoked command in '/home/sebastian/ros2_ws/build/circle_wall_actions_pkg' returned '2': CMAKE_PREFIX_PATH=/home/sebastian/ros2_ws/install/custom_interfaces:/home/sebastian/ros2_ws/install/circle_wall_actions_pkg:/home/sebastian/ros2_ws/install/topic_publisher_pkg:/opt/ros/humble /usr/bin/cmake --build /home/sebastian/ros2_ws/build/circle_wall_actions_pkg -- -j20 -l20
