[35m[1mConsolidate compiler generated dependencies of target tracking_robot_server[0m
[ 50%] Built target tracking_robot_client
[ 75%] [32mBuilding CXX object CMakeFiles/tracking_robot_server.dir/src/tracking_robot_server.cpp.o[0m
[01m[K/workspaces/isaac_ros-dev/src/ros2_ws/src/tracking_robot_pkg/src/tracking_robot_server.cpp:69:10:[m[K [01;31m[Kerror: [m[Kexpected unqualified-id before â€˜[01m[Kbool[m[Kâ€™
   69 |     std::[01;31m[Kbool[m[K object_detected = false;
      |          [01;31m[K^~~~[m[K
[01m[K/workspaces/isaac_ros-dev/src/ros2_ws/src/tracking_robot_pkg/src/tracking_robot_server.cpp:70:10:[m[K [01;31m[Kerror: [m[Kexpected unqualified-id before â€˜[01m[Kbool[m[Kâ€™
   70 |     std::[01;31m[Kbool[m[K object_detected_prev = false;
      |          [01;31m[K^~~~[m[K
[01m[K/workspaces/isaac_ros-dev/src/ros2_ws/src/tracking_robot_pkg/src/tracking_robot_server.cpp:71:10:[m[K [01;31m[Kerror: [m[Kexpected unqualified-id before â€˜[01m[Kbool[m[Kâ€™
   71 |     std::[01;31m[Kbool[m[K not_done = true;
      |          [01;31m[K^~~~[m[K
[01m[K/workspaces/isaac_ros-dev/src/ros2_ws/src/tracking_robot_pkg/src/tracking_robot_server.cpp:[m[K In member function â€˜[01m[Kvoid TrackingRobotActionServer::execute(std::shared_ptr<rclcpp_action::ServerGoalHandle<custom_interfaces::action::TrackingRobot> >)[m[Kâ€™:
[01m[K/workspaces/isaac_ros-dev/src/ros2_ws/src/tracking_robot_pkg/src/tracking_robot_server.cpp:117:31:[m[K [01;31m[Kerror: [m[Kâ€˜[01m[Knot_done[m[Kâ€™ was not declared in this scope
  117 |         while(rclcpp::ok() && [01;31m[Knot_done[m[K){
      |                               [01;31m[K^~~~~~~~[m[K
[01m[K/workspaces/isaac_ros-dev/src/ros2_ws/src/tracking_robot_pkg/src/tracking_robot_server.cpp:123:17:[m[K [01;31m[Kerror: [m[Kâ€˜[01m[Kobject_detected[m[Kâ€™ was not declared in this scope
  123 |             if ([01;31m[Kobject_detected[m[K) {
      |                 [01;31m[K^~~~~~~~~~~~~~~[m[K
[01m[K/workspaces/isaac_ros-dev/src/ros2_ws/src/tracking_robot_pkg/src/tracking_robot_server.cpp:124:29:[m[K [01;31m[Kerror: [m[Kexpected primary-expression before â€˜[01m[K:[m[Kâ€™ token
  124 |                 switch(true)[01;31m[K:[m[K
      |                             [01;31m[K^[m[K
[01m[K/workspaces/isaac_ros-dev/src/ros2_ws/src/tracking_robot_pkg/src/tracking_robot_server.cpp:156:17:[m[K [01;31m[Kerror: [m[Kâ€˜[01m[Kobject_detected_prev[m[Kâ€™ was not declared in this scope
  156 |                 [01;31m[Kobject_detected_prev[m[K = true;
      |                 [01;31m[K^~~~~~~~~~~~~~~~~~~~[m[K
[01m[K/workspaces/isaac_ros-dev/src/ros2_ws/src/tracking_robot_pkg/src/tracking_robot_server.cpp:158:43:[m[K [01;31m[Kerror: [m[Kâ€˜[01m[Kobject_detected_prev[m[Kâ€™ was not declared in this scope
  158 |             else if (!object_detected && ![01;31m[Kobject_detected_prev[m[K) {
      |                                           [01;31m[K^~~~~~~~~~~~~~~~~~~~[m[K
[01m[K/workspaces/isaac_ros-dev/src/ros2_ws/src/tracking_robot_pkg/src/tracking_robot_server.cpp:[m[K In member function â€˜[01m[Kvoid TrackingRobotActionServer::realsense_callback(vision_msgs::msg::Detection2DArray_<std::allocator<void> >::SharedPtr)[m[Kâ€™:
[01m[K/workspaces/isaac_ros-dev/src/ros2_ws/src/tracking_robot_pkg/src/tracking_robot_server.cpp:184:17:[m[K [01;31m[Kerror: [m[Kâ€˜[01m[Kobject_detected[m[Kâ€™ was not declared in this scope
  184 |                 [01;31m[Kobject_detected[m[K = true;
      |                 [01;31m[K^~~~~~~~~~~~~~~[m[K
[01m[K/workspaces/isaac_ros-dev/src/ros2_ws/src/tracking_robot_pkg/src/tracking_robot_server.cpp:190:17:[m[K [01;31m[Kerror: [m[Kâ€˜[01m[Kobject_detected[m[Kâ€™ was not declared in this scope
  190 |                 [01;31m[Kobject_detected[m[K = false;
      |                 [01;31m[K^~~~~~~~~~~~~~~[m[K
gmake[2]: *** [CMakeFiles/tracking_robot_server.dir/build.make:76: CMakeFiles/tracking_robot_server.dir/src/tracking_robot_server.cpp.o] Error 1
gmake[1]: *** [CMakeFiles/Makefile2:165: CMakeFiles/tracking_robot_server.dir/all] Error 2
gmake: *** [Makefile:146: all] Error 2
