[0.026s] Invoking command in '/workspaces/isaac_ros-dev/src/ros2_ws/build/tracking_robot_pkg': CMAKE_PREFIX_PATH=/workspaces/isaac_ros-dev/src/ros2_ws/install/custom_interfaces:/workspaces/isaac_ros-dev/src/ros2_ws/install/tracking_robot_pkg:/usr/local/libcudss-linux-0.3.0.9_cuda12-archive:/opt/ros/humble /usr/bin/cmake --build /workspaces/isaac_ros-dev/src/ros2_ws/build/tracking_robot_pkg -- -j6 -l6
[0.133s] [35m[1mConsolidate compiler generated dependencies of target tracking_robot_server[0m
[0.167s] [ 50%] Built target tracking_robot_client
[0.176s] [ 75%] [32mBuilding CXX object CMakeFiles/tracking_robot_server.dir/src/tracking_robot_server.cpp.o[0m
[6.308s] [01m[K/workspaces/isaac_ros-dev/src/ros2_ws/src/tracking_robot_pkg/src/tracking_robot_server.cpp:69:10:[m[K [01;31m[Kerror: [m[Kexpected unqualified-id before â€˜[01m[Kbool[m[Kâ€™
[6.308s]    69 |     std::[01;31m[Kbool[m[K object_detected = false;
[6.309s]       |          [01;31m[K^~~~[m[K
[6.309s] [01m[K/workspaces/isaac_ros-dev/src/ros2_ws/src/tracking_robot_pkg/src/tracking_robot_server.cpp:70:10:[m[K [01;31m[Kerror: [m[Kexpected unqualified-id before â€˜[01m[Kbool[m[Kâ€™
[6.309s]    70 |     std::[01;31m[Kbool[m[K object_detected_prev = false;
[6.309s]       |          [01;31m[K^~~~[m[K
[6.310s] [01m[K/workspaces/isaac_ros-dev/src/ros2_ws/src/tracking_robot_pkg/src/tracking_robot_server.cpp:71:10:[m[K [01;31m[Kerror: [m[Kexpected unqualified-id before â€˜[01m[Kbool[m[Kâ€™
[6.310s]    71 |     std::[01;31m[Kbool[m[K not_done = true;
[6.310s]       |          [01;31m[K^~~~[m[K
[6.579s] [01m[K/workspaces/isaac_ros-dev/src/ros2_ws/src/tracking_robot_pkg/src/tracking_robot_server.cpp:[m[K In member function â€˜[01m[Kvoid TrackingRobotActionServer::execute(std::shared_ptr<rclcpp_action::ServerGoalHandle<custom_interfaces::action::TrackingRobot> >)[m[Kâ€™:
[6.579s] [01m[K/workspaces/isaac_ros-dev/src/ros2_ws/src/tracking_robot_pkg/src/tracking_robot_server.cpp:117:31:[m[K [01;31m[Kerror: [m[Kâ€˜[01m[Knot_done[m[Kâ€™ was not declared in this scope
[6.579s]   117 |         while(rclcpp::ok() && [01;31m[Knot_done[m[K){
[6.579s]       |                               [01;31m[K^~~~~~~~[m[K
[6.603s] [01m[K/workspaces/isaac_ros-dev/src/ros2_ws/src/tracking_robot_pkg/src/tracking_robot_server.cpp:123:17:[m[K [01;31m[Kerror: [m[Kâ€˜[01m[Kobject_detected[m[Kâ€™ was not declared in this scope
[6.604s]   123 |             if ([01;31m[Kobject_detected[m[K) {
[6.604s]       |                 [01;31m[K^~~~~~~~~~~~~~~[m[K
[6.604s] [01m[K/workspaces/isaac_ros-dev/src/ros2_ws/src/tracking_robot_pkg/src/tracking_robot_server.cpp:124:29:[m[K [01;31m[Kerror: [m[Kexpected primary-expression before â€˜[01m[K:[m[Kâ€™ token
[6.604s]   124 |                 switch(true)[01;31m[K:[m[K
[6.604s]       |                             [01;31m[K^[m[K
[6.629s] [01m[K/workspaces/isaac_ros-dev/src/ros2_ws/src/tracking_robot_pkg/src/tracking_robot_server.cpp:156:17:[m[K [01;31m[Kerror: [m[Kâ€˜[01m[Kobject_detected_prev[m[Kâ€™ was not declared in this scope
[6.629s]   156 |                 [01;31m[Kobject_detected_prev[m[K = true;
[6.629s]       |                 [01;31m[K^~~~~~~~~~~~~~~~~~~~[m[K
[6.653s] [01m[K/workspaces/isaac_ros-dev/src/ros2_ws/src/tracking_robot_pkg/src/tracking_robot_server.cpp:158:43:[m[K [01;31m[Kerror: [m[Kâ€˜[01m[Kobject_detected_prev[m[Kâ€™ was not declared in this scope
[6.653s]   158 |             else if (!object_detected && ![01;31m[Kobject_detected_prev[m[K) {
[6.653s]       |                                           [01;31m[K^~~~~~~~~~~~~~~~~~~~[m[K
[6.686s] [01m[K/workspaces/isaac_ros-dev/src/ros2_ws/src/tracking_robot_pkg/src/tracking_robot_server.cpp:[m[K In member function â€˜[01m[Kvoid TrackingRobotActionServer::realsense_callback(vision_msgs::msg::Detection2DArray_<std::allocator<void> >::SharedPtr)[m[Kâ€™:
[6.686s] [01m[K/workspaces/isaac_ros-dev/src/ros2_ws/src/tracking_robot_pkg/src/tracking_robot_server.cpp:184:17:[m[K [01;31m[Kerror: [m[Kâ€˜[01m[Kobject_detected[m[Kâ€™ was not declared in this scope
[6.687s]   184 |                 [01;31m[Kobject_detected[m[K = true;
[6.687s]       |                 [01;31m[K^~~~~~~~~~~~~~~[m[K
[6.705s] [01m[K/workspaces/isaac_ros-dev/src/ros2_ws/src/tracking_robot_pkg/src/tracking_robot_server.cpp:190:17:[m[K [01;31m[Kerror: [m[Kâ€˜[01m[Kobject_detected[m[Kâ€™ was not declared in this scope
[6.706s]   190 |                 [01;31m[Kobject_detected[m[K = false;
[6.706s]       |                 [01;31m[K^~~~~~~~~~~~~~~[m[K
[13.482s] gmake[2]: *** [CMakeFiles/tracking_robot_server.dir/build.make:76: CMakeFiles/tracking_robot_server.dir/src/tracking_robot_server.cpp.o] Error 1
[13.483s] gmake[1]: *** [CMakeFiles/Makefile2:165: CMakeFiles/tracking_robot_server.dir/all] Error 2
[13.483s] gmake: *** [Makefile:146: all] Error 2
[13.499s] Invoked command in '/workspaces/isaac_ros-dev/src/ros2_ws/build/tracking_robot_pkg' returned '2': CMAKE_PREFIX_PATH=/workspaces/isaac_ros-dev/src/ros2_ws/install/custom_interfaces:/workspaces/isaac_ros-dev/src/ros2_ws/install/tracking_robot_pkg:/usr/local/libcudss-linux-0.3.0.9_cuda12-archive:/opt/ros/humble /usr/bin/cmake --build /workspaces/isaac_ros-dev/src/ros2_ws/build/tracking_robot_pkg -- -j6 -l6
