-- Found ament_cmake: 1.3.11 (/opt/ros/humble/share/ament_cmake/cmake)
-- Found rclcpp: 16.0.11 (/opt/ros/humble/share/rclcpp/cmake)
-- Found rosidl_generator_c: 3.1.6 (/opt/ros/humble/share/rosidl_generator_c/cmake)
-- Found rosidl_adapter: 3.1.6 (/opt/ros/humble/share/rosidl_adapter/cmake)
-- Found rosidl_generator_cpp: 3.1.6 (/opt/ros/humble/share/rosidl_generator_cpp/cmake)
-- Using all available rosidl_typesupport_c: rosidl_typesupport_fastrtps_c;rosidl_typesupport_introspection_c
-- Using all available rosidl_typesupport_cpp: rosidl_typesupport_fastrtps_cpp;rosidl_typesupport_introspection_cpp
-- Found rmw_implementation_cmake: 6.1.2 (/opt/ros/humble/share/rmw_implementation_cmake/cmake)
-- Found rmw_fastrtps_cpp: 6.2.7 (/opt/ros/humble/share/rmw_fastrtps_cpp/cmake)
-- Using RMW implementation 'rmw_fastrtps_cpp' as default
-- Found geometry_msgs: 4.2.4 (/opt/ros/humble/share/geometry_msgs/cmake)
-- Found sensor_msgs: 4.2.4 (/opt/ros/humble/share/sensor_msgs/cmake)
-- Found ament_lint_auto: 0.12.11 (/opt/ros/humble/share/ament_lint_auto/cmake)
-- Added test 'cppcheck' to perform static code analysis on C / C++ code
-- Configured cppcheck include dirs: 
-- Configured cppcheck exclude dirs and/or files: 
-- Added test 'flake8' to check Python code syntax and style conventions
-- Added test 'lint_cmake' to check CMake code style
-- Added test 'pep257' to check Python code against some of the docstring style conventions in PEP 257
-- Added test 'uncrustify' to check C / C++ code style
-- Configured uncrustify additional arguments: 
-- Added test 'xmllint' to check XML markup files
-- Configuring done
-- Generating done
-- Build files have been written to: /home/sebastian/ros2_ws/build/topic_publisher_pkg
[35m[1mConsolidate compiler generated dependencies of target simple_subscriber[0m
[35m[1mConsolidate compiler generated dependencies of target simple_publisher[0m
[35m[1mConsolidate compiler generated dependencies of target move_robot[0m
[35m[1mConsolidate compiler generated dependencies of target simple_publisher_node[0m
[ 10%] [32mBuilding CXX object CMakeFiles/circle_wall.dir/src/circle_wall.cpp.o[0m
[ 30%] Built target simple_subscriber
[ 50%] Built target move_robot
[ 70%] Built target simple_publisher_node
[ 90%] Built target simple_publisher
[01m[K/home/sebastian/ros2_ws/src/topic_publisher_pkg/src/circle_wall.cpp:[m[K In member function â€˜[01m[Kvoid CircleWall::topic_callback(sensor_msgs::msg::LaserScan_<std::allocator<void> >::SharedPtr)[m[Kâ€™:
[01m[K/home/sebastian/ros2_ws/src/topic_publisher_pkg/src/circle_wall.cpp:32:27:[m[K [01;31m[Kerror: [m[Kâ€˜[01m[KSCAN_SIZE[m[Kâ€™ was not declared in this scope
   32 |       for (int i = 0; i < [01;31m[KSCAN_SIZE[m[K - 1; i++) {
      |                           [01;31m[K^~~~~~~~~[m[K
In file included from [01m[K/opt/ros/humble/include/rclcpp/rclcpp/logging.hpp:24[m[K,
                 from [01m[K/opt/ros/humble/include/rclcpp/rclcpp/experimental/subscription_intra_process_base.hpp:27[m[K,
                 from [01m[K/opt/ros/humble/include/rclcpp/rclcpp/experimental/ros_message_intra_process_buffer.hpp:25[m[K,
                 from [01m[K/opt/ros/humble/include/rclcpp/rclcpp/experimental/intra_process_manager.hpp:31[m[K,
                 from [01m[K/opt/ros/humble/include/rclcpp/rclcpp/publisher.hpp:35[m[K,
                 from [01m[K/home/sebastian/ros2_ws/src/topic_publisher_pkg/src/circle_wall.cpp:2[m[K:
[01m[K/home/sebastian/ros2_ws/src/topic_publisher_pkg/src/circle_wall.cpp:33:41:[m[K [01;35m[Kwarning: [m[Kformat â€˜[01m[K%f[m[Kâ€™ expects argument of type â€˜[01m[Kdouble[m[Kâ€™, but argument 5 has type â€˜[01m[Kint[m[Kâ€™ [[01;35m[K]8;;https://gcc.gnu.org/onlinedocs/gcc/Warning-Options.html#index-Wformat=-Wformat=]8;;[m[K]
   33 |         RCLCPP_INFO(this->get_logger(), [01;35m[K"laser scan: '%f'"[m[K, [32m[Ki[m[K, msg->ranges[i]);
      |                                         [01;35m[K^~~~~~~~~~~~~~~~~~[m[K  [32m[K~[m[K
      |                                                             [32m[K|[m[K
      |                                                             [32m[Kint[m[K
[01m[K/home/sebastian/ros2_ws/src/topic_publisher_pkg/src/circle_wall.cpp:33:56:[m[K [01;36m[Knote: [m[Kformat string is defined here
   33 |         RCLCPP_INFO(this->get_logger(), "laser scan: '[01;36m[K%f[m[K'", i, msg->ranges[i]);
      |                                                       [01;36m[K~^[m[K
      |                                                        [01;36m[K|[m[K
      |                                                        [01;36m[Kdouble[m[K
      |                                                       [32m[K%d[m[K
In file included from [01m[K/opt/ros/humble/include/rclcpp/rclcpp/logging.hpp:24[m[K,
                 from [01m[K/opt/ros/humble/include/rclcpp/rclcpp/experimental/subscription_intra_process_base.hpp:27[m[K,
                 from [01m[K/opt/ros/humble/include/rclcpp/rclcpp/experimental/ros_message_intra_process_buffer.hpp:25[m[K,
                 from [01m[K/opt/ros/humble/include/rclcpp/rclcpp/experimental/intra_process_manager.hpp:31[m[K,
                 from [01m[K/opt/ros/humble/include/rclcpp/rclcpp/publisher.hpp:35[m[K,
                 from [01m[K/home/sebastian/ros2_ws/src/topic_publisher_pkg/src/circle_wall.cpp:2[m[K:
[01m[K/home/sebastian/ros2_ws/src/topic_publisher_pkg/src/circle_wall.cpp:33:41:[m[K [01;35m[Kwarning: [m[Ktoo many arguments for format [[01;35m[K]8;;https://gcc.gnu.org/onlinedocs/gcc/Warning-Options.html#index-Wformat-extra-args-Wformat-extra-args]8;;[m[K]
   33 |         RCLCPP_INFO(this->get_logger(), [01;35m[K"laser scan: '%f'"[m[K, i, msg->ranges[i]);
      |                                         [01;35m[K^~~~~~~~~~~~~~~~~~[m[K
gmake[2]: *** [CMakeFiles/circle_wall.dir/build.make:76: CMakeFiles/circle_wall.dir/src/circle_wall.cpp.o] Error 1
gmake[1]: *** [CMakeFiles/Makefile2:249: CMakeFiles/circle_wall.dir/all] Error 2
gmake: *** [Makefile:146: all] Error 2
