[01m[K/workspaces/isaac_ros-dev/src/ros2_ws/src/tracking_robot_pkg/src/tracking_robot_client.cpp:18:12:[m[K [01;31m[Kerror: [m[KISO C++ forbids declaration of â€˜[01m[KTrackingRobotActionClient[m[Kâ€™ with no type [[01;31m[K-fpermissive[m[K]
   18 |   explicit [01;31m[KTrackingRobotActionClient[m[K(const rclcpp::NodeOptions & node_options = rclcpp::NodeOptions())
      |            [01;31m[K^~~~~~~~~~~~~~~~~~~~~~~~~[m[K
[01m[K/workspaces/isaac_ros-dev/src/ros2_ws/src/tracking_robot_pkg/src/tracking_robot_client.cpp:18:3:[m[K [01;31m[Kerror: [m[Konly declarations of constructors and conversion operators can be â€˜[01m[Kexplicit[m[Kâ€™
   18 |   [01;31m[Kexplicit[m[K TrackingRobotActionClient(const rclcpp::NodeOptions & node_options = rclcpp::NodeOptions())
      |   [01;31m[K^~~~~~~~[m[K
[01m[K/workspaces/isaac_ros-dev/src/ros2_ws/src/tracking_robot_pkg/src/tracking_robot_client.cpp:39:24:[m[K [01;31m[Kerror: [m[Kâ€˜[01m[Kstd_msgs[m[Kâ€™ does not name a type
   39 |   void send_goal(const [01;31m[Kstd_msgs[m[K::msg::String::SharedPtr msg)
      |                        [01;31m[K^~~~~~~~[m[K
[01m[K/workspaces/isaac_ros-dev/src/ros2_ws/src/tracking_robot_pkg/src/tracking_robot_client.cpp:39:37:[m[K [01;31m[Kerror: [m[Kexpected unqualified-id before â€˜[01m[K::[m[Kâ€™ token
   39 |   void send_goal(const std_msgs::msg[01;31m[K::[m[KString::SharedPtr msg)
      |                                     [01;31m[K^~[m[K
[01m[K/workspaces/isaac_ros-dev/src/ros2_ws/src/tracking_robot_pkg/src/tracking_robot_client.cpp:39:37:[m[K [01;31m[Kerror: [m[Kexpected â€˜[01m[K)[m[Kâ€™ before â€˜[01m[K::[m[Kâ€™ token
   39 |   void send_goal[34m[K([m[Kconst std_msgs::msg[01;31m[K:[m[K[32m[K:[m[KString::SharedPtr msg)
      |                 [34m[K~[m[K                   [01;31m[K^[m[K[32m[K~[m[K
      |                                     [32m[K)[m[K
[01m[K/workspaces/isaac_ros-dev/src/ros2_ws/src/tracking_robot_pkg/src/tracking_robot_client.cpp:39:34:[m[K [01;31m[Kerror: [m[Kexpected â€˜[01m[K;[m[Kâ€™ at end of member declaration
   39 |   void send_goal(const std_msgs::[01;31m[Kmsg[m[K::String::SharedPtr msg)
      |                                  [01;31m[K^~~[m[K
      |                                     [32m[K;[m[K
[01m[K/workspaces/isaac_ros-dev/src/ros2_ws/src/tracking_robot_pkg/src/tracking_robot_client.cpp:39:39:[m[K [01;31m[Kerror: [m[Kâ€˜[01m[KString[m[Kâ€™ in namespace â€˜[01m[K::[m[Kâ€™ does not name a type
   39 |   void send_goal(const std_msgs::msg::[01;31m[KString[m[K::SharedPtr msg)
      |                                       [01;31m[K^~~~~~[m[K
[01m[K/workspaces/isaac_ros-dev/src/ros2_ws/src/tracking_robot_pkg/src/tracking_robot_client.cpp:72:24:[m[K [01;31m[Kerror: [m[Kâ€˜[01m[Ksstd_msgs[m[Kâ€™ was not declared in this scope
   72 |   rclcpp::Subscription<[01;31m[Ksstd_msgs[m[K::msg::String>::SharedPtr subscription_;
      |                        [01;31m[K^~~~~~~~~[m[K
[01m[K/workspaces/isaac_ros-dev/src/ros2_ws/src/tracking_robot_pkg/src/tracking_robot_client.cpp:72:46:[m[K [01;31m[Kerror: [m[Ktemplate argument 1 is invalid
   72 |   rclcpp::Subscription<sstd_msgs::msg::String[01;31m[K>[m[K::SharedPtr subscription_;
      |                                              [01;31m[K^[m[K
[01m[K/workspaces/isaac_ros-dev/src/ros2_ws/src/tracking_robot_pkg/src/tracking_robot_client.cpp:72:46:[m[K [01;31m[Kerror: [m[Ktemplate argument 3 is invalid
[01m[K/workspaces/isaac_ros-dev/src/ros2_ws/src/tracking_robot_pkg/src/tracking_robot_client.cpp:72:46:[m[K [01;31m[Kerror: [m[Ktemplate argument 4 is invalid
[01m[K/workspaces/isaac_ros-dev/src/ros2_ws/src/tracking_robot_pkg/src/tracking_robot_client.cpp:72:46:[m[K [01;31m[Kerror: [m[Ktemplate argument 5 is invalid
[01m[K/workspaces/isaac_ros-dev/src/ros2_ws/src/tracking_robot_pkg/src/tracking_robot_client.cpp:72:49:[m[K [01;31m[Kerror: [m[Kexpected â€˜[01m[K;[m[Kâ€™ at end of member declaration
   72 |   rclcpp::Subscription<sstd_msgs::msg::String>::[01;31m[KSharedPtr[m[K subscription_;
      |                                                 [01;31m[K^~~~~~~~~[m[K
      |                                                          [32m[K;[m[K
[01m[K/workspaces/isaac_ros-dev/src/ros2_ws/src/tracking_robot_pkg/src/tracking_robot_client.cpp:72:59:[m[K [01;31m[Kerror: [m[Kâ€˜[01m[Ksubscription_[m[Kâ€™ does not name a type; did you mean â€˜[01m[Krmw_subscription_t[m[Kâ€™?
   72 |   rclcpp::Subscription<sstd_msgs::msg::String>::SharedPtr [01;31m[Ksubscription_[m[K;
      |                                                           [01;31m[K^~~~~~~~~~~~~[m[K
      |                                                           [32m[Krmw_subscription_t[m[K
[01m[K/workspaces/isaac_ros-dev/src/ros2_ws/src/tracking_robot_pkg/src/tracking_robot_client.cpp:74:29:[m[K [01;31m[Kerror: [m[Kâ€˜[01m[Kstd_msgs[m[Kâ€™ does not name a type
   74 |   void input_callback(const [01;31m[Kstd_msgs[m[K::msg::String::SharedPtr msg)
      |                             [01;31m[K^~~~~~~~[m[K
[01m[K/workspaces/isaac_ros-dev/src/ros2_ws/src/tracking_robot_pkg/src/tracking_robot_client.cpp:74:42:[m[K [01;31m[Kerror: [m[Kexpected unqualified-id before â€˜[01m[K::[m[Kâ€™ token
   74 |   void input_callback(const std_msgs::msg[01;31m[K::[m[KString::SharedPtr msg)
      |                                          [01;31m[K^~[m[K
[01m[K/workspaces/isaac_ros-dev/src/ros2_ws/src/tracking_robot_pkg/src/tracking_robot_client.cpp:74:42:[m[K [01;31m[Kerror: [m[Kexpected â€˜[01m[K)[m[Kâ€™ before â€˜[01m[K::[m[Kâ€™ token
   74 |   void input_callback[34m[K([m[Kconst std_msgs::msg[01;31m[K:[m[K[32m[K:[m[KString::SharedPtr msg)
      |                      [34m[K~[m[K                   [01;31m[K^[m[K[32m[K~[m[K
      |                                          [32m[K)[m[K
[01m[K/workspaces/isaac_ros-dev/src/ros2_ws/src/tracking_robot_pkg/src/tracking_robot_client.cpp:74:39:[m[K [01;31m[Kerror: [m[Kexpected â€˜[01m[K;[m[Kâ€™ at end of member declaration
   74 |   void input_callback(const std_msgs::[01;31m[Kmsg[m[K::String::SharedPtr msg)
      |                                       [01;31m[K^~~[m[K
      |                                          [32m[K;[m[K
[01m[K/workspaces/isaac_ros-dev/src/ros2_ws/src/tracking_robot_pkg/src/tracking_robot_client.cpp:74:44:[m[K [01;31m[Kerror: [m[Kâ€˜[01m[KString[m[Kâ€™ in namespace â€˜[01m[K::[m[Kâ€™ does not name a type
   74 |   void input_callback(const std_msgs::msg::[01;31m[KString[m[K::SharedPtr msg)
      |                                            [01;31m[K^~~~~~[m[K
[01m[K/workspaces/isaac_ros-dev/src/ros2_ws/src/tracking_robot_pkg/src/tracking_robot_client.cpp:[m[K In member function â€˜[01m[Kint TrackingRobotClient::TrackingRobotActionClient(const rclcpp::NodeOptions&)[m[Kâ€™:
[01m[K/workspaces/isaac_ros-dev/src/ros2_ws/src/tracking_robot_pkg/src/tracking_robot_client.cpp:19:5:[m[K [01;31m[Kerror: [m[Konly constructors take member initializers
   19 |   : [01;31m[KNode[m[K("tracking_robot_action_client", node_options), goal_done_(false)
      |     [01;31m[K^~~~[m[K
[01m[K/workspaces/isaac_ros-dev/src/ros2_ws/src/tracking_robot_pkg/src/tracking_robot_client.cpp:27:5:[m[K [01;31m[Kerror: [m[Kâ€˜[01m[Ksubscription_[m[Kâ€™ was not declared in this scope; did you mean â€˜[01m[Krmw_subscription_t[m[Kâ€™?
   27 |     [01;31m[Ksubscription_[m[K = this->create_subscription<std_msgs::msg::String>(
      |     [01;31m[K^~~~~~~~~~~~~[m[K
      |     [32m[Krmw_subscription_t[m[K
[01m[K/workspaces/isaac_ros-dev/src/ros2_ws/src/tracking_robot_pkg/src/tracking_robot_client.cpp:27:47:[m[K [01;31m[Kerror: [m[Kâ€˜[01m[Kstd_msgs[m[Kâ€™ was not declared in this scope
   27 |     subscription_ = this->create_subscription<[01;31m[Kstd_msgs[m[K::msg::String>(
      |                                               [01;31m[K^~~~~~~~[m[K
[01m[K/workspaces/isaac_ros-dev/src/ros2_ws/src/tracking_robot_pkg/src/tracking_robot_client.cpp:27:27:[m[K [01;31m[Kerror: [m[Kparse error in template argument list
   27 |     subscription_ = this->[01;31m[Kcreate_subscription<std_msgs::msg::String>[m[K(
      |                           [01;31m[K^~~~~~~~~~~~~~~~~~~~~~~~~~~~~~~~~~~~~~~~~~[m[K
[01m[K/workspaces/isaac_ros-dev/src/ros2_ws/src/tracking_robot_pkg/src/tracking_robot_client.cpp:28:32:[m[K [01;31m[Kerror: [m[Kâ€˜[01m[KTrackingRobotActionClient[m[Kâ€™ is not a class, namespace, or enumeration
   28 |       "object", 10, std::bind(&[01;31m[KTrackingRobotActionClient[m[K::input_callback, this, std::placeholders::_1));
      |                                [01;31m[K^~~~~~~~~~~~~~~~~~~~~~~~~[m[K
[01m[K/workspaces/isaac_ros-dev/src/ros2_ws/src/tracking_robot_pkg/src/tracking_robot_client.cpp:31:18:[m[K [01;31m[Kerror: [m[Kâ€˜[01m[KTrackingRobotActionClient[m[Kâ€™ is not a class, namespace, or enumeration
   31 |       std::bind(&[01;31m[KTrackingRobotActionClient[m[K::send_goal, this));
      |                  [01;31m[K^~~~~~~~~~~~~~~~~~~~~~~~~[m[K
[01m[K/workspaces/isaac_ros-dev/src/ros2_ws/src/tracking_robot_pkg/src/tracking_robot_client.cpp:32:3:[m[K [01;35m[Kwarning: [m[Kno return statement in function returning non-void [[01;35m[K-Wreturn-type[m[K]
   32 |   [01;35m[K}[m[K
      |   [01;35m[K^[m[K
[01m[K/workspaces/isaac_ros-dev/src/ros2_ws/src/tracking_robot_pkg/src/tracking_robot_client.cpp:[m[K In constructor â€˜[01m[KInputMonitorNode::InputMonitorNode()[m[Kâ€™:
[01m[K/workspaces/isaac_ros-dev/src/ros2_ws/src/tracking_robot_pkg/src/tracking_robot_client.cpp:126:5:[m[K [01;31m[Kerror: [m[Kâ€˜[01m[Kpublisher_[m[Kâ€™ was not declared in this scope; did you mean â€˜[01m[Krmw_publisher_t[m[Kâ€™?
  126 |     [01;31m[Kpublisher_[m[K = this->create_publisher<std_msgs::msg::String>("object", 10);
      |     [01;31m[K^~~~~~~~~~[m[K
      |     [32m[Krmw_publisher_t[m[K
[01m[K/workspaces/isaac_ros-dev/src/ros2_ws/src/tracking_robot_pkg/src/tracking_robot_client.cpp:126:41:[m[K [01;31m[Kerror: [m[Kâ€˜[01m[Kstd_msgs[m[Kâ€™ was not declared in this scope
  126 |     publisher_ = this->create_publisher<[01;31m[Kstd_msgs[m[K::msg::String>("object", 10);
      |                                         [01;31m[K^~~~~~~~[m[K
[01m[K/workspaces/isaac_ros-dev/src/ros2_ws/src/tracking_robot_pkg/src/tracking_robot_client.cpp:126:24:[m[K [01;31m[Kerror: [m[Kparse error in template argument list
  126 |     publisher_ = this->[01;31m[Kcreate_publisher<std_msgs::msg::String>[m[K("object", 10);
      |                        [01;31m[K^~~~~~~~~~~~~~~~~~~~~~~~~~~~~~~~~~~~~~~[m[K
[01m[K/workspaces/isaac_ros-dev/src/ros2_ws/src/tracking_robot_pkg/src/tracking_robot_client.cpp:126:63:[m[K [01;31m[Kerror: [m[Kno matching function for call to â€˜[01m[KInputMonitorNode::create_publisher<<expression error> >(const char [7], int)[m[Kâ€™
  126 |     publisher_ = [01;31m[Kthis->create_publisher<std_msgs::msg::String>("object", 10)[m[K;
      |                  [01;31m[K~~~~~~~~~~~~~~~~~~~~~~~~~~~~~~~~~~~~~~~~~~~~~^~~~~~~~~~~~~~[m[K
In file included from [01m[K/opt/ros/humble/include/rclcpp/rclcpp/executors/single_threaded_executor.hpp:28[m[K,
                 from [01m[K/opt/ros/humble/include/rclcpp/rclcpp/executors.hpp:22[m[K,
                 from [01m[K/opt/ros/humble/include/rclcpp/rclcpp/rclcpp.hpp:155[m[K,
                 from [01m[K/workspaces/isaac_ros-dev/src/ros2_ws/src/tracking_robot_pkg/src/tracking_robot_client.cpp:9[m[K:
[01m[K/opt/ros/humble/include/rclcpp/rclcpp/node.hpp:195:3:[m[K [01;36m[Knote: [m[Kcandidate: â€˜[01m[Ktemplate<class MessageT, class AllocatorT, class PublisherT> std::shared_ptr<PublisherT> rclcpp::Node::create_publisher(const string&, const rclcpp::QoS&, const rclcpp::PublisherOptionsWithAllocator<AllocatorT>&)[m[Kâ€™
  195 |   [01;36m[Kcreate_publisher[m[K(
      |   [01;36m[K^~~~~~~~~~~~~~~~[m[K
[01m[K/opt/ros/humble/include/rclcpp/rclcpp/node.hpp:195:3:[m[K [01;36m[Knote: [m[K  template argument deduction/substitution failed:
[01m[K/workspaces/isaac_ros-dev/src/ros2_ws/src/tracking_robot_pkg/src/tracking_robot_client.cpp:126:63:[m[K [01;31m[Kerror: [m[Ktemplate argument 1 is invalid
  126 |     publisher_ = [01;31m[Kthis->create_publisher<std_msgs::msg::String>("object", 10)[m[K;
      |                  [01;31m[K~~~~~~~~~~~~~~~~~~~~~~~~~~~~~~~~~~~~~~~~~~~~~^~~~~~~~~~~~~~[m[K
[01m[K/workspaces/isaac_ros-dev/src/ros2_ws/src/tracking_robot_pkg/src/tracking_robot_client.cpp:[m[K In member function â€˜[01m[Kvoid InputMonitorNode::readInput()[m[Kâ€™:
[01m[K/workspaces/isaac_ros-dev/src/ros2_ws/src/tracking_robot_pkg/src/tracking_robot_client.cpp:148:9:[m[K [01;31m[Kerror: [m[Kâ€˜[01m[Kpublisher_[m[Kâ€™ was not declared in this scope; did you mean â€˜[01m[Krmw_publisher_t[m[Kâ€™?
  148 |         [01;31m[Kpublisher_[m[K->publish(input.c_str());
      |         [01;31m[K^~~~~~~~~~[m[K
      |         [32m[Krmw_publisher_t[m[K
[01m[K/workspaces/isaac_ros-dev/src/ros2_ws/src/tracking_robot_pkg/src/tracking_robot_client.cpp:[m[K In function â€˜[01m[Kint main(int, char**)[m[Kâ€™:
[01m[K/workspaces/isaac_ros-dev/src/ros2_ws/src/tracking_robot_pkg/src/tracking_robot_client.cpp:160:41:[m[K [01;31m[Kerror: [m[Kâ€˜[01m[KTrackingRobotActionClient[m[Kâ€™ was not declared in this scope; did you mean â€˜[01m[KTrackingRobotClient[m[Kâ€™?
  160 |   auto action_client = std::make_shared<[01;31m[KTrackingRobotActionClient[m[K>();
      |                                         [01;31m[K^~~~~~~~~~~~~~~~~~~~~~~~~[m[K
      |                                         [32m[KTrackingRobotClient[m[K
[01m[K/workspaces/isaac_ros-dev/src/ros2_ws/src/tracking_robot_pkg/src/tracking_robot_client.cpp:160:67:[m[K [01;31m[Kerror: [m[Kno matching function for call to â€˜[01m[Kmake_shared<<expression error> >()[m[Kâ€™
  160 |   auto action_client = [01;31m[Kstd::make_shared<TrackingRobotActionClient>()[m[K;
      |                        [01;31m[K~~~~~~~~~~~~~~~~~~~~~~~~~~~~~~~~~~~~~~~~~~~^~[m[K
In file included from [01m[K/usr/include/c++/11/memory:77[m[K,
                 from [01m[K/workspaces/isaac_ros-dev/src/ros2_ws/src/tracking_robot_pkg/src/tracking_robot_client.cpp:2[m[K:
[01m[K/usr/include/c++/11/bits/shared_ptr.h:875:5:[m[K [01;36m[Knote: [m[Kcandidate: â€˜[01m[Ktemplate<class _Tp, class ... _Args> std::shared_ptr<_Tp> std::make_shared(_Args&& ...)[m[Kâ€™
  875 |     [01;36m[Kmake_shared[m[K(_Args&&... __args)
      |     [01;36m[K^~~~~~~~~~~[m[K
[01m[K/usr/include/c++/11/bits/shared_ptr.h:875:5:[m[K [01;36m[Knote: [m[K  template argument deduction/substitution failed:
[01m[K/workspaces/isaac_ros-dev/src/ros2_ws/src/tracking_robot_pkg/src/tracking_robot_client.cpp:160:67:[m[K [01;31m[Kerror: [m[Ktemplate argument 1 is invalid
  160 |   auto action_client = [01;31m[Kstd::make_shared<TrackingRobotActionClient>()[m[K;
      |                        [01;31m[K~~~~~~~~~~~~~~~~~~~~~~~~~~~~~~~~~~~~~~~~~~~^~[m[K
gmake[2]: *** [CMakeFiles/tracking_robot_client.dir/build.make:76: CMakeFiles/tracking_robot_client.dir/src/tracking_robot_client.cpp.o] Error 1
gmake[1]: *** [CMakeFiles/Makefile2:137: CMakeFiles/tracking_robot_client.dir/all] Error 2
gmake: *** [Makefile:146: all] Error 2
