[35m[1mConsolidate compiler generated dependencies of target circle_wall[0m
[ 20%] Built target simple_subscriber
[ 40%] Built target simple_publisher_node
[ 60%] Built target simple_publisher
[ 80%] Built target move_robot
[ 90%] [32mBuilding CXX object CMakeFiles/circle_wall.dir/src/circle_wall.cpp.o[0m
[01m[K/home/sebastian/ros2_ws/src/topic_publisher_pkg/src/circle_wall.cpp:[m[K In member function â€˜[01m[Kvoid CircleWall::topic_callback(sensor_msgs::msg::LaserScan_<std::allocator<void> >::SharedPtr)[m[Kâ€™:
[01m[K/home/sebastian/ros2_ws/src/topic_publisher_pkg/src/circle_wall.cpp:62:25:[m[K [01;31m[Kerror: [m[Kâ€˜[01m[Kstruct geometry_msgs::msg::Twist_<std::allocator<void> >[m[Kâ€™ has no member named â€˜[01m[Kliner[m[Kâ€™; did you mean â€˜[01m[Klinear[m[Kâ€™?
   62 |                 message.[01;31m[Kliner[m[K.x = 0.0;
      |                         [01;31m[K^~~~~[m[K
      |                         [32m[Klinear[m[K
gmake[2]: *** [CMakeFiles/circle_wall.dir/build.make:76: CMakeFiles/circle_wall.dir/src/circle_wall.cpp.o] Error 1
gmake[1]: *** [CMakeFiles/Makefile2:249: CMakeFiles/circle_wall.dir/all] Error 2
gmake: *** [Makefile:146: all] Error 2
