[0.010s] Invoking command in '/home/sebastian/ros2_ws/build/topic_publisher_pkg': CMAKE_PREFIX_PATH=${CMAKE_PREFIX_PATH}:/opt/ros/humble /usr/bin/cmake --build /home/sebastian/ros2_ws/build/topic_publisher_pkg -- -j20 -l20
[0.050s] [35m[1mConsolidate compiler generated dependencies of target circle_wall[0m
[0.058s] [ 20%] Built target simple_subscriber
[0.058s] [ 40%] Built target simple_publisher_node
[0.061s] [ 60%] Built target simple_publisher
[0.061s] [ 80%] Built target move_robot
[0.066s] [ 90%] [32mBuilding CXX object CMakeFiles/circle_wall.dir/src/circle_wall.cpp.o[0m
[2.034s] [01m[K/home/sebastian/ros2_ws/src/topic_publisher_pkg/src/circle_wall.cpp:[m[K In member function â€˜[01m[Kvoid CircleWall::topic_callback(sensor_msgs::msg::LaserScan_<std::allocator<void> >::SharedPtr)[m[Kâ€™:
[2.035s] [01m[K/home/sebastian/ros2_ws/src/topic_publisher_pkg/src/circle_wall.cpp:62:25:[m[K [01;31m[Kerror: [m[Kâ€˜[01m[Kstruct geometry_msgs::msg::Twist_<std::allocator<void> >[m[Kâ€™ has no member named â€˜[01m[Kliner[m[Kâ€™; did you mean â€˜[01m[Klinear[m[Kâ€™?
[2.035s]    62 |                 message.[01;31m[Kliner[m[K.x = 0.0;
[2.035s]       |                         [01;31m[K^~~~~[m[K
[2.035s]       |                         [32m[Klinear[m[K
[4.251s] gmake[2]: *** [CMakeFiles/circle_wall.dir/build.make:76: CMakeFiles/circle_wall.dir/src/circle_wall.cpp.o] Error 1
[4.251s] gmake[1]: *** [CMakeFiles/Makefile2:249: CMakeFiles/circle_wall.dir/all] Error 2
[4.255s] gmake: *** [Makefile:146: all] Error 2
[4.258s] Invoked command in '/home/sebastian/ros2_ws/build/topic_publisher_pkg' returned '2': CMAKE_PREFIX_PATH=${CMAKE_PREFIX_PATH}:/opt/ros/humble /usr/bin/cmake --build /home/sebastian/ros2_ws/build/topic_publisher_pkg -- -j20 -l20
