[01m[K/home/sebastian/ros2_ws/src/topic_publisher_pkg/src/circle_wall.cpp:[m[K In member function â€˜[01m[Kvoid CircleWall::topic_callback(sensor_msgs::msg::LaserScan_<std::allocator<void> >::SharedPtr)[m[Kâ€™:
[01m[K/home/sebastian/ros2_ws/src/topic_publisher_pkg/src/circle_wall.cpp:56:17:[m[K [01;31m[Kerror: [m[Kâ€˜[01m[KRCL_CPP_INFO[m[Kâ€™ was not declared in this scope; did you mean â€˜[01m[KRCLCPP_INFO[m[Kâ€™?
   56 |                 [01;31m[KRCL_CPP_INFO[m[K(this->get_logger(), "Turn Left Wall");
      |                 [01;31m[K^~~~~~~~~~~~[m[K
      |                 [32m[KRCLCPP_INFO[m[K
[01m[K/home/sebastian/ros2_ws/src/topic_publisher_pkg/src/circle_wall.cpp:61:17:[m[K [01;31m[Kerror: [m[Kâ€˜[01m[KRCL_CPP_INFO[m[Kâ€™ was not declared in this scope; did you mean â€˜[01m[KRCLCPP_INFO[m[Kâ€™?
   61 |                 [01;31m[KRCL_CPP_INFO[m[K(this->get_logger(), "Turn Right");
      |                 [01;31m[K^~~~~~~~~~~~[m[K
      |                 [32m[KRCLCPP_INFO[m[K
[01m[K/home/sebastian/ros2_ws/src/topic_publisher_pkg/src/circle_wall.cpp:66:17:[m[K [01;31m[Kerror: [m[Kâ€˜[01m[KRCL_CPP_INFO[m[Kâ€™ was not declared in this scope; did you mean â€˜[01m[KRCLCPP_INFO[m[Kâ€™?
   66 |                 [01;31m[KRCL_CPP_INFO[m[K(this->get_logger(), "Turn Left");
      |                 [01;31m[K^~~~~~~~~~~~[m[K
      |                 [32m[KRCLCPP_INFO[m[K
gmake[2]: *** [CMakeFiles/circle_wall.dir/build.make:76: CMakeFiles/circle_wall.dir/src/circle_wall.cpp.o] Error 1
gmake[1]: *** [CMakeFiles/Makefile2:249: CMakeFiles/circle_wall.dir/all] Error 2
gmake: *** [Makefile:146: all] Error 2
