[0.008s] Invoking command in '/home/sebastian/ros2_ws/build/topic_publisher_pkg': CMAKE_PREFIX_PATH=${CMAKE_PREFIX_PATH}:/opt/ros/humble /usr/bin/cmake --build /home/sebastian/ros2_ws/build/topic_publisher_pkg -- -j20 -l20
[0.052s] [ 20%] Built target simple_publisher_node
[0.062s] [35m[1mConsolidate compiler generated dependencies of target circle_wall[0m
[0.078s] [ 30%] [32mBuilding CXX object CMakeFiles/circle_wall.dir/src/circle_wall.cpp.o[0m
[2.065s] [01m[K/home/sebastian/ros2_ws/src/topic_publisher_pkg/src/circle_wall.cpp:[m[K In member function â€˜[01m[Kvoid CircleWall::topic_callback(sensor_msgs::msg::LaserScan_<std::allocator<void> >::SharedPtr)[m[Kâ€™:
[2.065s] [01m[K/home/sebastian/ros2_ws/src/topic_publisher_pkg/src/circle_wall.cpp:56:17:[m[K [01;31m[Kerror: [m[Kâ€˜[01m[KRCL_CPP_INFO[m[Kâ€™ was not declared in this scope; did you mean â€˜[01m[KRCLCPP_INFO[m[Kâ€™?
[2.065s]    56 |                 [01;31m[KRCL_CPP_INFO[m[K(this->get_logger(), "Turn Left Wall");
[2.065s]       |                 [01;31m[K^~~~~~~~~~~~[m[K
[2.065s]       |                 [32m[KRCLCPP_INFO[m[K
[2.072s] [01m[K/home/sebastian/ros2_ws/src/topic_publisher_pkg/src/circle_wall.cpp:61:17:[m[K [01;31m[Kerror: [m[Kâ€˜[01m[KRCL_CPP_INFO[m[Kâ€™ was not declared in this scope; did you mean â€˜[01m[KRCLCPP_INFO[m[Kâ€™?
[2.072s]    61 |                 [01;31m[KRCL_CPP_INFO[m[K(this->get_logger(), "Turn Right");
[2.072s]       |                 [01;31m[K^~~~~~~~~~~~[m[K
[2.072s]       |                 [32m[KRCLCPP_INFO[m[K
[2.078s] [01m[K/home/sebastian/ros2_ws/src/topic_publisher_pkg/src/circle_wall.cpp:66:17:[m[K [01;31m[Kerror: [m[Kâ€˜[01m[KRCL_CPP_INFO[m[Kâ€™ was not declared in this scope; did you mean â€˜[01m[KRCLCPP_INFO[m[Kâ€™?
[2.078s]    66 |                 [01;31m[KRCL_CPP_INFO[m[K(this->get_logger(), "Turn Left");
[2.078s]       |                 [01;31m[K^~~~~~~~~~~~[m[K
[2.078s]       |                 [32m[KRCLCPP_INFO[m[K
[3.686s] gmake[2]: *** [CMakeFiles/circle_wall.dir/build.make:76: CMakeFiles/circle_wall.dir/src/circle_wall.cpp.o] Error 1
[3.686s] gmake[1]: *** [CMakeFiles/Makefile2:249: CMakeFiles/circle_wall.dir/all] Error 2
[3.686s] gmake: *** [Makefile:146: all] Error 2
[3.688s] Invoked command in '/home/sebastian/ros2_ws/build/topic_publisher_pkg' returned '2': CMAKE_PREFIX_PATH=${CMAKE_PREFIX_PATH}:/opt/ros/humble /usr/bin/cmake --build /home/sebastian/ros2_ws/build/topic_publisher_pkg -- -j20 -l20
