[0.005s] Invoking command in '/home/sebastian/ros2_ws/build/circle_wall_actions_pkg': CMAKE_PREFIX_PATH=/home/sebastian/ros2_ws/install/custom_interfaces:/home/sebastian/ros2_ws/install/topic_publisher_pkg:/home/sebastian/ros2_ws/install/circle_wall_actions_pkg:/opt/ros/humble /usr/bin/cmake --build /home/sebastian/ros2_ws/build/circle_wall_actions_pkg -- -j20 -l20
[0.070s] [35m[1mConsolidate compiler generated dependencies of target circle_wall_server[0m
[0.080s] [ 50%] Built target circle_wall_client
[0.083s] [ 75%] [32mBuilding CXX object CMakeFiles/circle_wall_server.dir/src/circle_wall_server.cpp.o[0m
[1.272s] [01m[K/home/sebastian/ros2_ws/src/circle_wall_actions_pkg/src/circle_wall_server.cpp:[m[K In constructor â€˜[01m[KCircleWallActionServer::CircleWallActionServer(const rclcpp::NodeOptions&)[m[Kâ€™:
[1.272s] [01m[K/home/sebastian/ros2_ws/src/circle_wall_actions_pkg/src/circle_wall_server.cpp:33:9:[m[K [01;31m[Kerror: [m[Kâ€˜[01m[Ksubscription1_[m[Kâ€™ was not declared in this scope; did you mean â€˜[01m[Ksubscription_[m[Kâ€™?
[1.272s]    33 |         [01;31m[Ksubscription1_[m[K = this->create_subscription<sensor_msgs::msg::LaserScan>(
[1.272s]       |         [01;31m[K^~~~~~~~~~~~~~[m[K
[1.272s]       |         [32m[Ksubscription_[m[K
[1.276s] [01m[K/home/sebastian/ros2_ws/src/circle_wall_actions_pkg/src/circle_wall_server.cpp:35:9:[m[K [01;31m[Kerror: [m[Kâ€˜[01m[Ksubscription2_[m[Kâ€™ was not declared in this scope; did you mean â€˜[01m[Ksubscription_[m[Kâ€™?
[1.276s]    35 |         [01;31m[Ksubscription2_[m[K = this->create_subscription<std_msgs::msg::Bool>(
[1.276s]       |         [01;31m[K^~~~~~~~~~~~~~[m[K
[1.276s]       |         [32m[Ksubscription_[m[K
[2.880s] gmake[2]: *** [CMakeFiles/circle_wall_server.dir/build.make:76: CMakeFiles/circle_wall_server.dir/src/circle_wall_server.cpp.o] Error 1
[2.880s] gmake[1]: *** [CMakeFiles/Makefile2:139: CMakeFiles/circle_wall_server.dir/all] Error 2
[2.880s] gmake: *** [Makefile:146: all] Error 2
[2.881s] Invoked command in '/home/sebastian/ros2_ws/build/circle_wall_actions_pkg' returned '2': CMAKE_PREFIX_PATH=/home/sebastian/ros2_ws/install/custom_interfaces:/home/sebastian/ros2_ws/install/topic_publisher_pkg:/home/sebastian/ros2_ws/install/circle_wall_actions_pkg:/opt/ros/humble /usr/bin/cmake --build /home/sebastian/ros2_ws/build/circle_wall_actions_pkg -- -j20 -l20
