[01m[K/home/sebastian/ros2_ws/src/circle_wall_actions_pkg/src/circle_wall_server.cpp:198:2:[m[K [01;31m[Kerror: [m[Kexpected â€˜[01m[K}[m[Kâ€™ at end of input
  198 | }
      |  [01;31m[K^[m[K
[01m[K/home/sebastian/ros2_ws/src/circle_wall_actions_pkg/src/circle_wall_server.cpp:15:1:[m[K [01;36m[Knote: [m[Kto match this â€˜[01m[K{[m[Kâ€™
   15 | [01;36m[K{[m[K
      | [01;36m[K^[m[K
[01m[K/home/sebastian/ros2_ws/src/circle_wall_actions_pkg/src/circle_wall_server.cpp:[m[K In constructor â€˜[01m[KCircleWallActionServer::CircleWallActionServer(const rclcpp::NodeOptions&)[m[Kâ€™:
[01m[K/home/sebastian/ros2_ws/src/circle_wall_actions_pkg/src/circle_wall_server.cpp:31:61:[m[K [01;31m[Kerror: [m[Kâ€˜[01m[Ktopic_callback[m[Kâ€™ is not a member of â€˜[01m[KCircleWallActionServer[m[Kâ€™
   31 |             "lidar", 10, std::bind(&CircleWallActionServer::[01;31m[Ktopic_callback[m[K, this, _1));
      |                                                             [01;31m[K^~~~~~~~~~~~~~[m[K
[01m[K/home/sebastian/ros2_ws/src/circle_wall_actions_pkg/src/circle_wall_server.cpp:[m[K In member function â€˜[01m[Kvoid CircleWallActionServer::execute(std::shared_ptr<rclcpp_action::ServerGoalHandle<custom_interfaces::action::CircleWall> >)[m[Kâ€™:
[01m[K/home/sebastian/ros2_ws/src/circle_wall_actions_pkg/src/circle_wall_server.cpp:125:75:[m[K [01;31m[Kerror: [m[Ka function-definition is not allowed here before â€˜[01m[K{[m[Kâ€™ token
  125 |     void topic_callback(const sensor_msgs::msg::LaserScan::SharedPtr msg) [01;31m[K{[m[K
      |                                                                           [01;31m[K^[m[K
[01m[K/home/sebastian/ros2_ws/src/circle_wall_actions_pkg/src/circle_wall_server.cpp:[m[K At global scope:
[01m[K/home/sebastian/ros2_ws/src/circle_wall_actions_pkg/src/circle_wall_server.cpp:198:2:[m[K [01;31m[Kerror: [m[Kexpected unqualified-id at end of input
  198 | }
      |  [01;31m[K^[m[K
gmake[2]: *** [CMakeFiles/circle_wall_server.dir/build.make:76: CMakeFiles/circle_wall_server.dir/src/circle_wall_server.cpp.o] Error 1
gmake[1]: *** [CMakeFiles/Makefile2:139: CMakeFiles/circle_wall_server.dir/all] Error 2
gmake[1]: *** Waiting for unfinished jobs....
gmake: *** [Makefile:146: all] Error 2
