[0.005s] Invoking command in '/home/sebastian/ros2_ws/build/topic_publisher_pkg': CMAKE_PREFIX_PATH=/opt/ros/humble /usr/bin/cmake --build /home/sebastian/ros2_ws/build/topic_publisher_pkg -- -j20 -l20
[0.033s] [35m[1mConsolidate compiler generated dependencies of target simple_subscriber[0m
[0.033s] [35m[1mConsolidate compiler generated dependencies of target simple_publisher[0m
[0.041s] [ 12%] [32mBuilding CXX object CMakeFiles/simple_publisher.dir/src/simple_publisher.cpp.o[0m
[0.042s] [ 25%] [32mBuilding CXX object CMakeFiles/simple_subscriber.dir/src/simple_subscriber.cpp.o[0m
[0.043s] [ 50%] Built target simple_publisher_node
[0.044s] [ 75%] Built target move_robot
[1.121s] [01m[K/home/sebastian/ros2_ws/src/topic_publisher_pkg/src/simple_subscriber.cpp:9:3:[m[K [01;31m[Kerror: [m[KISO C++ forbids declaration of â€˜[01m[KSimpleSubscriber[m[Kâ€™ with no type [[01;31m[K]8;;https://gcc.gnu.org/onlinedocs/gcc/Warning-Options.html#index-fpermissive-fpermissive]8;;[m[K]
[1.121s]     9 |   [01;31m[KSimpleSubscriber[m[K()
[1.121s]       |   [01;31m[K^~~~~~~~~~~~~~~~[m[K
[1.141s] [01m[K/home/sebastian/ros2_ws/src/topic_publisher_pkg/src/simple_subscriber.cpp:[m[K In member function â€˜[01m[Kint SimplePublisher::SimpleSubscriber()[m[Kâ€™:
[1.141s] [01m[K/home/sebastian/ros2_ws/src/topic_publisher_pkg/src/simple_subscriber.cpp:10:5:[m[K [01;31m[Kerror: [m[Konly constructors take member initializers
[1.141s]    10 |   : [01;31m[KNode[m[K("simple_subscriber")
[1.142s]       |     [01;31m[K^~~~[m[K
[1.142s] [01m[K/home/sebastian/ros2_ws/src/topic_publisher_pkg/src/simple_subscriber.cpp:13:32:[m[K [01;31m[Kerror: [m[Kâ€˜[01m[KSimpleSubscriber[m[Kâ€™ is not a class, namespace, or enumeration
[1.142s]    13 |      "counter", 10, std::bind(&[01;31m[KSimpleSubscriber[m[K::topic_callback, this, _1));
[1.142s]       |                                [01;31m[K^~~~~~~~~~~~~~~~[m[K
[1.142s] [01m[K/home/sebastian/ros2_ws/src/topic_publisher_pkg/src/simple_subscriber.cpp:14:3:[m[K [01;35m[Kwarning: [m[Kno return statement in function returning non-void [[01;35m[K]8;;https://gcc.gnu.org/onlinedocs/gcc/Warning-Options.html#index-Wreturn-type-Wreturn-type]8;;[m[K]
[1.142s]    14 |   [01;35m[K}[m[K
[1.142s]       |   [01;35m[K^[m[K
[1.146s] [01m[K/home/sebastian/ros2_ws/src/topic_publisher_pkg/src/simple_subscriber.cpp:[m[K In function â€˜[01m[Kint main(int, char**)[m[Kâ€™:
[1.146s] [01m[K/home/sebastian/ros2_ws/src/topic_publisher_pkg/src/simple_subscriber.cpp:27:33:[m[K [01;31m[Kerror: [m[Kâ€˜[01m[KSimpleSubscriber[m[Kâ€™ was not declared in this scope
[1.146s]    27 |   rclcpp::spin(std::make_shared<[01;31m[KSimpleSubscriber[m[K>());
[1.146s]       |                                 [01;31m[K^~~~~~~~~~~~~~~~[m[K
[1.146s] [01m[K/home/sebastian/ros2_ws/src/topic_publisher_pkg/src/simple_subscriber.cpp:27:50:[m[K [01;31m[Kerror: [m[Kno matching function for call to â€˜[01m[Kmake_shared<<expression error> >()[m[Kâ€™
[1.146s]    27 |   rclcpp::spin([01;31m[Kstd::make_shared<SimpleSubscriber>()[m[K);
[1.146s]       |                [01;31m[K~~~~~~~~~~~~~~~~~~~~~~~~~~~~~~~~~~^~[m[K
[1.146s] In file included from [01m[K/usr/include/c++/11/memory:77[m[K,
[1.146s]                  from [01m[K/opt/ros/humble/include/rclcpp/rclcpp/rclcpp.hpp:153[m[K,
[1.146s]                  from [01m[K/home/sebastian/ros2_ws/src/topic_publisher_pkg/src/simple_subscriber.cpp:1[m[K:
[1.146s] [01m[K/usr/include/c++/11/bits/shared_ptr.h:875:5:[m[K [01;36m[Knote: [m[Kcandidate: â€˜[01m[Ktemplate<class _Tp, class ... _Args> std::shared_ptr<_Tp> std::make_shared(_Args&& ...)[m[Kâ€™
[1.146s]   875 |     [01;36m[Kmake_shared[m[K(_Args&&... __args)
[1.146s]       |     [01;36m[K^~~~~~~~~~~[m[K
[1.146s] [01m[K/usr/include/c++/11/bits/shared_ptr.h:875:5:[m[K [01;36m[Knote: [m[K  template argument deduction/substitution failed:
[1.146s] [01m[K/home/sebastian/ros2_ws/src/topic_publisher_pkg/src/simple_subscriber.cpp:27:50:[m[K [01;31m[Kerror: [m[Ktemplate argument 1 is invalid
[1.146s]    27 |   rclcpp::spin([01;31m[Kstd::make_shared<SimpleSubscriber>()[m[K);
[1.146s]       |                [01;31m[K~~~~~~~~~~~~~~~~~~~~~~~~~~~~~~~~~~^~[m[K
[1.352s] gmake[2]: *** [CMakeFiles/simple_subscriber.dir/build.make:76: CMakeFiles/simple_subscriber.dir/src/simple_subscriber.cpp.o] Error 1
[1.352s] gmake[1]: *** [CMakeFiles/Makefile2:221: CMakeFiles/simple_subscriber.dir/all] Error 2
[1.352s] gmake[1]: *** Waiting for unfinished jobs....
[2.106s] [ 87%] [32m[1mLinking CXX executable simple_publisher[0m
[2.237s] [ 87%] Built target simple_publisher
[2.237s] gmake: *** [Makefile:146: all] Error 2
[2.239s] Invoked command in '/home/sebastian/ros2_ws/build/topic_publisher_pkg' returned '2': CMAKE_PREFIX_PATH=/opt/ros/humble /usr/bin/cmake --build /home/sebastian/ros2_ws/build/topic_publisher_pkg -- -j20 -l20
