[0.003s] Invoking command in '/home/sebastian/ros2_ws/build/topic_publisher_pkg': CMAKE_PREFIX_PATH=${CMAKE_PREFIX_PATH}:/opt/ros/humble /usr/bin/cmake --build /home/sebastian/ros2_ws/build/topic_publisher_pkg -- -j20 -l20
[0.039s] [35m[1mConsolidate compiler generated dependencies of target circle_wall[0m
[0.050s] [ 40%] Built target simple_publisher_node
[0.050s] [ 40%] Built target move_robot
[0.050s] [ 60%] Built target simple_subscriber
[0.050s] [ 80%] Built target simple_publisher
[0.052s] [ 90%] [32mBuilding CXX object CMakeFiles/circle_wall.dir/src/circle_wall.cpp.o[0m
[2.010s] [01m[K/home/sebastian/ros2_ws/src/topic_publisher_pkg/src/circle_wall.cpp:88:7:[m[K [01;31m[Kerror: [m[Kâ€˜[01m[Kpublisher_[m[Kâ€™ does not name a type; did you mean â€˜[01m[Krmw_publisher_t[m[Kâ€™?
[2.010s]    88 |       [01;31m[Kpublisher_[m[K->publish(message);
[2.011s]       |       [01;31m[K^~~~~~~~~~[m[K
[2.011s]       |       [32m[Krmw_publisher_t[m[K
[2.021s] [01m[K/home/sebastian/ros2_ws/src/topic_publisher_pkg/src/circle_wall.cpp:[m[K In constructor â€˜[01m[KCircleWall::CircleWall()[m[Kâ€™:
[2.021s] [01m[K/home/sebastian/ros2_ws/src/topic_publisher_pkg/src/circle_wall.cpp:26:5:[m[K [01;31m[Kerror: [m[Kâ€˜[01m[Ksubscription_[m[Kâ€™ was not declared in this scope; did you mean â€˜[01m[Krmw_subscription_t[m[Kâ€™?
[2.021s]    26 |     [01;31m[Ksubscription_[m[K = this->create_subscription<sensor_msgs::msg::LaserScan>(
[2.021s]       |     [01;31m[K^~~~~~~~~~~~~[m[K
[2.021s]       |     [32m[Krmw_subscription_t[m[K
[2.065s] [01m[K/home/sebastian/ros2_ws/src/topic_publisher_pkg/src/circle_wall.cpp:28:5:[m[K [01;31m[Kerror: [m[Kâ€˜[01m[Kpublisher_[m[Kâ€™ was not declared in this scope; did you mean â€˜[01m[Krmw_publisher_t[m[Kâ€™?
[2.065s]    28 |     [01;31m[Kpublisher_[m[K =
[2.066s]       |     [01;31m[K^~~~~~~~~~[m[K
[2.066s]       |     [32m[Krmw_publisher_t[m[K
[2.072s] [01m[K/home/sebastian/ros2_ws/src/topic_publisher_pkg/src/circle_wall.cpp:[m[K In member function â€˜[01m[Kvoid CircleWall::topic_callback(sensor_msgs::msg::LaserScan_<std::allocator<void> >::SharedPtr)[m[Kâ€™:
[2.072s] [01m[K/home/sebastian/ros2_ws/src/topic_publisher_pkg/src/circle_wall.cpp:85:13:[m[K [01;31m[Kerror: [m[Kbreak statement not within loop or switch
[2.072s]    85 |             [01;31m[Kbreak[m[K;
[2.072s]       |             [01;31m[K^~~~~[m[K
[2.072s] [01m[K/home/sebastian/ros2_ws/src/topic_publisher_pkg/src/circle_wall.cpp:[m[K At global scope:
[2.072s] [01m[K/home/sebastian/ros2_ws/src/topic_publisher_pkg/src/circle_wall.cpp:91:3:[m[K [01;31m[Kerror: [m[Kspecializing member â€˜[01m[Krclcpp::Subscription<sensor_msgs::msg::LaserScan_<std::allocator<void> >, std::allocator<void>, sensor_msgs::msg::LaserScan_<std::allocator<void> >, sensor_msgs::msg::LaserScan_<std::allocator<void> >, rclcpp::message_memory_strategy::MessageMemoryStrategy<sensor_msgs::msg::LaserScan_<std::allocator<void> >, std::allocator<void> > >::SharedPtr[m[Kâ€™ requires â€˜[01m[Ktemplate<>[m[Kâ€™ syntax
[2.072s]    91 |   [01;31m[Krclcpp[m[K::Subscription<sensor_msgs::msg::LaserScan>::SharedPtr subscription_;
[2.072s]       |   [01;31m[K^~~~~~[m[K
[2.074s] [01m[K/home/sebastian/ros2_ws/src/topic_publisher_pkg/src/circle_wall.cpp:93:1:[m[K [01;31m[Kerror: [m[Kexpected declaration before â€˜[01m[K}[m[Kâ€™ token
[2.074s]    93 | [01;31m[K}[m[K;
[2.074s]       | [01;31m[K^[m[K
[3.779s] gmake[2]: *** [CMakeFiles/circle_wall.dir/build.make:76: CMakeFiles/circle_wall.dir/src/circle_wall.cpp.o] Error 1
[3.779s] gmake[1]: *** [CMakeFiles/Makefile2:249: CMakeFiles/circle_wall.dir/all] Error 2
[3.779s] gmake: *** [Makefile:146: all] Error 2
[3.781s] Invoked command in '/home/sebastian/ros2_ws/build/topic_publisher_pkg' returned '2': CMAKE_PREFIX_PATH=${CMAKE_PREFIX_PATH}:/opt/ros/humble /usr/bin/cmake --build /home/sebastian/ros2_ws/build/topic_publisher_pkg -- -j20 -l20
