[0.027s] Invoking command in '/workspaces/isaac_ros-dev/src/ros2_ws/build/tracking_robot_pkg': CMAKE_PREFIX_PATH=/workspaces/isaac_ros-dev/src/ros2_ws/install/custom_interfaces:/workspaces/isaac_ros-dev/src/ros2_ws/install/tracking_robot_pkg:/usr/local/libcudss-linux-0.3.0.9_cuda12-archive:/opt/ros/humble /usr/bin/cmake --build /workspaces/isaac_ros-dev/src/ros2_ws/build/tracking_robot_pkg -- -j6 -l6
[0.132s] [35m[1mConsolidate compiler generated dependencies of target tracking_robot_server[0m
[0.164s] [ 50%] Built target tracking_robot_client
[0.180s] [ 75%] [32mBuilding CXX object CMakeFiles/tracking_robot_server.dir/src/tracking_robot_server.cpp.o[0m
[6.464s] [01m[K/workspaces/isaac_ros-dev/src/ros2_ws/src/tracking_robot_pkg/src/tracking_robot_server.cpp:160:45:[m[K [01;31m[Kerror: [m[Kâ€˜[01m[KBool[m[Kâ€™ in namespace â€˜[01m[Kstd_msgs::msg[m[Kâ€™ does not name a type
[6.464s]   160 |     void wall_callback(const std_msgs::msg::[01;31m[KBool[m[K::SharedPtr msg) {
[6.464s]       |                                             [01;31m[K^~~~[m[K
[6.465s] [01m[K/workspaces/isaac_ros-dev/src/ros2_ws/src/tracking_robot_pkg/src/tracking_robot_server.cpp:160:61:[m[K [01;31m[Kerror: [m[Kexpected unqualified-id before â€˜[01m[Kmsg[m[Kâ€™
[6.465s]   160 |     void wall_callback(const std_msgs::msg::Bool::SharedPtr [01;31m[Kmsg[m[K) {
[6.465s]       |                                                             [01;31m[K^~~[m[K
[6.465s] [01m[K/workspaces/isaac_ros-dev/src/ros2_ws/src/tracking_robot_pkg/src/tracking_robot_server.cpp:160:60:[m[K [01;31m[Kerror: [m[Kexpected â€˜[01m[K)[m[Kâ€™ before â€˜[01m[Kmsg[m[Kâ€™
[6.466s]   160 |     void wall_callback[34m[K([m[Kconst std_msgs::msg::Bool::SharedPtr[01;31m[K [m[K[32m[Kmsg[m[K) {
[6.466s]       |                       [34m[K~[m[K                                    [01;31m[K^[m[K[32m[K~~~[m[K
[6.466s]       |                                                            [32m[K)[m[K
[6.466s] [01m[K/workspaces/isaac_ros-dev/src/ros2_ws/src/tracking_robot_pkg/src/tracking_robot_server.cpp:160:51:[m[K [01;31m[Kerror: [m[Kexpected â€˜[01m[K;[m[Kâ€™ at end of member declaration
[6.466s]   160 |     void wall_callback(const std_msgs::msg::Bool::[01;31m[KSharedPtr[m[K msg) {
[6.467s]       |                                                   [01;31m[K^~~~~~~~~[m[K
[6.467s]       |                                                            [32m[K;[m[K
[6.468s] [01m[K/workspaces/isaac_ros-dev/src/ros2_ws/src/tracking_robot_pkg/src/tracking_robot_server.cpp:160:61:[m[K [01;31m[Kerror: [m[Kâ€˜[01m[Kmsg[m[Kâ€™ does not name a type
[6.468s]   160 |     void wall_callback(const std_msgs::msg::Bool::SharedPtr [01;31m[Kmsg[m[K) {
[6.469s]       |                                                             [01;31m[K^~~[m[K
[6.487s] [01m[K/workspaces/isaac_ros-dev/src/ros2_ws/src/tracking_robot_pkg/src/tracking_robot_server.cpp:[m[K In constructor â€˜[01m[KTrackingRobotActionServer::TrackingRobotActionServer(const rclcpp::NodeOptions&)[m[Kâ€™:
[6.487s] [01m[K/workspaces/isaac_ros-dev/src/ros2_ws/src/tracking_robot_pkg/src/tracking_robot_server.cpp:53:61:[m[K [01;31m[Kerror: [m[Kâ€˜[01m[KCircle[m[Kâ€™ was not declared in this scope; did you mean â€˜[01m[Kcircles[m[Kâ€™?
[6.488s]    53 |         this->action_server_ = rclcpp_action::create_server<[01;31m[KCircle[m[K>(
[6.488s]       |                                                             [01;31m[K^~~~~~[m[K
[6.488s]       |                                                             [32m[Kcircles[m[K
[6.515s] [01m[K/workspaces/isaac_ros-dev/src/ros2_ws/src/tracking_robot_pkg/src/tracking_robot_server.cpp:53:68:[m[K [01;31m[Kerror: [m[Kno matching function for call to â€˜[01m[Kcreate_server<<expression error> >(TrackingRobotActionServer*, const char [11], std::_Bind_helper<false, rclcpp_action::GoalResponse (TrackingRobotActionServer::*)(const std::array<unsigned char, 16>&, std::shared_ptr<const custom_interfaces::action::TrackingRobot_Goal_<std::allocator<void> > >), TrackingRobotActionServer*, const std::_Placeholder<1>&, const std::_Placeholder<2>&>::type, std::_Bind_helper<false, rclcpp_action::CancelResponse (TrackingRobotActionServer::*)(std::shared_ptr<rclcpp_action::ServerGoalHandle<custom_interfaces::action::TrackingRobot> >), TrackingRobotActionServer*, const std::_Placeholder<1>&>::type, std::_Bind_helper<false, void (TrackingRobotActionServer::*)(std::shared_ptr<rclcpp_action::ServerGoalHandle<custom_interfaces::action::TrackingRobot> >), TrackingRobotActionServer*, const std::_Placeholder<1>&>::type)[m[Kâ€™
[6.515s]    53 |         this->action_server_ = [01;31m[Krclcpp_action::create_server<Circle>([m[K
[6.516s]       |                                [01;31m[K~~~~~~~~~~~~~~~~~~~~~~~~~~~~~~~~~~~~^[m[K
[6.516s]    54 | [01;31m[K        this,[m[K
[6.516s]       |         [01;31m[K~~~~~[m[K                                                       
[6.516s]    55 | [01;31m[K        "move_robot",[m[K
[6.517s]       |         [01;31m[K~~~~~~~~~~~~~[m[K                                               
[6.517s]    56 | [01;31m[K        std::bind(&TrackingRobotActionServer::handle_goal, this, _1, _2),[m[K
[6.517s]       |         [01;31m[K~~~~~~~~~~~~~~~~~~~~~~~~~~~~~~~~~~~~~~~~~~~~~~~~~~~~~~~~~~~~~~~~~[m[K
[6.517s]    57 | [01;31m[K        std::bind(&TrackingRobotActionServer::handle_cancel, this, _1),[m[K
[6.517s]       |         [01;31m[K~~~~~~~~~~~~~~~~~~~~~~~~~~~~~~~~~~~~~~~~~~~~~~~~~~~~~~~~~~~~~~~[m[K
[6.518s]    58 | [01;31m[K        std::bind(&TrackingRobotActionServer::handle_accepted, this, _1))[m[K;
[6.518s]       |         [01;31m[K~~~~~~~~~~~~~~~~~~~~~~~~~~~~~~~~~~~~~~~~~~~~~~~~~~~~~~~~~~~~~~~~~[m[K
[6.518s] In file included from [01m[K/opt/ros/humble/include/rclcpp_action/rclcpp_action/rclcpp_action.hpp:39[m[K,
[6.518s]                  from [01m[K/workspaces/isaac_ros-dev/src/ros2_ws/src/tracking_robot_pkg/src/tracking_robot_server.cpp:5[m[K:
[6.519s] [01m[K/opt/ros/humble/include/rclcpp_action/rclcpp_action/create_server.hpp:58:1:[m[K [01;36m[Knote: [m[Kcandidate: â€˜[01m[Ktemplate<class ActionT> typename rclcpp_action::Server<ActionT>::SharedPtr rclcpp_action::create_server(rclcpp::node_interfaces::NodeBaseInterface::SharedPtr, rclcpp::node_interfaces::NodeClockInterface::SharedPtr, rclcpp::node_interfaces::NodeLoggingInterface::SharedPtr, rclcpp::node_interfaces::NodeWaitablesInterface::SharedPtr, const string&, typename rclcpp_action::Server<ActionT>::GoalCallback, typename rclcpp_action::Server<ActionT>::CancelCallback, typename rclcpp_action::Server<ActionT>::AcceptedCallback, const rcl_action_server_options_t&, rclcpp::CallbackGroup::SharedPtr)[m[Kâ€™
[6.519s]    58 | [01;36m[Kcreate_server[m[K(
[6.519s]       | [01;36m[K^~~~~~~~~~~~~[m[K
[6.519s] [01m[K/opt/ros/humble/include/rclcpp_action/rclcpp_action/create_server.hpp:58:1:[m[K [01;36m[Knote: [m[K  template argument deduction/substitution failed:
[6.519s] [01m[K/workspaces/isaac_ros-dev/src/ros2_ws/src/tracking_robot_pkg/src/tracking_robot_server.cpp:53:68:[m[K [01;31m[Kerror: [m[Ktemplate argument 1 is invalid
[6.520s]    53 |         this->action_server_ = [01;31m[Krclcpp_action::create_server<Circle>([m[K
[6.520s]       |                                [01;31m[K~~~~~~~~~~~~~~~~~~~~~~~~~~~~~~~~~~~~^[m[K
[6.520s]    54 | [01;31m[K        this,[m[K
[6.520s]       |         [01;31m[K~~~~~[m[K                                                       
[6.520s]    55 | [01;31m[K        "move_robot",[m[K
[6.521s]       |         [01;31m[K~~~~~~~~~~~~~[m[K                                               
[6.521s]    56 | [01;31m[K        std::bind(&TrackingRobotActionServer::handle_goal, this, _1, _2),[m[K
[6.521s]       |         [01;31m[K~~~~~~~~~~~~~~~~~~~~~~~~~~~~~~~~~~~~~~~~~~~~~~~~~~~~~~~~~~~~~~~~~[m[K
[6.521s]    57 | [01;31m[K        std::bind(&TrackingRobotActionServer::handle_cancel, this, _1),[m[K
[6.522s]       |         [01;31m[K~~~~~~~~~~~~~~~~~~~~~~~~~~~~~~~~~~~~~~~~~~~~~~~~~~~~~~~~~~~~~~~[m[K
[6.522s]    58 | [01;31m[K        std::bind(&TrackingRobotActionServer::handle_accepted, this, _1))[m[K;
[6.522s]       |         [01;31m[K~~~~~~~~~~~~~~~~~~~~~~~~~~~~~~~~~~~~~~~~~~~~~~~~~~~~~~~~~~~~~~~~~[m[K
[6.522s] In file included from [01m[K/opt/ros/humble/include/rclcpp_action/rclcpp_action/rclcpp_action.hpp:39[m[K,
[6.523s]                  from [01m[K/workspaces/isaac_ros-dev/src/ros2_ws/src/tracking_robot_pkg/src/tracking_robot_server.cpp:5[m[K:
[6.523s] [01m[K/opt/ros/humble/include/rclcpp_action/rclcpp_action/create_server.hpp:132:1:[m[K [01;36m[Knote: [m[Kcandidate: â€˜[01m[Ktemplate<class ActionT, class NodeT> typename rclcpp_action::Server<ActionT>::SharedPtr rclcpp_action::create_server(NodeT, const string&, typename rclcpp_action::Server<ActionT>::GoalCallback, typename rclcpp_action::Server<ActionT>::CancelCallback, typename rclcpp_action::Server<ActionT>::AcceptedCallback, const rcl_action_server_options_t&, rclcpp::CallbackGroup::SharedPtr)[m[Kâ€™
[6.523s]   132 | [01;36m[Kcreate_server[m[K(
[6.523s]       | [01;36m[K^~~~~~~~~~~~~[m[K
[6.523s] [01m[K/opt/ros/humble/include/rclcpp_action/rclcpp_action/create_server.hpp:132:1:[m[K [01;36m[Knote: [m[K  template argument deduction/substitution failed:
[6.524s] [01m[K/workspaces/isaac_ros-dev/src/ros2_ws/src/tracking_robot_pkg/src/tracking_robot_server.cpp:53:68:[m[K [01;31m[Kerror: [m[Ktemplate argument 1 is invalid
[6.524s]    53 |         this->action_server_ = [01;31m[Krclcpp_action::create_server<Circle>([m[K
[6.524s]       |                                [01;31m[K~~~~~~~~~~~~~~~~~~~~~~~~~~~~~~~~~~~~^[m[K
[6.524s]    54 | [01;31m[K        this,[m[K
[6.524s]       |         [01;31m[K~~~~~[m[K                                                       
[6.525s]    55 | [01;31m[K        "move_robot",[m[K
[6.525s]       |         [01;31m[K~~~~~~~~~~~~~[m[K                                               
[6.525s]    56 | [01;31m[K        std::bind(&TrackingRobotActionServer::handle_goal, this, _1, _2),[m[K
[6.525s]       |         [01;31m[K~~~~~~~~~~~~~~~~~~~~~~~~~~~~~~~~~~~~~~~~~~~~~~~~~~~~~~~~~~~~~~~~~[m[K
[6.525s]    57 | [01;31m[K        std::bind(&TrackingRobotActionServer::handle_cancel, this, _1),[m[K
[6.526s]       |         [01;31m[K~~~~~~~~~~~~~~~~~~~~~~~~~~~~~~~~~~~~~~~~~~~~~~~~~~~~~~~~~~~~~~~[m[K
[6.526s]    58 | [01;31m[K        std::bind(&TrackingRobotActionServer::handle_accepted, this, _1))[m[K;
[6.526s]       |         [01;31m[K~~~~~~~~~~~~~~~~~~~~~~~~~~~~~~~~~~~~~~~~~~~~~~~~~~~~~~~~~~~~~~~~~[m[K
[6.526s] [01m[K/workspaces/isaac_ros-dev/src/ros2_ws/src/tracking_robot_pkg/src/tracking_robot_server.cpp:61:51:[m[K [01;31m[Kerror: [m[Kâ€˜[01m[KControl[m[Kâ€™ has not been declared
[6.526s]    61 |               "detections_output", 10, std::bind(&[01;31m[KControl[m[K::subscriber_callback, this, _1));
[6.526s]       |                                                   [01;31m[K^~~~~~~[m[K
[6.551s] [01m[K/workspaces/isaac_ros-dev/src/ros2_ws/src/tracking_robot_pkg/src/tracking_robot_server.cpp:[m[K In member function â€˜[01m[Kvoid TrackingRobotActionServer::execute(std::shared_ptr<rclcpp_action::ServerGoalHandle<custom_interfaces::action::TrackingRobot> >)[m[Kâ€™:
[6.551s] [01m[K/workspaces/isaac_ros-dev/src/ros2_ws/src/tracking_robot_pkg/src/tracking_robot_server.cpp:128:31:[m[K [01;31m[Kerror: [m[Kâ€˜[01m[Kusing element_type = const struct custom_interfaces::action::TrackingRobot_Goal_<std::allocator<void> >[m[Kâ€™ {aka â€˜[01m[Kconst struct custom_interfaces::action::TrackingRobot_Goal_<std::allocator<void> >[m[Kâ€™} has no member named â€˜[01m[Kcircles[m[Kâ€™
[6.551s]   128 |         while(circles < goal->[01;31m[Kcircles[m[K && rclcpp::ok()){
[6.551s]       |                               [01;31m[K^~~~~~~[m[K
[6.566s] [01m[K/workspaces/isaac_ros-dev/src/ros2_ws/src/tracking_robot_pkg/src/tracking_robot_server.cpp:[m[K In member function â€˜[01m[Kvoid TrackingRobotActionServer::subscriber_callback(vision_msgs::msg::Detection2DArray_<std::allocator<void> >::SharedPtr)[m[Kâ€™:
[6.566s] [01m[K/workspaces/isaac_ros-dev/src/ros2_ws/src/tracking_robot_pkg/src/tracking_robot_server.cpp:173:7:[m[K [01;31m[Kerror: [m[Kâ€˜[01m[Kstring[m[Kâ€™ was not declared in this scope
[6.566s]   173 |       [01;31m[Kstring[m[K id = results->hypothesis.class_id;
[6.566s]       |       [01;31m[K^~~~~~[m[K
[6.567s] [01m[K/workspaces/isaac_ros-dev/src/ros2_ws/src/tracking_robot_pkg/src/tracking_robot_server.cpp:173:7:[m[K [01;36m[Knote: [m[Ksuggested alternatives:
[6.567s] In file included from [01m[K/usr/include/c++/11/iosfwd:39[m[K,
[6.567s]                  from [01m[K/usr/include/c++/11/bits/shared_ptr.h:52[m[K,
[6.567s]                  from [01m[K/usr/include/c++/11/memory:77[m[K,
[6.568s]                  from [01m[K/workspaces/isaac_ros-dev/src/ros2_ws/src/tracking_robot_pkg/src/tracking_robot_server.cpp:2[m[K:
[6.568s] [01m[K/usr/include/c++/11/bits/stringfwd.h:79:33:[m[K [01;36m[Knote: [m[K  â€˜[01m[Kstd::string[m[Kâ€™
[6.568s]    79 |   typedef basic_string<char>    [01;36m[Kstring[m[K;
[6.569s]       |                                 [01;36m[K^~~~~~[m[K
[6.569s] In file included from [01m[K/usr/include/c++/11/stdexcept:39[m[K,
[6.569s]                  from [01m[K/usr/include/c++/11/system_error:41[m[K,
[6.569s]                  from [01m[K/usr/include/c++/11/mutex:42[m[K,
[6.569s]                  from [01m[K/usr/include/c++/11/future:38[m[K,
[6.570s]                  from [01m[K/opt/ros/humble/include/rclcpp/rclcpp/executors.hpp:18[m[K,
[6.570s]                  from [01m[K/opt/ros/humble/include/rclcpp/rclcpp/rclcpp.hpp:155[m[K,
[6.570s]                  from [01m[K/workspaces/isaac_ros-dev/src/ros2_ws/src/tracking_robot_pkg/src/tracking_robot_server.cpp:4[m[K:
[6.570s] [01m[K/usr/include/c++/11/string:67:11:[m[K [01;36m[Knote: [m[K  â€˜[01m[Kstd::pmr::string[m[Kâ€™
[6.570s]    67 |     using [01;36m[Kstring[m[K    = basic_string<char>;
[6.570s]       |           [01;36m[K^~~~~~[m[K
[6.571s] [01m[K/workspaces/isaac_ros-dev/src/ros2_ws/src/tracking_robot_pkg/src/tracking_robot_server.cpp:179:7:[m[K [01;31m[Kerror: [m[Kâ€˜[01m[Kcout[m[Kâ€™ was not declared in this scope; did you mean â€˜[01m[Kstd::cout[m[Kâ€™?
[6.571s]   179 |       [01;31m[Kcout[m[K << "Detected Object, id = " << id << ", score = ";
[6.571s]       |       [01;31m[K^~~~[m[K
[6.571s]       |       [32m[Kstd::cout[m[K
[6.571s] In file included from [01m[K/opt/ros/humble/include/rclcpp/rclcpp/executor.hpp:22[m[K,
[6.571s]                  from [01m[K/opt/ros/humble/include/rclcpp/rclcpp/executors/multi_threaded_executor.hpp:25[m[K,
[6.571s]                  from [01m[K/opt/ros/humble/include/rclcpp/rclcpp/executors.hpp:21[m[K,
[6.571s]                  from [01m[K/opt/ros/humble/include/rclcpp/rclcpp/rclcpp.hpp:155[m[K,
[6.572s]                  from [01m[K/workspaces/isaac_ros-dev/src/ros2_ws/src/tracking_robot_pkg/src/tracking_robot_server.cpp:4[m[K:
[6.572s] [01m[K/usr/include/c++/11/iostream:61:18:[m[K [01;36m[Knote: [m[Kâ€˜[01m[Kstd::cout[m[Kâ€™ declared here
[6.572s]    61 |   extern ostream [01;36m[Kcout[m[K;          /// Linked to standard output
[6.572s]       |                  [01;36m[K^~~~[m[K
[6.582s] [01m[K/workspaces/isaac_ros-dev/src/ros2_ws/src/tracking_robot_pkg/src/tracking_robot_server.cpp:179:43:[m[K [01;31m[Kerror: [m[Kâ€˜[01m[Kid[m[Kâ€™ was not declared in this scope; did you mean â€˜[01m[Ki[m[Kâ€™?
[6.582s]   179 |       cout << "Detected Object, id = " << [01;31m[Kid[m[K << ", score = ";
[6.582s]       |                                           [01;31m[K^~[m[K
[6.583s]       |                                           [32m[Ki[m[K
[6.583s] [01m[K/workspaces/isaac_ros-dev/src/ros2_ws/src/tracking_robot_pkg/src/tracking_robot_server.cpp:183:56:[m[K [01;31m[Kerror: [m[Kâ€˜[01m[Kendl[m[Kâ€™ was not declared in this scope; did you mean â€˜[01m[Kstd::endl[m[Kâ€™?
[6.584s]   183 |            << bbox_width << ", h = " << bbox_height << [01;31m[Kendl[m[K;
[6.584s]       |                                                        [01;31m[K^~~~[m[K
[6.584s]       |                                                        [32m[Kstd::endl[m[K
[6.584s] In file included from [01m[K/usr/include/c++/11/iostream:39[m[K,
[6.584s]                  from [01m[K/opt/ros/humble/include/rclcpp/rclcpp/executor.hpp:22[m[K,
[6.584s]                  from [01m[K/opt/ros/humble/include/rclcpp/rclcpp/executors/multi_threaded_executor.hpp:25[m[K,
[6.585s]                  from [01m[K/opt/ros/humble/include/rclcpp/rclcpp/executors.hpp:21[m[K,
[6.585s]                  from [01m[K/opt/ros/humble/include/rclcpp/rclcpp/rclcpp.hpp:155[m[K,
[6.585s]                  from [01m[K/workspaces/isaac_ros-dev/src/ros2_ws/src/tracking_robot_pkg/src/tracking_robot_server.cpp:4[m[K:
[6.585s] [01m[K/usr/include/c++/11/ostream:684:5:[m[K [01;36m[Knote: [m[Kâ€˜[01m[Kstd::endl[m[Kâ€™ declared here
[6.585s]   684 |     [01;36m[Kendl[m[K(basic_ostream<_CharT, _Traits>& __os)
[6.585s]       |     [01;36m[K^~~~[m[K
[6.585s] [01m[K/workspaces/isaac_ros-dev/src/ros2_ws/src/tracking_robot_pkg/src/tracking_robot_server.cpp:185:5:[m[K [01;31m[Kerror: [m[Kâ€˜[01m[Kcout[m[Kâ€™ was not declared in this scope; did you mean â€˜[01m[Kstd::cout[m[Kâ€™?
[6.586s]   185 |     [01;31m[Kcout[m[K << "*** end of detection frame ***" << endl << endl;
[6.586s]       |     [01;31m[K^~~~[m[K
[6.586s]       |     [32m[Kstd::cout[m[K
[6.586s] In file included from [01m[K/opt/ros/humble/include/rclcpp/rclcpp/executor.hpp:22[m[K,
[6.586s]                  from [01m[K/opt/ros/humble/include/rclcpp/rclcpp/executors/multi_threaded_executor.hpp:25[m[K,
[6.586s]                  from [01m[K/opt/ros/humble/include/rclcpp/rclcpp/executors.hpp:21[m[K,
[6.586s]                  from [01m[K/opt/ros/humble/include/rclcpp/rclcpp/rclcpp.hpp:155[m[K,
[6.586s]                  from [01m[K/workspaces/isaac_ros-dev/src/ros2_ws/src/tracking_robot_pkg/src/tracking_robot_server.cpp:4[m[K:
[6.587s] [01m[K/usr/include/c++/11/iostream:61:18:[m[K [01;36m[Knote: [m[Kâ€˜[01m[Kstd::cout[m[Kâ€™ declared here
[6.587s]    61 |   extern ostream [01;36m[Kcout[m[K;          /// Linked to standard output
[6.587s]       |                  [01;36m[K^~~~[m[K
[6.587s] [01m[K/workspaces/isaac_ros-dev/src/ros2_ws/src/tracking_robot_pkg/src/tracking_robot_server.cpp:185:49:[m[K [01;31m[Kerror: [m[Kâ€˜[01m[Kendl[m[Kâ€™ was not declared in this scope; did you mean â€˜[01m[Kstd::endl[m[Kâ€™?
[6.587s]   185 |     cout << "*** end of detection frame ***" << [01;31m[Kendl[m[K << endl;
[6.587s]       |                                                 [01;31m[K^~~~[m[K
[6.587s]       |                                                 [32m[Kstd::endl[m[K
[6.587s] In file included from [01m[K/usr/include/c++/11/iostream:39[m[K,
[6.588s]                  from [01m[K/opt/ros/humble/include/rclcpp/rclcpp/executor.hpp:22[m[K,
[6.588s]                  from [01m[K/opt/ros/humble/include/rclcpp/rclcpp/executors/multi_threaded_executor.hpp:25[m[K,
[6.588s]                  from [01m[K/opt/ros/humble/include/rclcpp/rclcpp/executors.hpp:21[m[K,
[6.588s]                  from [01m[K/opt/ros/humble/include/rclcpp/rclcpp/rclcpp.hpp:155[m[K,
[6.588s]                  from [01m[K/workspaces/isaac_ros-dev/src/ros2_ws/src/tracking_robot_pkg/src/tracking_robot_server.cpp:4[m[K:
[6.588s] [01m[K/usr/include/c++/11/ostream:684:5:[m[K [01;36m[Knote: [m[Kâ€˜[01m[Kstd::endl[m[Kâ€™ declared here
[6.588s]   684 |     [01;36m[Kendl[m[K(basic_ostream<_CharT, _Traits>& __os)
[6.588s]       |     [01;36m[K^~~~[m[K
[8.996s] gmake[2]: *** [CMakeFiles/tracking_robot_server.dir/build.make:76: CMakeFiles/tracking_robot_server.dir/src/tracking_robot_server.cpp.o] Error 1
[8.997s] gmake[1]: *** [CMakeFiles/Makefile2:165: CMakeFiles/tracking_robot_server.dir/all] Error 2
[8.998s] gmake: *** [Makefile:146: all] Error 2
[9.003s] Invoked command in '/workspaces/isaac_ros-dev/src/ros2_ws/build/tracking_robot_pkg' returned '2': CMAKE_PREFIX_PATH=/workspaces/isaac_ros-dev/src/ros2_ws/install/custom_interfaces:/workspaces/isaac_ros-dev/src/ros2_ws/install/tracking_robot_pkg:/usr/local/libcudss-linux-0.3.0.9_cuda12-archive:/opt/ros/humble /usr/bin/cmake --build /workspaces/isaac_ros-dev/src/ros2_ws/build/tracking_robot_pkg -- -j6 -l6
