[35m[1mConsolidate compiler generated dependencies of target tracking_robot_server[0m
[ 50%] Built target tracking_robot_client
[ 75%] [32mBuilding CXX object CMakeFiles/tracking_robot_server.dir/src/tracking_robot_server.cpp.o[0m
[01m[K/workspaces/isaac_ros-dev/src/ros2_ws/src/tracking_robot_pkg/src/tracking_robot_server.cpp:[m[K In member function â€˜[01m[Kvoid TrackingRobotActionServer::execute(std::shared_ptr<rclcpp_action::ServerGoalHandle<custom_interfaces::action::TrackingRobot> >)[m[Kâ€™:
[01m[K/workspaces/isaac_ros-dev/src/ros2_ws/src/tracking_robot_pkg/src/tracking_robot_server.cpp:126:113:[m[K [01;31m[Kerror: [m[Kuse of â€˜[01m[Kthis[m[Kâ€™ in a constant expression
  126 |                     case (bbox_center_x < 30 && bbox_center_x > -30 && bbox_center_y < 30 && bbox_center_y > -30[01;31m[K)[m[K:
      |                                                                                                                 [01;31m[K^[m[K
[01m[K/workspaces/isaac_ros-dev/src/ros2_ws/src/tracking_robot_pkg/src/tracking_robot_server.cpp:126:113:[m[K [01;31m[Kerror: [m[Kâ€˜[01m[Kthis[m[Kâ€™ is not a constant expression
[01m[K/workspaces/isaac_ros-dev/src/ros2_ws/src/tracking_robot_pkg/src/tracking_robot_server.cpp:131:91:[m[K [01;31m[Kerror: [m[Kuse of â€˜[01m[Kthis[m[Kâ€™ in a constant expression
  131 |                     case (bbox_center_x < -30 && bbox_center_y < 30 && bbox_center_y > -30[01;31m[K)[m[K:
      |                                                                                           [01;31m[K^[m[K
[01m[K/workspaces/isaac_ros-dev/src/ros2_ws/src/tracking_robot_pkg/src/tracking_robot_server.cpp:131:91:[m[K [01;31m[Kerror: [m[Kâ€˜[01m[Kthis[m[Kâ€™ is not a constant expression
[01m[K/workspaces/isaac_ros-dev/src/ros2_ws/src/tracking_robot_pkg/src/tracking_robot_server.cpp:134:90:[m[K [01;31m[Kerror: [m[Kuse of â€˜[01m[Kthis[m[Kâ€™ in a constant expression
  134 |                     case (bbox_center_x > 30 && bbox_center_y < 30 && bbox_center_y > -30[01;31m[K)[m[K:
      |                                                                                          [01;31m[K^[m[K
[01m[K/workspaces/isaac_ros-dev/src/ros2_ws/src/tracking_robot_pkg/src/tracking_robot_server.cpp:134:90:[m[K [01;31m[Kerror: [m[Kâ€˜[01m[Kthis[m[Kâ€™ is not a constant expression
[01m[K/workspaces/isaac_ros-dev/src/ros2_ws/src/tracking_robot_pkg/src/tracking_robot_server.cpp:137:90:[m[K [01;31m[Kerror: [m[Kuse of â€˜[01m[Kthis[m[Kâ€™ in a constant expression
  137 |                     case (bbox_center_x < 30 && bbox_center_x > -30 && bbox_center_y > 30[01;31m[K)[m[K:
      |                                                                                          [01;31m[K^[m[K
[01m[K/workspaces/isaac_ros-dev/src/ros2_ws/src/tracking_robot_pkg/src/tracking_robot_server.cpp:137:90:[m[K [01;31m[Kerror: [m[Kâ€˜[01m[Kthis[m[Kâ€™ is not a constant expression
[01m[K/workspaces/isaac_ros-dev/src/ros2_ws/src/tracking_robot_pkg/src/tracking_robot_server.cpp:140:91:[m[K [01;31m[Kerror: [m[Kuse of â€˜[01m[Kthis[m[Kâ€™ in a constant expression
  140 |                     case (bbox_center_x < 30 && bbox_center_x > -30 && bbox_center_y < -30[01;31m[K)[m[K:
      |                                                                                           [01;31m[K^[m[K
[01m[K/workspaces/isaac_ros-dev/src/ros2_ws/src/tracking_robot_pkg/src/tracking_robot_server.cpp:140:91:[m[K [01;31m[Kerror: [m[Kâ€˜[01m[Kthis[m[Kâ€™ is not a constant expression
[01m[K/workspaces/isaac_ros-dev/src/ros2_ws/src/tracking_robot_pkg/src/tracking_robot_server.cpp:143:68:[m[K [01;31m[Kerror: [m[Kuse of â€˜[01m[Kthis[m[Kâ€™ in a constant expression
  143 |                     case (bbox_center_x < -30 && bbox_center_y > 30[01;31m[K)[m[K:
      |                                                                    [01;31m[K^[m[K
[01m[K/workspaces/isaac_ros-dev/src/ros2_ws/src/tracking_robot_pkg/src/tracking_robot_server.cpp:143:68:[m[K [01;31m[Kerror: [m[Kâ€˜[01m[Kthis[m[Kâ€™ is not a constant expression
[01m[K/workspaces/isaac_ros-dev/src/ros2_ws/src/tracking_robot_pkg/src/tracking_robot_server.cpp:146:67:[m[K [01;31m[Kerror: [m[Kuse of â€˜[01m[Kthis[m[Kâ€™ in a constant expression
  146 |                     case (bbox_center_x > 30 && bbox_center_y > 30[01;31m[K)[m[K:
      |                                                                   [01;31m[K^[m[K
[01m[K/workspaces/isaac_ros-dev/src/ros2_ws/src/tracking_robot_pkg/src/tracking_robot_server.cpp:146:67:[m[K [01;31m[Kerror: [m[Kâ€˜[01m[Kthis[m[Kâ€™ is not a constant expression
[01m[K/workspaces/isaac_ros-dev/src/ros2_ws/src/tracking_robot_pkg/src/tracking_robot_server.cpp:149:69:[m[K [01;31m[Kerror: [m[Kuse of â€˜[01m[Kthis[m[Kâ€™ in a constant expression
  149 |                     case (bbox_center_x < -30 && bbox_center_y < -30[01;31m[K)[m[K:
      |                                                                     [01;31m[K^[m[K
[01m[K/workspaces/isaac_ros-dev/src/ros2_ws/src/tracking_robot_pkg/src/tracking_robot_server.cpp:149:69:[m[K [01;31m[Kerror: [m[Kâ€˜[01m[Kthis[m[Kâ€™ is not a constant expression
[01m[K/workspaces/isaac_ros-dev/src/ros2_ws/src/tracking_robot_pkg/src/tracking_robot_server.cpp:152:68:[m[K [01;31m[Kerror: [m[Kuse of â€˜[01m[Kthis[m[Kâ€™ in a constant expression
  152 |                     case (bbox_center_x > 30 && bbox_center_y < -30[01;31m[K)[m[K:
      |                                                                    [01;31m[K^[m[K
[01m[K/workspaces/isaac_ros-dev/src/ros2_ws/src/tracking_robot_pkg/src/tracking_robot_server.cpp:152:68:[m[K [01;31m[Kerror: [m[Kâ€˜[01m[Kthis[m[Kâ€™ is not a constant expression
gmake[2]: *** [CMakeFiles/tracking_robot_server.dir/build.make:76: CMakeFiles/tracking_robot_server.dir/src/tracking_robot_server.cpp.o] Error 1
gmake[1]: *** [CMakeFiles/Makefile2:165: CMakeFiles/tracking_robot_server.dir/all] Error 2
gmake: *** [Makefile:146: all] Error 2
