[0.038s] Invoking command in '/workspaces/isaac_ros-dev/src/ros2_ws/build/tracking_robot_pkg': CMAKE_PREFIX_PATH=/workspaces/isaac_ros-dev/src/ros2_ws/install/custom_interfaces:/workspaces/isaac_ros-dev/src/ros2_ws/install/tracking_robot_pkg:/usr/local/libcudss-linux-0.3.0.9_cuda12-archive:/opt/ros/humble /usr/bin/cmake --build /workspaces/isaac_ros-dev/src/ros2_ws/build/tracking_robot_pkg -- -j6 -l6
[0.181s] [35m[1mConsolidate compiler generated dependencies of target tracking_robot_server[0m
[0.224s] [ 50%] Built target tracking_robot_client
[0.242s] [ 75%] [32mBuilding CXX object CMakeFiles/tracking_robot_server.dir/src/tracking_robot_server.cpp.o[0m
[7.430s] [01m[K/workspaces/isaac_ros-dev/src/ros2_ws/src/tracking_robot_pkg/src/tracking_robot_server.cpp:[m[K In member function â€˜[01m[Kvoid TrackingRobotActionServer::execute(std::shared_ptr<rclcpp_action::ServerGoalHandle<custom_interfaces::action::TrackingRobot> >)[m[Kâ€™:
[7.430s] [01m[K/workspaces/isaac_ros-dev/src/ros2_ws/src/tracking_robot_pkg/src/tracking_robot_server.cpp:126:113:[m[K [01;31m[Kerror: [m[Kuse of â€˜[01m[Kthis[m[Kâ€™ in a constant expression
[7.431s]   126 |                     case (bbox_center_x < 30 && bbox_center_x > -30 && bbox_center_y < 30 && bbox_center_y > -30[01;31m[K)[m[K:
[7.431s]       |                                                                                                                 [01;31m[K^[m[K
[7.431s] [01m[K/workspaces/isaac_ros-dev/src/ros2_ws/src/tracking_robot_pkg/src/tracking_robot_server.cpp:126:113:[m[K [01;31m[Kerror: [m[Kâ€˜[01m[Kthis[m[Kâ€™ is not a constant expression
[7.431s] [01m[K/workspaces/isaac_ros-dev/src/ros2_ws/src/tracking_robot_pkg/src/tracking_robot_server.cpp:131:91:[m[K [01;31m[Kerror: [m[Kuse of â€˜[01m[Kthis[m[Kâ€™ in a constant expression
[7.431s]   131 |                     case (bbox_center_x < -30 && bbox_center_y < 30 && bbox_center_y > -30[01;31m[K)[m[K:
[7.432s]       |                                                                                           [01;31m[K^[m[K
[7.432s] [01m[K/workspaces/isaac_ros-dev/src/ros2_ws/src/tracking_robot_pkg/src/tracking_robot_server.cpp:131:91:[m[K [01;31m[Kerror: [m[Kâ€˜[01m[Kthis[m[Kâ€™ is not a constant expression
[7.432s] [01m[K/workspaces/isaac_ros-dev/src/ros2_ws/src/tracking_robot_pkg/src/tracking_robot_server.cpp:134:90:[m[K [01;31m[Kerror: [m[Kuse of â€˜[01m[Kthis[m[Kâ€™ in a constant expression
[7.432s]   134 |                     case (bbox_center_x > 30 && bbox_center_y < 30 && bbox_center_y > -30[01;31m[K)[m[K:
[7.432s]       |                                                                                          [01;31m[K^[m[K
[7.432s] [01m[K/workspaces/isaac_ros-dev/src/ros2_ws/src/tracking_robot_pkg/src/tracking_robot_server.cpp:134:90:[m[K [01;31m[Kerror: [m[Kâ€˜[01m[Kthis[m[Kâ€™ is not a constant expression
[7.432s] [01m[K/workspaces/isaac_ros-dev/src/ros2_ws/src/tracking_robot_pkg/src/tracking_robot_server.cpp:137:90:[m[K [01;31m[Kerror: [m[Kuse of â€˜[01m[Kthis[m[Kâ€™ in a constant expression
[7.432s]   137 |                     case (bbox_center_x < 30 && bbox_center_x > -30 && bbox_center_y > 30[01;31m[K)[m[K:
[7.433s]       |                                                                                          [01;31m[K^[m[K
[7.433s] [01m[K/workspaces/isaac_ros-dev/src/ros2_ws/src/tracking_robot_pkg/src/tracking_robot_server.cpp:137:90:[m[K [01;31m[Kerror: [m[Kâ€˜[01m[Kthis[m[Kâ€™ is not a constant expression
[7.433s] [01m[K/workspaces/isaac_ros-dev/src/ros2_ws/src/tracking_robot_pkg/src/tracking_robot_server.cpp:140:91:[m[K [01;31m[Kerror: [m[Kuse of â€˜[01m[Kthis[m[Kâ€™ in a constant expression
[7.433s]   140 |                     case (bbox_center_x < 30 && bbox_center_x > -30 && bbox_center_y < -30[01;31m[K)[m[K:
[7.433s]       |                                                                                           [01;31m[K^[m[K
[7.433s] [01m[K/workspaces/isaac_ros-dev/src/ros2_ws/src/tracking_robot_pkg/src/tracking_robot_server.cpp:140:91:[m[K [01;31m[Kerror: [m[Kâ€˜[01m[Kthis[m[Kâ€™ is not a constant expression
[7.433s] [01m[K/workspaces/isaac_ros-dev/src/ros2_ws/src/tracking_robot_pkg/src/tracking_robot_server.cpp:143:68:[m[K [01;31m[Kerror: [m[Kuse of â€˜[01m[Kthis[m[Kâ€™ in a constant expression
[7.433s]   143 |                     case (bbox_center_x < -30 && bbox_center_y > 30[01;31m[K)[m[K:
[7.434s]       |                                                                    [01;31m[K^[m[K
[7.434s] [01m[K/workspaces/isaac_ros-dev/src/ros2_ws/src/tracking_robot_pkg/src/tracking_robot_server.cpp:143:68:[m[K [01;31m[Kerror: [m[Kâ€˜[01m[Kthis[m[Kâ€™ is not a constant expression
[7.434s] [01m[K/workspaces/isaac_ros-dev/src/ros2_ws/src/tracking_robot_pkg/src/tracking_robot_server.cpp:146:67:[m[K [01;31m[Kerror: [m[Kuse of â€˜[01m[Kthis[m[Kâ€™ in a constant expression
[7.434s]   146 |                     case (bbox_center_x > 30 && bbox_center_y > 30[01;31m[K)[m[K:
[7.434s]       |                                                                   [01;31m[K^[m[K
[7.434s] [01m[K/workspaces/isaac_ros-dev/src/ros2_ws/src/tracking_robot_pkg/src/tracking_robot_server.cpp:146:67:[m[K [01;31m[Kerror: [m[Kâ€˜[01m[Kthis[m[Kâ€™ is not a constant expression
[7.434s] [01m[K/workspaces/isaac_ros-dev/src/ros2_ws/src/tracking_robot_pkg/src/tracking_robot_server.cpp:149:69:[m[K [01;31m[Kerror: [m[Kuse of â€˜[01m[Kthis[m[Kâ€™ in a constant expression
[7.434s]   149 |                     case (bbox_center_x < -30 && bbox_center_y < -30[01;31m[K)[m[K:
[7.435s]       |                                                                     [01;31m[K^[m[K
[7.435s] [01m[K/workspaces/isaac_ros-dev/src/ros2_ws/src/tracking_robot_pkg/src/tracking_robot_server.cpp:149:69:[m[K [01;31m[Kerror: [m[Kâ€˜[01m[Kthis[m[Kâ€™ is not a constant expression
[7.435s] [01m[K/workspaces/isaac_ros-dev/src/ros2_ws/src/tracking_robot_pkg/src/tracking_robot_server.cpp:152:68:[m[K [01;31m[Kerror: [m[Kuse of â€˜[01m[Kthis[m[Kâ€™ in a constant expression
[7.435s]   152 |                     case (bbox_center_x > 30 && bbox_center_y < -30[01;31m[K)[m[K:
[7.435s]       |                                                                    [01;31m[K^[m[K
[7.435s] [01m[K/workspaces/isaac_ros-dev/src/ros2_ws/src/tracking_robot_pkg/src/tracking_robot_server.cpp:152:68:[m[K [01;31m[Kerror: [m[Kâ€˜[01m[Kthis[m[Kâ€™ is not a constant expression
[14.508s] gmake[2]: *** [CMakeFiles/tracking_robot_server.dir/build.make:76: CMakeFiles/tracking_robot_server.dir/src/tracking_robot_server.cpp.o] Error 1
[14.508s] gmake[1]: *** [CMakeFiles/Makefile2:165: CMakeFiles/tracking_robot_server.dir/all] Error 2
[14.509s] gmake: *** [Makefile:146: all] Error 2
[14.536s] Invoked command in '/workspaces/isaac_ros-dev/src/ros2_ws/build/tracking_robot_pkg' returned '2': CMAKE_PREFIX_PATH=/workspaces/isaac_ros-dev/src/ros2_ws/install/custom_interfaces:/workspaces/isaac_ros-dev/src/ros2_ws/install/tracking_robot_pkg:/usr/local/libcudss-linux-0.3.0.9_cuda12-archive:/opt/ros/humble /usr/bin/cmake --build /workspaces/isaac_ros-dev/src/ros2_ws/build/tracking_robot_pkg -- -j6 -l6
