[0.026s] Invoking command in '/workspaces/isaac_ros-dev/src/ros2_ws/build/tracking_robot_pkg': AMENT_PREFIX_PATH=/workspaces/isaac_ros-dev/src/ros2_ws/install/custom_interfaces:${AMENT_PREFIX_PATH} CMAKE_PREFIX_PATH=/workspaces/isaac_ros-dev/src/ros2_ws/install/custom_interfaces:/usr/local/libcudss-linux-0.3.0.9_cuda12-archive:/opt/ros/humble LD_LIBRARY_PATH=/workspaces/isaac_ros-dev/src/ros2_ws/install/custom_interfaces/lib:${LD_LIBRARY_PATH} PYTHONPATH=/workspaces/isaac_ros-dev/src/ros2_ws/install/custom_interfaces/local/lib/python3.10/dist-packages:${PYTHONPATH} /usr/bin/cmake --build /workspaces/isaac_ros-dev/src/ros2_ws/build/tracking_robot_pkg -- -j6 -l6
[0.131s] [35m[1mConsolidate compiler generated dependencies of target tracking_robot_client[0m
[0.174s] [ 50%] [32mBuilding CXX object CMakeFiles/tracking_robot_client.dir/src/tracking_robot_client.cpp.o[0m
[6.617s] [01m[K/workspaces/isaac_ros-dev/src/ros2_ws/src/tracking_robot_pkg/src/tracking_robot_client.cpp:73:24:[m[K [01;31m[Kerror: [m[Kâ€˜[01m[Ksstd_msgs[m[Kâ€™ was not declared in this scope; did you mean â€˜[01m[Kstd_msgs[m[Kâ€™?
[6.618s]    73 |   rclcpp::Subscription<[01;31m[Ksstd_msgs[m[K::msg::String>::SharedPtr subscription_;
[6.618s]       |                        [01;31m[K^~~~~~~~~[m[K
[6.618s]       |                        [32m[Kstd_msgs[m[K
[6.618s] [01m[K/workspaces/isaac_ros-dev/src/ros2_ws/src/tracking_robot_pkg/src/tracking_robot_client.cpp:73:46:[m[K [01;31m[Kerror: [m[Ktemplate argument 1 is invalid
[6.618s]    73 |   rclcpp::Subscription<sstd_msgs::msg::String[01;31m[K>[m[K::SharedPtr subscription_;
[6.618s]       |                                              [01;31m[K^[m[K
[6.619s] [01m[K/workspaces/isaac_ros-dev/src/ros2_ws/src/tracking_robot_pkg/src/tracking_robot_client.cpp:73:46:[m[K [01;31m[Kerror: [m[Ktemplate argument 3 is invalid
[6.619s] [01m[K/workspaces/isaac_ros-dev/src/ros2_ws/src/tracking_robot_pkg/src/tracking_robot_client.cpp:73:46:[m[K [01;31m[Kerror: [m[Ktemplate argument 4 is invalid
[6.619s] [01m[K/workspaces/isaac_ros-dev/src/ros2_ws/src/tracking_robot_pkg/src/tracking_robot_client.cpp:73:46:[m[K [01;31m[Kerror: [m[Ktemplate argument 5 is invalid
[6.619s] [01m[K/workspaces/isaac_ros-dev/src/ros2_ws/src/tracking_robot_pkg/src/tracking_robot_client.cpp:73:49:[m[K [01;31m[Kerror: [m[Kexpected â€˜[01m[K;[m[Kâ€™ at end of member declaration
[6.619s]    73 |   rclcpp::Subscription<sstd_msgs::msg::String>::[01;31m[KSharedPtr[m[K subscription_;
[6.619s]       |                                                 [01;31m[K^~~~~~~~~[m[K
[6.619s]       |                                                          [32m[K;[m[K
[6.622s] [01m[K/workspaces/isaac_ros-dev/src/ros2_ws/src/tracking_robot_pkg/src/tracking_robot_client.cpp:73:59:[m[K [01;31m[Kerror: [m[Kâ€˜[01m[Ksubscription_[m[Kâ€™ does not name a type; did you mean â€˜[01m[Krmw_subscription_t[m[Kâ€™?
[6.622s]    73 |   rclcpp::Subscription<sstd_msgs::msg::String>::SharedPtr [01;31m[Ksubscription_[m[K;
[6.623s]       |                                                           [01;31m[K^~~~~~~~~~~~~[m[K
[6.623s]       |                                                           [32m[Krmw_subscription_t[m[K
[6.648s] [01m[K/workspaces/isaac_ros-dev/src/ros2_ws/src/tracking_robot_pkg/src/tracking_robot_client.cpp:[m[K In constructor â€˜[01m[KTrackingRobotActionClient::TrackingRobotActionClient(const rclcpp::NodeOptions&)[m[Kâ€™:
[6.648s] [01m[K/workspaces/isaac_ros-dev/src/ros2_ws/src/tracking_robot_pkg/src/tracking_robot_client.cpp:28:5:[m[K [01;31m[Kerror: [m[Kâ€˜[01m[Ksubscription_[m[Kâ€™ was not declared in this scope; did you mean â€˜[01m[Krmw_subscription_t[m[Kâ€™?
[6.648s]    28 |     [01;31m[Ksubscription_[m[K = this->create_subscription<std_msgs::msg::String>(
[6.648s]       |     [01;31m[K^~~~~~~~~~~~~[m[K
[6.648s]       |     [32m[Krmw_subscription_t[m[K
[6.770s] In file included from [01m[K/usr/include/c++/11/pstl/glue_algorithm_defs.h:13[m[K,
[6.771s]                  from [01m[K/usr/include/c++/11/algorithm:74[m[K,
[6.771s]                  from [01m[K/workspaces/isaac_ros-dev/src/ros2_ws/install/custom_interfaces/include/custom_interfaces/custom_interfaces/action/detail/tracking_robot__struct.hpp:8[m[K,
[6.771s]                  from [01m[K/workspaces/isaac_ros-dev/src/ros2_ws/install/custom_interfaces/include/custom_interfaces/custom_interfaces/action/tracking_robot.hpp:7[m[K,
[6.771s]                  from [01m[K/workspaces/isaac_ros-dev/src/ros2_ws/src/tracking_robot_pkg/src/tracking_robot_client.cpp:8[m[K:
[6.771s] /usr/include/c++/11/functional: In instantiation of â€˜[01m[Kstruct std::_Bind_check_arity<void (TrackingRobotActionClient::*)(std::shared_ptr<std_msgs::msg::String_<std::allocator<void> > >), TrackingRobotActionClient*>[m[Kâ€™:
[6.772s] [01m[K/usr/include/c++/11/functional:768:12:[m[K   required from â€˜[01m[Kstruct std::_Bind_helper<false, void (TrackingRobotActionClient::*)(std::shared_ptr<std_msgs::msg::String_<std::allocator<void> > >), TrackingRobotActionClient*>[m[Kâ€™
[6.772s] [01m[K/usr/include/c++/11/functional:789:5:[m[K   required by substitution of â€˜[01m[Ktemplate<class _Func, class ... _BoundArgs> typename std::_Bind_helper<std::__is_socketlike<_Func>::value, _Func, _BoundArgs ...>::type std::bind(_Func&&, _BoundArgs&& ...) [with _Func = void (TrackingRobotActionClient::*)(std::shared_ptr<std_msgs::msg::String_<std::allocator<void> > >); _BoundArgs = {TrackingRobotActionClient*}][m[Kâ€™
[6.772s] [01m[K/workspaces/isaac_ros-dev/src/ros2_ws/src/tracking_robot_pkg/src/tracking_robot_client.cpp:32:16:[m[K   required from here
[6.772s] [01m[K/usr/include/c++/11/functional:756:21:[m[K [01;31m[Kerror: [m[Kstatic assertion failed: Wrong number of arguments for pointer-to-member
[6.772s]   755 |       static_assert(_Varargs::[01;31m[Kvalue[m[K
[6.772s]       |                               [01;31m[K~~~~~[m[K
[6.772s]   756 | [01;31m[K                    ? sizeof...(_BoundArgs) >= _Arity::value + 1[m[K
[6.773s]       |                     [01;31m[K^~~~~~~~~~~~~~~~~~~~~~~~~~~~~~~~~~~~~~~~~~~~[m[K
[6.773s]   757 | [01;31m[K                    : sizeof...(_BoundArgs) == _Arity::value + 1[m[K,
[6.773s]       |                     [01;31m[K~~~~~~~~~~~~~~~~~~~~~~~~~~~~~~~~~~~~~~~~~~~~[m[K
[6.773s] [01m[K/usr/include/c++/11/functional:756:21:[m[K [01;36m[Knote: [m[Kâ€˜[01m[K(false ? (1 >= (((long unsigned int)std::integral_constant<long unsigned int, 1>::value) + 1)) : (1 == (((long unsigned int)std::integral_constant<long unsigned int, 1>::value) + 1)))[m[Kâ€™ evaluates to false
[6.781s] [01m[K/workspaces/isaac_ros-dev/src/ros2_ws/src/tracking_robot_pkg/src/tracking_robot_client.cpp:30:43:[m[K [01;31m[Kerror: [m[Kno matching function for call to â€˜[01m[KTrackingRobotActionClient::create_wall_timer(std::chrono::milliseconds, std::_Bind_helper<false, void (TrackingRobotActionClient::*)(std::shared_ptr<std_msgs::msg::String_<std::allocator<void> > >), TrackingRobotActionClient*>::type)[m[Kâ€™
[6.781s]    30 |     this->timer_ = [01;31m[Kthis->create_wall_timer([m[K
[6.781s]       |                    [01;31m[K~~~~~~~~~~~~~~~~~~~~~~~^[m[K
[6.781s]    31 | [01;31m[K      std::chrono::milliseconds(500),[m[K
[6.781s]       |       [01;31m[K~~~~~~~~~~~~~~~~~~~~~~~~~~~~~~~[m[K      
[6.781s]    32 | [01;31m[K      std::bind(&TrackingRobotActionClient::send_goal, this))[m[K;
[6.781s]       |       [01;31m[K~~~~~~~~~~~~~~~~~~~~~~~~~~~~~~~~~~~~~~~~~~~~~~~~~~~~~~~[m[K
[6.782s] In file included from [01m[K/opt/ros/humble/include/rclcpp/rclcpp/executors/single_threaded_executor.hpp:28[m[K,
[6.782s]                  from [01m[K/opt/ros/humble/include/rclcpp/rclcpp/executors.hpp:22[m[K,
[6.782s]                  from [01m[K/opt/ros/humble/include/rclcpp/rclcpp/rclcpp.hpp:155[m[K,
[6.782s]                  from [01m[K/workspaces/isaac_ros-dev/src/ros2_ws/src/tracking_robot_pkg/src/tracking_robot_client.cpp:9[m[K:
[6.782s] [01m[K/opt/ros/humble/include/rclcpp/rclcpp/node.hpp:238:3:[m[K [01;36m[Knote: [m[Kcandidate: â€˜[01m[Ktemplate<class DurationRepT, class DurationT, class CallbackT> typename rclcpp::WallTimer<CallbackT>::SharedPtr rclcpp::Node::create_wall_timer(std::chrono::duration<_Rep1, _Period1>, CallbackT, rclcpp::CallbackGroup::SharedPtr)[m[Kâ€™
[6.782s]   238 |   [01;36m[Kcreate_wall_timer[m[K(
[6.782s]       |   [01;36m[K^~~~~~~~~~~~~~~~~[m[K
[6.782s] [01m[K/opt/ros/humble/include/rclcpp/rclcpp/node.hpp:238:3:[m[K [01;36m[Knote: [m[K  template argument deduction/substitution failed:
[6.783s] In file included from [01m[K/opt/ros/humble/include/rclcpp/rclcpp/node.hpp:1321[m[K,
[6.783s]                  from [01m[K/opt/ros/humble/include/rclcpp/rclcpp/executors/single_threaded_executor.hpp:28[m[K,
[6.783s]                  from [01m[K/opt/ros/humble/include/rclcpp/rclcpp/executors.hpp:22[m[K,
[6.783s]                  from [01m[K/opt/ros/humble/include/rclcpp/rclcpp/rclcpp.hpp:155[m[K,
[6.783s]                  from [01m[K/workspaces/isaac_ros-dev/src/ros2_ws/src/tracking_robot_pkg/src/tracking_robot_client.cpp:9[m[K:
[6.783s] /opt/ros/humble/include/rclcpp/rclcpp/node_impl.hpp: In substitution of â€˜[01m[Ktemplate<class DurationRepT, class DurationT, class CallbackT> typename rclcpp::WallTimer<CallbackT>::SharedPtr rclcpp::Node::create_wall_timer(std::chrono::duration<_Rep1, _Period1>, CallbackT, rclcpp::CallbackGroup::SharedPtr) [with DurationRepT = long int; DurationT = std::ratio<1, 1000>; CallbackT = std::_Bind<void (TrackingRobotActionClient::*(TrackingRobotActionClient*))(std::shared_ptr<std_msgs::msg::String_<std::allocator<void> > >)>][m[Kâ€™:
[6.783s] [01m[K/workspaces/isaac_ros-dev/src/ros2_ws/src/tracking_robot_pkg/src/tracking_robot_client.cpp:30:43:[m[K   required from here
[6.784s] [01m[K/opt/ros/humble/include/rclcpp/rclcpp/node_impl.hpp:110:1:[m[K [01;31m[Kerror: [m[Kno type named â€˜[01m[Ktype[m[Kâ€™ in â€˜[01m[Kstruct std::enable_if<false, void>[m[Kâ€™
[6.784s]   110 | [01;31m[KNode[m[K::create_wall_timer(
[6.784s]       | [01;31m[K^~~~[m[K
[6.784s] [01m[K/opt/ros/humble/include/rclcpp/rclcpp/node_impl.hpp:110:1:[m[K [01;31m[Kerror: [m[Kno type named â€˜[01m[Ktype[m[Kâ€™ in â€˜[01m[Kstruct std::enable_if<false, void>[m[Kâ€™
[6.784s] [01m[K/opt/ros/humble/include/rclcpp/rclcpp/node_impl.hpp:110:1:[m[K [01;36m[Knote: [m[Kinvalid template non-type parameter
[6.862s] [01m[K/workspaces/isaac_ros-dev/src/ros2_ws/src/tracking_robot_pkg/src/tracking_robot_client.cpp:[m[K In member function â€˜[01m[Kvoid TrackingRobotActionClient::input_callback(std_msgs::msg::String_<std::allocator<void> >::SharedPtr)[m[Kâ€™:
[6.863s] [01m[K/workspaces/isaac_ros-dev/src/ros2_ws/src/tracking_robot_pkg/src/tracking_robot_client.cpp:78:36:[m[K [01;31m[Kerror: [m[Kcannot convert â€˜[01m[Kconst char*[m[Kâ€™ to â€˜[01m[Kstd_msgs::msg::String_<std::allocator<void> >::SharedPtr[m[Kâ€™ {aka â€˜[01m[Kstd::shared_ptr<std_msgs::msg::String_<std::allocator<void> > >[m[Kâ€™}
[6.863s]    78 |     this->send_goal([01;31m[Kmsg->data.c_str()[m[K);
[6.863s]       |                     [01;31m[K~~~~~~~~~~~~~~~^~[m[K
[6.863s]       |                                    [01;31m[K|[m[K
[6.863s]       |                                    [01;31m[Kconst char*[m[K
[6.864s] [01m[K/workspaces/isaac_ros-dev/src/ros2_ws/src/tracking_robot_pkg/src/tracking_robot_client.cpp:40:57:[m[K [01;36m[Knote: [m[K  initializing argument 1 of â€˜[01m[Kvoid TrackingRobotActionClient::send_goal(std_msgs::msg::String_<std::allocator<void> >::SharedPtr)[m[Kâ€™
[6.864s]    40 |   void send_goal([01;36m[Kconst std_msgs::msg::String::SharedPtr msg[m[K)
[6.864s]       |                  [01;36m[K~~~~~~~~~~~~~~~~~~~~~~~~~~~~~~~~~~~~~~~^~~[m[K
[6.901s] [01m[K/workspaces/isaac_ros-dev/src/ros2_ws/src/tracking_robot_pkg/src/tracking_robot_client.cpp:[m[K In constructor â€˜[01m[KInputMonitorNode::InputMonitorNode()[m[Kâ€™:
[6.901s] [01m[K/workspaces/isaac_ros-dev/src/ros2_ws/src/tracking_robot_pkg/src/tracking_robot_client.cpp:127:5:[m[K [01;31m[Kerror: [m[Kâ€˜[01m[Kpublisher_[m[Kâ€™ was not declared in this scope; did you mean â€˜[01m[Krmw_publisher_t[m[Kâ€™?
[6.902s]   127 |     [01;31m[Kpublisher_[m[K = this->create_publisher<std_msgs::msg::String>("object", 10);
[6.902s]       |     [01;31m[K^~~~~~~~~~[m[K
[6.902s]       |     [32m[Krmw_publisher_t[m[K
[6.930s] [01m[K/workspaces/isaac_ros-dev/src/ros2_ws/src/tracking_robot_pkg/src/tracking_robot_client.cpp:[m[K In member function â€˜[01m[Kvoid InputMonitorNode::readInput()[m[Kâ€™:
[6.931s] [01m[K/workspaces/isaac_ros-dev/src/ros2_ws/src/tracking_robot_pkg/src/tracking_robot_client.cpp:149:9:[m[K [01;31m[Kerror: [m[Kâ€˜[01m[Kpublisher_[m[Kâ€™ was not declared in this scope; did you mean â€˜[01m[Krmw_publisher_t[m[Kâ€™?
[6.931s]   149 |         [01;31m[Kpublisher_[m[K->publish(input.c_str());
[6.931s]       |         [01;31m[K^~~~~~~~~~[m[K
[6.931s]       |         [32m[Krmw_publisher_t[m[K
[13.953s] gmake[2]: *** [CMakeFiles/tracking_robot_client.dir/build.make:76: CMakeFiles/tracking_robot_client.dir/src/tracking_robot_client.cpp.o] Error 1
[13.954s] gmake[1]: *** [CMakeFiles/Makefile2:137: CMakeFiles/tracking_robot_client.dir/all] Error 2
[13.954s] gmake: *** [Makefile:146: all] Error 2
[13.958s] Invoked command in '/workspaces/isaac_ros-dev/src/ros2_ws/build/tracking_robot_pkg' returned '2': AMENT_PREFIX_PATH=/workspaces/isaac_ros-dev/src/ros2_ws/install/custom_interfaces:${AMENT_PREFIX_PATH} CMAKE_PREFIX_PATH=/workspaces/isaac_ros-dev/src/ros2_ws/install/custom_interfaces:/usr/local/libcudss-linux-0.3.0.9_cuda12-archive:/opt/ros/humble LD_LIBRARY_PATH=/workspaces/isaac_ros-dev/src/ros2_ws/install/custom_interfaces/lib:${LD_LIBRARY_PATH} PYTHONPATH=/workspaces/isaac_ros-dev/src/ros2_ws/install/custom_interfaces/local/lib/python3.10/dist-packages:${PYTHONPATH} /usr/bin/cmake --build /workspaces/isaac_ros-dev/src/ros2_ws/build/tracking_robot_pkg -- -j6 -l6
