[0.035s] Invoking command in '/workspaces/isaac_ros-dev/src/ros2_ws/build/tracking_robot_pkg': CMAKE_PREFIX_PATH=/workspaces/isaac_ros-dev/src/ros2_ws/install/custom_interfaces:/workspaces/isaac_ros-dev/src/ros2_ws/install/tracking_robot_pkg:/usr/local/libcudss-linux-0.3.0.9_cuda12-archive:/opt/ros/humble /usr/bin/cmake --build /workspaces/isaac_ros-dev/src/ros2_ws/build/tracking_robot_pkg -- -j6 -l6
[0.196s] [35m[1mConsolidate compiler generated dependencies of target tracking_robot_server[0m
[0.239s] [ 50%] Built target tracking_robot_client
[0.258s] [ 75%] [32mBuilding CXX object CMakeFiles/tracking_robot_server.dir/src/tracking_robot_server.cpp.o[0m
[8.019s] [01m[K/workspaces/isaac_ros-dev/src/ros2_ws/src/tracking_robot_pkg/src/tracking_robot_server.cpp:175:26:[m[K [01;31m[Kerror: [m[Kâ€˜[01m[Ksensor_msgs[m[Kâ€™ was not declared in this scope
[8.020s]   175 |     rclcpp::Subscription<[01;31m[Ksensor_msgs[m[K::msg::Image>::SharedPtr subscription2_;
[8.020s]       |                          [01;31m[K^~~~~~~~~~~[m[K
[8.020s] [01m[K/workspaces/isaac_ros-dev/src/ros2_ws/src/tracking_robot_pkg/src/tracking_robot_server.cpp:175:49:[m[K [01;31m[Kerror: [m[Ktemplate argument 1 is invalid
[8.020s]   175 |     rclcpp::Subscription<sensor_msgs::msg::Image[01;31m[K>[m[K::SharedPtr subscription2_;
[8.020s]       |                                                 [01;31m[K^[m[K
[8.020s] [01m[K/workspaces/isaac_ros-dev/src/ros2_ws/src/tracking_robot_pkg/src/tracking_robot_server.cpp:175:49:[m[K [01;31m[Kerror: [m[Ktemplate argument 3 is invalid
[8.021s] [01m[K/workspaces/isaac_ros-dev/src/ros2_ws/src/tracking_robot_pkg/src/tracking_robot_server.cpp:175:49:[m[K [01;31m[Kerror: [m[Ktemplate argument 4 is invalid
[8.021s] [01m[K/workspaces/isaac_ros-dev/src/ros2_ws/src/tracking_robot_pkg/src/tracking_robot_server.cpp:175:49:[m[K [01;31m[Kerror: [m[Ktemplate argument 5 is invalid
[8.021s] [01m[K/workspaces/isaac_ros-dev/src/ros2_ws/src/tracking_robot_pkg/src/tracking_robot_server.cpp:175:52:[m[K [01;31m[Kerror: [m[Kexpected â€˜[01m[K;[m[Kâ€™ at end of member declaration
[8.021s]   175 |     rclcpp::Subscription<sensor_msgs::msg::Image>::[01;31m[KSharedPtr[m[K subscription2_;
[8.021s]       |                                                    [01;31m[K^~~~~~~~~[m[K
[8.021s]       |                                                             [32m[K;[m[K
[8.026s] [01m[K/workspaces/isaac_ros-dev/src/ros2_ws/src/tracking_robot_pkg/src/tracking_robot_server.cpp:175:62:[m[K [01;31m[Kerror: [m[Kâ€˜[01m[Ksubscription2_[m[Kâ€™ does not name a type; did you mean â€˜[01m[Krmw_subscriptions_t[m[Kâ€™?
[8.026s]   175 |     rclcpp::Subscription<sensor_msgs::msg::Image>::SharedPtr [01;31m[Ksubscription2_[m[K;
[8.027s]       |                                                              [01;31m[K^~~~~~~~~~~~~~[m[K
[8.027s]       |                                                              [32m[Krmw_subscriptions_t[m[K
[8.031s] [01m[K/workspaces/isaac_ros-dev/src/ros2_ws/src/tracking_robot_pkg/src/tracking_robot_server.cpp:312:30:[m[K [01;31m[Kerror: [m[Kâ€˜[01m[Ksensor_msgs[m[Kâ€™ does not name a type
[8.031s]   312 |     void depthCallback(const [01;31m[Ksensor_msgs[m[K::msg::Image::SharedPtr msg) {
[8.032s]       |                              [01;31m[K^~~~~~~~~~~[m[K
[8.032s] [01m[K/workspaces/isaac_ros-dev/src/ros2_ws/src/tracking_robot_pkg/src/tracking_robot_server.cpp:312:46:[m[K [01;31m[Kerror: [m[Kexpected unqualified-id before â€˜[01m[K::[m[Kâ€™ token
[8.032s]   312 |     void depthCallback(const sensor_msgs::msg[01;31m[K::[m[KImage::SharedPtr msg) {
[8.033s]       |                                              [01;31m[K^~[m[K
[8.033s] [01m[K/workspaces/isaac_ros-dev/src/ros2_ws/src/tracking_robot_pkg/src/tracking_robot_server.cpp:312:46:[m[K [01;31m[Kerror: [m[Kexpected â€˜[01m[K)[m[Kâ€™ before â€˜[01m[K::[m[Kâ€™ token
[8.033s]   312 |     void depthCallback[34m[K([m[Kconst sensor_msgs::msg[01;31m[K:[m[K[32m[K:[m[KImage::SharedPtr msg) {
[8.033s]       |                       [34m[K~[m[K                      [01;31m[K^[m[K[32m[K~[m[K
[8.033s]       |                                              [32m[K)[m[K
[8.033s] [01m[K/workspaces/isaac_ros-dev/src/ros2_ws/src/tracking_robot_pkg/src/tracking_robot_server.cpp:312:43:[m[K [01;31m[Kerror: [m[Kexpected â€˜[01m[K;[m[Kâ€™ at end of member declaration
[8.034s]   312 |     void depthCallback(const sensor_msgs::[01;31m[Kmsg[m[K::Image::SharedPtr msg) {
[8.034s]       |                                           [01;31m[K^~~[m[K
[8.034s]       |                                              [32m[K;[m[K
[8.039s] [01m[K/workspaces/isaac_ros-dev/src/ros2_ws/src/tracking_robot_pkg/src/tracking_robot_server.cpp:312:48:[m[K [01;31m[Kerror: [m[Kâ€˜[01m[KImage[m[Kâ€™ in namespace â€˜[01m[K::[m[Kâ€™ does not name a type
[8.039s]   312 |     void depthCallback(const sensor_msgs::msg::[01;31m[KImage[m[K::SharedPtr msg) {
[8.039s]       |                                                [01;31m[K^~~~~[m[K
[8.154s] [01m[K/workspaces/isaac_ros-dev/src/ros2_ws/src/tracking_robot_pkg/src/tracking_robot_server.cpp:[m[K In constructor â€˜[01m[KTrackingRobotActionServer::TrackingRobotActionServer(const rclcpp::NodeOptions&)[m[Kâ€™:
[8.155s] [01m[K/workspaces/isaac_ros-dev/src/ros2_ws/src/tracking_robot_pkg/src/tracking_robot_server.cpp:155:9:[m[K [01;31m[Kerror: [m[Kâ€˜[01m[Ksubscription2_[m[Kâ€™ was not declared in this scope; did you mean â€˜[01m[Ksubscription_[m[Kâ€™?
[8.155s]   155 |         [01;31m[Ksubscription2_[m[K = this->create_subscription<sensor_msgs::msg::Image>(
[8.155s]       |         [01;31m[K^~~~~~~~~~~~~~[m[K
[8.155s]       |         [32m[Ksubscription_[m[K
[8.178s] [01m[K/workspaces/isaac_ros-dev/src/ros2_ws/src/tracking_robot_pkg/src/tracking_robot_server.cpp:155:52:[m[K [01;31m[Kerror: [m[Kâ€˜[01m[Ksensor_msgs[m[Kâ€™ was not declared in this scope
[8.179s]   155 |         subscription2_ = this->create_subscription<[01;31m[Ksensor_msgs[m[K::msg::Image>(
[8.179s]       |                                                    [01;31m[K^~~~~~~~~~~[m[K
[8.179s] [01m[K/workspaces/isaac_ros-dev/src/ros2_ws/src/tracking_robot_pkg/src/tracking_robot_server.cpp:155:32:[m[K [01;31m[Kerror: [m[Kparse error in template argument list
[8.179s]   155 |         subscription2_ = this->[01;31m[Kcreate_subscription<sensor_msgs::msg::Image>[m[K(
[8.179s]       |                                [01;31m[K^~~~~~~~~~~~~~~~~~~~~~~~~~~~~~~~~~~~~~~~~~~~[m[K
[8.183s] [01m[K/workspaces/isaac_ros-dev/src/ros2_ws/src/tracking_robot_pkg/src/tracking_robot_server.cpp:155:76:[m[K [01;31m[Kerror: [m[Kno matching function for call to â€˜[01m[KTrackingRobotActionServer::create_subscription<<expression error> >(const char [22], int, std::_Bind_helper<false, void (TrackingRobotActionServer::*)(...), TrackingRobotActionServer*, const std::_Placeholder<1>&>::type)[m[Kâ€™
[8.184s]   155 |         subscription2_ = [01;31m[Kthis->create_subscription<sensor_msgs::msg::Image>([m[K
[8.184s]       |                          [01;31m[K~~~~~~~~~~~~~~~~~~~~~~~~~~~~~~~~~~~~~~~~~~~~~~~~~~^[m[K
[8.184s]   156 | [01;31m[K            "/depth/image_rect_raw", 10, std::bind(&TrackingRobotActionServer::depthCallback, this, _1))[m[K;
[8.184s]       |             [01;31m[K~~~~~~~~~~~~~~~~~~~~~~~~~~~~~~~~~~~~~~~~~~~~~~~~~~~~~~~~~~~~~~~~~~~~~~~~~~~~~~~~~~~~~~~~~~~~[m[K
[8.185s] In file included from [01m[K/opt/ros/humble/include/rclcpp/rclcpp/node.hpp:1321[m[K,
[8.185s]                  from [01m[K/opt/ros/humble/include/rclcpp/rclcpp/executors/single_threaded_executor.hpp:28[m[K,
[8.185s]                  from [01m[K/opt/ros/humble/include/rclcpp/rclcpp/executors.hpp:22[m[K,
[8.185s]                  from [01m[K/opt/ros/humble/include/rclcpp/rclcpp/rclcpp.hpp:155[m[K,
[8.186s]                  from [01m[K/workspaces/isaac_ros-dev/src/ros2_ws/src/tracking_robot_pkg/src/tracking_robot_server.cpp:4[m[K:
[8.187s] [01m[K/opt/ros/humble/include/rclcpp/rclcpp/node_impl.hpp:92:1:[m[K [01;36m[Knote: [m[Kcandidate: â€˜[01m[Ktemplate<class MessageT, class CallbackT, class AllocatorT, class SubscriptionT, class MessageMemoryStrategyT> std::shared_ptr<ROSMessageT> rclcpp::Node::create_subscription(const string&, const rclcpp::QoS&, CallbackT&&, const rclcpp::SubscriptionOptionsWithAllocator<AllocatorT>&, typename MessageMemoryStrategyT::SharedPtr)[m[Kâ€™
[8.187s]    92 | [01;36m[KNode[m[K::create_subscription(
[8.187s]       | [01;36m[K^~~~[m[K
[8.187s] [01m[K/opt/ros/humble/include/rclcpp/rclcpp/node_impl.hpp:92:1:[m[K [01;36m[Knote: [m[K  template argument deduction/substitution failed:
[8.188s] [01m[K/workspaces/isaac_ros-dev/src/ros2_ws/src/tracking_robot_pkg/src/tracking_robot_server.cpp:155:76:[m[K [01;31m[Kerror: [m[Ktemplate argument 1 is invalid
[8.188s]   155 |         subscription2_ = [01;31m[Kthis->create_subscription<sensor_msgs::msg::Image>([m[K
[8.188s]       |                          [01;31m[K~~~~~~~~~~~~~~~~~~~~~~~~~~~~~~~~~~~~~~~~~~~~~~~~~~^[m[K
[8.189s]   156 | [01;31m[K            "/depth/image_rect_raw", 10, std::bind(&TrackingRobotActionServer::depthCallback, this, _1))[m[K;
[8.189s]       |             [01;31m[K~~~~~~~~~~~~~~~~~~~~~~~~~~~~~~~~~~~~~~~~~~~~~~~~~~~~~~~~~~~~~~~~~~~~~~~~~~~~~~~~~~~~~~~~~~~~[m[K
[15.866s] gmake[2]: *** [CMakeFiles/tracking_robot_server.dir/build.make:76: CMakeFiles/tracking_robot_server.dir/src/tracking_robot_server.cpp.o] Error 1
[15.867s] gmake[1]: *** [CMakeFiles/Makefile2:165: CMakeFiles/tracking_robot_server.dir/all] Error 2
[15.867s] gmake: *** [Makefile:146: all] Error 2
[15.899s] Invoked command in '/workspaces/isaac_ros-dev/src/ros2_ws/build/tracking_robot_pkg' returned '2': CMAKE_PREFIX_PATH=/workspaces/isaac_ros-dev/src/ros2_ws/install/custom_interfaces:/workspaces/isaac_ros-dev/src/ros2_ws/install/tracking_robot_pkg:/usr/local/libcudss-linux-0.3.0.9_cuda12-archive:/opt/ros/humble /usr/bin/cmake --build /workspaces/isaac_ros-dev/src/ros2_ws/build/tracking_robot_pkg -- -j6 -l6
