[0.006s] Invoking command in '/home/sebastian/ros2_ws/build/topic_publisher_pkg': CMAKE_PREFIX_PATH=/opt/ros/humble /usr/bin/cmake --build /home/sebastian/ros2_ws/build/topic_publisher_pkg -- -j20 -l20
[0.054s] -- Found ament_cmake: 1.3.11 (/opt/ros/humble/share/ament_cmake/cmake)
[0.167s] -- Found rclcpp: 16.0.11 (/opt/ros/humble/share/rclcpp/cmake)
[0.187s] -- Found rosidl_generator_c: 3.1.6 (/opt/ros/humble/share/rosidl_generator_c/cmake)
[0.189s] -- Found rosidl_adapter: 3.1.6 (/opt/ros/humble/share/rosidl_adapter/cmake)
[0.193s] -- Found rosidl_generator_cpp: 3.1.6 (/opt/ros/humble/share/rosidl_generator_cpp/cmake)
[0.200s] -- Using all available rosidl_typesupport_c: rosidl_typesupport_fastrtps_c;rosidl_typesupport_introspection_c
[0.213s] -- Using all available rosidl_typesupport_cpp: rosidl_typesupport_fastrtps_cpp;rosidl_typesupport_introspection_cpp
[0.246s] -- Found rmw_implementation_cmake: 6.1.2 (/opt/ros/humble/share/rmw_implementation_cmake/cmake)
[0.247s] -- Found rmw_fastrtps_cpp: 6.2.7 (/opt/ros/humble/share/rmw_fastrtps_cpp/cmake)
[0.324s] -- Using RMW implementation 'rmw_fastrtps_cpp' as default
[0.361s] -- Found geometry_msgs: 4.2.4 (/opt/ros/humble/share/geometry_msgs/cmake)
[0.369s] -- Found ament_lint_auto: 0.12.11 (/opt/ros/humble/share/ament_lint_auto/cmake)
[0.412s] -- Added test 'cppcheck' to perform static code analysis on C / C++ code
[0.412s] -- Configured cppcheck include dirs: 
[0.412s] -- Configured cppcheck exclude dirs and/or files: 
[0.412s] -- Added test 'flake8' to check Python code syntax and style conventions
[0.412s] -- Added test 'lint_cmake' to check CMake code style
[0.412s] -- Added test 'pep257' to check Python code against some of the docstring style conventions in PEP 257
[0.413s] -- Added test 'uncrustify' to check C / C++ code style
[0.413s] -- Configured uncrustify additional arguments: 
[0.413s] -- Added test 'xmllint' to check XML markup files
[0.414s] -- Configuring done
[0.424s] -- Generating done
[0.428s] -- Build files have been written to: /home/sebastian/ros2_ws/build/topic_publisher_pkg
[0.444s] [35m[1mConsolidate compiler generated dependencies of target move_robot[0m
[0.445s] [35m[1mConsolidate compiler generated dependencies of target simple_publisher_node[0m
[0.449s] [ 12%] [32mBuilding CXX object CMakeFiles/simple_publisher.dir/src/simple_publisher.cpp.o[0m
[0.451s] [ 25%] [32mBuilding CXX object CMakeFiles/simple_subscriber.dir/src/simple_subscriber.cpp.o[0m
[0.463s] [ 50%] Built target move_robot
[0.464s] [ 75%] Built target simple_publisher_node
[1.631s] [01m[K/home/sebastian/ros2_ws/src/topic_publisher_pkg/src/simple_publisher.cpp:27:11:[m[K [01;31m[Kerror: [m[Kâ€˜[01m[KPublihser[m[Kâ€™ in namespace â€˜[01m[Krclcpp[m[Kâ€™ does not name a template type; did you mean â€˜[01m[KPublisher[m[Kâ€™?
[1.631s]    27 |   rclcpp::[01;31m[KPublihser[m[K<std_msgs::msg::Int32>::SharedPtr publisher_;
[1.631s]       |           [01;31m[K^~~~~~~~~[m[K
[1.631s]       |           [32m[KPublisher[m[K
[1.631s] [01m[K/home/sebastian/ros2_ws/src/topic_publisher_pkg/src/simple_subscriber.cpp:9:3:[m[K [01;31m[Kerror: [m[KISO C++ forbids declaration of â€˜[01m[KSimpleSubscriber[m[Kâ€™ with no type [[01;31m[K]8;;https://gcc.gnu.org/onlinedocs/gcc/Warning-Options.html#index-fpermissive-fpermissive]8;;[m[K]
[1.631s]     9 |   [01;31m[KSimpleSubscriber[m[K()
[1.631s]       |   [01;31m[K^~~~~~~~~~~~~~~~[m[K
[1.635s] [01m[K/home/sebastian/ros2_ws/src/topic_publisher_pkg/src/simple_publisher.cpp:[m[K In constructor â€˜[01m[KSimplePublisher::SimplePublisher()[m[Kâ€™:
[1.635s] [01m[K/home/sebastian/ros2_ws/src/topic_publisher_pkg/src/simple_publisher.cpp:13:5:[m[K [01;31m[Kerror: [m[Kâ€˜[01m[Kpublisher_[m[Kâ€™ was not declared in this scope; did you mean â€˜[01m[Krmw_publisher_t[m[Kâ€™?
[1.635s]    13 |     [01;31m[Kpublisher_[m[K = this->create_publisher<std_msgs::msg::Int32>("counter", 10);
[1.636s]       |     [01;31m[K^~~~~~~~~~[m[K
[1.636s]       |     [32m[Krmw_publisher_t[m[K
[1.647s] [01m[K/home/sebastian/ros2_ws/src/topic_publisher_pkg/src/simple_publisher.cpp:[m[K In member function â€˜[01m[Kvoid SimplePublisher::timer_callback()[m[Kâ€™:
[1.647s] [01m[K/home/sebastian/ros2_ws/src/topic_publisher_pkg/src/simple_publisher.cpp:24:4:[m[K [01;31m[Kerror: [m[Kâ€˜[01m[Kpublisher_[m[Kâ€™ was not declared in this scope; did you mean â€˜[01m[Krmw_publisher_t[m[Kâ€™?
[1.647s]    24 |    [01;31m[Kpublisher_[m[K->publish(message);
[1.647s]       |    [01;31m[K^~~~~~~~~~[m[K
[1.647s]       |    [32m[Krmw_publisher_t[m[K
[1.651s] [01m[K/home/sebastian/ros2_ws/src/topic_publisher_pkg/src/simple_subscriber.cpp:[m[K In member function â€˜[01m[Kint SimplePublisher::SimpleSubscriber()[m[Kâ€™:
[1.651s] [01m[K/home/sebastian/ros2_ws/src/topic_publisher_pkg/src/simple_subscriber.cpp:10:5:[m[K [01;31m[Kerror: [m[Konly constructors take member initializers
[1.651s]    10 |   : [01;31m[KNode[m[K("simple_subscriber")
[1.651s]       |     [01;31m[K^~~~[m[K
[1.651s] [01m[K/home/sebastian/ros2_ws/src/topic_publisher_pkg/src/simple_subscriber.cpp:13:32:[m[K [01;31m[Kerror: [m[Kâ€˜[01m[KSimpleSubscriber[m[Kâ€™ is not a class, namespace, or enumeration
[1.652s]    13 |      "counter", 10, std::bind(&[01;31m[KSimpleSubscriber[m[K::topic_callback, this, _1));
[1.652s]       |                                [01;31m[K^~~~~~~~~~~~~~~~[m[K
[1.652s] [01m[K/home/sebastian/ros2_ws/src/topic_publisher_pkg/src/simple_subscriber.cpp:14:3:[m[K [01;35m[Kwarning: [m[Kno return statement in function returning non-void [[01;35m[K]8;;https://gcc.gnu.org/onlinedocs/gcc/Warning-Options.html#index-Wreturn-type-Wreturn-type]8;;[m[K]
[1.652s]    14 |   [01;35m[K}[m[K
[1.652s]       |   [01;35m[K^[m[K
[1.656s] [01m[K/home/sebastian/ros2_ws/src/topic_publisher_pkg/src/simple_subscriber.cpp:[m[K In function â€˜[01m[Kint main(int, char**)[m[Kâ€™:
[1.656s] [01m[K/home/sebastian/ros2_ws/src/topic_publisher_pkg/src/simple_subscriber.cpp:27:33:[m[K [01;31m[Kerror: [m[Kâ€˜[01m[KSimpleSubscriber[m[Kâ€™ was not declared in this scope
[1.656s]    27 |   rclcpp::spin(std::make_shared<[01;31m[KSimpleSubscriber[m[K>());
[1.656s]       |                                 [01;31m[K^~~~~~~~~~~~~~~~[m[K
[1.656s] [01m[K/home/sebastian/ros2_ws/src/topic_publisher_pkg/src/simple_subscriber.cpp:27:50:[m[K [01;31m[Kerror: [m[Kno matching function for call to â€˜[01m[Kmake_shared<<expression error> >()[m[Kâ€™
[1.656s]    27 |   rclcpp::spin([01;31m[Kstd::make_shared<SimpleSubscriber>()[m[K);
[1.656s]       |                [01;31m[K~~~~~~~~~~~~~~~~~~~~~~~~~~~~~~~~~~^~[m[K
[1.656s] In file included from [01m[K/usr/include/c++/11/memory:77[m[K,
[1.656s]                  from [01m[K/opt/ros/humble/include/rclcpp/rclcpp/rclcpp.hpp:153[m[K,
[1.656s]                  from [01m[K/home/sebastian/ros2_ws/src/topic_publisher_pkg/src/simple_subscriber.cpp:1[m[K:
[1.656s] [01m[K/usr/include/c++/11/bits/shared_ptr.h:875:5:[m[K [01;36m[Knote: [m[Kcandidate: â€˜[01m[Ktemplate<class _Tp, class ... _Args> std::shared_ptr<_Tp> std::make_shared(_Args&& ...)[m[Kâ€™
[1.656s]   875 |     [01;36m[Kmake_shared[m[K(_Args&&... __args)
[1.656s]       |     [01;36m[K^~~~~~~~~~~[m[K
[1.656s] [01m[K/usr/include/c++/11/bits/shared_ptr.h:875:5:[m[K [01;36m[Knote: [m[K  template argument deduction/substitution failed:
[1.656s] [01m[K/home/sebastian/ros2_ws/src/topic_publisher_pkg/src/simple_subscriber.cpp:27:50:[m[K [01;31m[Kerror: [m[Ktemplate argument 1 is invalid
[1.657s]    27 |   rclcpp::spin([01;31m[Kstd::make_shared<SimpleSubscriber>()[m[K);
[1.657s]       |                [01;31m[K~~~~~~~~~~~~~~~~~~~~~~~~~~~~~~~~~~^~[m[K
[1.865s] gmake[2]: *** [CMakeFiles/simple_subscriber.dir/build.make:76: CMakeFiles/simple_subscriber.dir/src/simple_subscriber.cpp.o] Error 1
[1.865s] gmake[1]: *** [CMakeFiles/Makefile2:221: CMakeFiles/simple_subscriber.dir/all] Error 2
[1.865s] gmake[1]: *** Waiting for unfinished jobs....
[1.982s] gmake[2]: *** [CMakeFiles/simple_publisher.dir/build.make:76: CMakeFiles/simple_publisher.dir/src/simple_publisher.cpp.o] Error 1
[1.982s] gmake[1]: *** [CMakeFiles/Makefile2:195: CMakeFiles/simple_publisher.dir/all] Error 2
[1.982s] gmake: *** [Makefile:146: all] Error 2
[1.983s] Invoked command in '/home/sebastian/ros2_ws/build/topic_publisher_pkg' returned '2': CMAKE_PREFIX_PATH=/opt/ros/humble /usr/bin/cmake --build /home/sebastian/ros2_ws/build/topic_publisher_pkg -- -j20 -l20
