[0.029s] Invoking command in '/workspaces/isaac_ros-dev/src/ros2_ws/build/tracking_robot_pkg': AMENT_PREFIX_PATH=/workspaces/isaac_ros-dev/src/ros2_ws/install/custom_interfaces:${AMENT_PREFIX_PATH} CMAKE_PREFIX_PATH=/workspaces/isaac_ros-dev/src/ros2_ws/install/custom_interfaces:/usr/local/libcudss-linux-0.3.0.9_cuda12-archive:/opt/ros/humble LD_LIBRARY_PATH=/workspaces/isaac_ros-dev/src/ros2_ws/install/custom_interfaces/lib:${LD_LIBRARY_PATH} PYTHONPATH=/workspaces/isaac_ros-dev/src/ros2_ws/install/custom_interfaces/local/lib/python3.10/dist-packages:${PYTHONPATH} /usr/bin/cmake --build /workspaces/isaac_ros-dev/src/ros2_ws/build/tracking_robot_pkg -- -j6 -l6
[0.125s] [35m[1mConsolidate compiler generated dependencies of target tracking_robot_server[0m
[0.159s] [ 50%] Built target tracking_robot_client
[0.170s] [ 75%] [32mBuilding CXX object CMakeFiles/tracking_robot_server.dir/src/tracking_robot_server.cpp.o[0m
[0.830s] [01m[K/workspaces/isaac_ros-dev/src/ros2_ws/src/tracking_robot_pkg/src/tracking_robot_server.cpp:278:13:[m[K [01;31m[Kerror: [m[Kinvalid preprocessing directive #bbox_center_x
[0.830s]   278 | #           [01;31m[Kbbox_center_x[m[K = detection_p->detections[i].bbox.center.position.x;
[0.831s]       |             [01;31m[K^~~~~~~~~~~~~[m[K
[0.831s] [01m[K/workspaces/isaac_ros-dev/src/ros2_ws/src/tracking_robot_pkg/src/tracking_robot_server.cpp:279:13:[m[K [01;31m[Kerror: [m[Kinvalid preprocessing directive #bbox_center_y
[0.831s]   279 | #           [01;31m[Kbbox_center_y[m[K = detection_p->detections[i].bbox.center.position.y;
[0.831s]       |             [01;31m[K^~~~~~~~~~~~~[m[K
[0.832s] [01m[K/workspaces/isaac_ros-dev/src/ros2_ws/src/tracking_robot_pkg/src/tracking_robot_server.cpp:280:13:[m[K [01;31m[Kerror: [m[Kinvalid preprocessing directive #double
[0.832s]   280 | #           [01;31m[Kdouble[m[K bbox_width = detection_p->detections[i].bbox.size_x;
[0.832s]       |             [01;31m[K^~~~~~[m[K
[0.832s] [01m[K/workspaces/isaac_ros-dev/src/ros2_ws/src/tracking_robot_pkg/src/tracking_robot_server.cpp:281:13:[m[K [01;31m[Kerror: [m[Kinvalid preprocessing directive #double
[0.832s]   281 | #           [01;31m[Kdouble[m[K bbox_height = detection_p->detections[i].bbox.size_y;
[0.833s]       |             [01;31m[K^~~~~~[m[K
[0.833s] [01m[K/workspaces/isaac_ros-dev/src/ros2_ws/src/tracking_robot_pkg/src/tracking_robot_server.cpp:282:13:[m[K [01;31m[Kerror: [m[Kinvalid preprocessing directive #cout
[0.833s]   282 | #           [01;31m[Kcout[m[K << "Detected Object, id = " << id << ", score = ";
[0.833s]       |             [01;31m[K^~~~[m[K
[0.834s] [01m[K/workspaces/isaac_ros-dev/src/ros2_ws/src/tracking_robot_pkg/src/tracking_robot_server.cpp:283:13:[m[K [01;31m[Kerror: [m[Kinvalid preprocessing directive #printf
[0.834s]   283 | #           [01;31m[Kprintf[m[K("%4.2f", score);
[0.834s]       |             [01;31m[K^~~~~~[m[K
[0.834s] [01m[K/workspaces/isaac_ros-dev/src/ros2_ws/src/tracking_robot_pkg/src/tracking_robot_server.cpp:284:13:[m[K [01;31m[Kerror: [m[Kinvalid preprocessing directive #cout
[0.834s]   284 | #           [01;31m[Kcout[m[K << ", bbox("
[0.835s]       |             [01;31m[K^~~~[m[K
[6.511s] [01m[K/workspaces/isaac_ros-dev/src/ros2_ws/src/tracking_robot_pkg/src/tracking_robot_server.cpp:[m[K In member function â€˜[01m[Kvoid TrackingRobotActionServer::realsense_callback(vision_msgs::msg::Detection2DArray_<std::allocator<void> >::SharedPtr)[m[Kâ€™:
[6.512s] [01m[K/workspaces/isaac_ros-dev/src/ros2_ws/src/tracking_robot_pkg/src/tracking_robot_server.cpp:285:18:[m[K [01;31m[Kerror: [m[Kexpected primary-expression before â€˜[01m[K<<[m[Kâ€™ token
[6.512s]   285 |                  [01;31m[K<<[m[K bbox_center_x << "," << bbox_center_y << "), bbox size: w = "
[6.512s]       |                  [01;31m[K^~[m[K
[6.530s] [01m[K/workspaces/isaac_ros-dev/src/ros2_ws/src/tracking_robot_pkg/src/tracking_robot_server.cpp:286:21:[m[K [01;31m[Kerror: [m[Kâ€˜[01m[Kbbox_width[m[Kâ€™ was not declared in this scope
[6.530s]   286 |                  << [01;31m[Kbbox_width[m[K << ", h = " << bbox_height << endl;
[6.530s]       |                     [01;31m[K^~~~~~~~~~[m[K
[6.548s] [01m[K/workspaces/isaac_ros-dev/src/ros2_ws/src/tracking_robot_pkg/src/tracking_robot_server.cpp:286:47:[m[K [01;31m[Kerror: [m[Kâ€˜[01m[Kbbox_height[m[Kâ€™ was not declared in this scope
[6.549s]   286 |                  << bbox_width << ", h = " << [01;31m[Kbbox_height[m[K << endl;
[6.549s]       |                                               [01;31m[K^~~~~~~~~~~[m[K
[13.211s] gmake[2]: *** [CMakeFiles/tracking_robot_server.dir/build.make:76: CMakeFiles/tracking_robot_server.dir/src/tracking_robot_server.cpp.o] Error 1
[13.211s] gmake[1]: *** [CMakeFiles/Makefile2:165: CMakeFiles/tracking_robot_server.dir/all] Error 2
[13.212s] gmake: *** [Makefile:146: all] Error 2
[13.219s] Invoked command in '/workspaces/isaac_ros-dev/src/ros2_ws/build/tracking_robot_pkg' returned '2': AMENT_PREFIX_PATH=/workspaces/isaac_ros-dev/src/ros2_ws/install/custom_interfaces:${AMENT_PREFIX_PATH} CMAKE_PREFIX_PATH=/workspaces/isaac_ros-dev/src/ros2_ws/install/custom_interfaces:/usr/local/libcudss-linux-0.3.0.9_cuda12-archive:/opt/ros/humble LD_LIBRARY_PATH=/workspaces/isaac_ros-dev/src/ros2_ws/install/custom_interfaces/lib:${LD_LIBRARY_PATH} PYTHONPATH=/workspaces/isaac_ros-dev/src/ros2_ws/install/custom_interfaces/local/lib/python3.10/dist-packages:${PYTHONPATH} /usr/bin/cmake --build /workspaces/isaac_ros-dev/src/ros2_ws/build/tracking_robot_pkg -- -j6 -l6
